{"/Users/tosinpeter/ExpoProjects/gloord-app/routine-app/src/features/auth/components/OtpCodeField.tsx": {"path":"/Users/tosinpeter/ExpoProjects/gloord-app/routine-app/src/features/auth/components/OtpCodeField.tsx","statementMap":{"0":{"start":{"line":14,"column":27},"end":{"line":14,"column":28}},"1":{"start":{"line":15,"column":21},"end":{"line":18,"column":2}},"2":{"start":{"line":31,"column":25},"end":{"line":31,"column":63}},"3":{"start":{"line":32,"column":53},"end":{"line":35,"column":6}},"4":{"start":{"line":37,"column":4},"end":{"line":69,"column":6}},"5":{"start":{"line":49,"column":16},"end":{"line":66,"column":33}},"6":{"start":{"line":72,"column":15},"end":{"line":105,"column":2}}},"fnMap":{"0":{"name":"OtpCodeField","decl":{"start":{"line":26,"column":16},"end":{"line":26,"column":28}},"loc":{"start":{"line":30,"column":22},"end":{"line":70,"column":1}},"line":30},"1":{"name":"(anonymous_1)","decl":{"start":{"line":48,"column":24},"end":{"line":48,"column":25}},"loc":{"start":{"line":49,"column":16},"end":{"line":66,"column":33}},"line":49}},"branchMap":{"0":{"loc":{"start":{"line":29,"column":4},"end":{"line":29,"column":34}},"type":"default-arg","locations":[{"start":{"line":29,"column":16},"end":{"line":29,"column":34}}],"line":29},"1":{"loc":{"start":{"line":50,"column":21},"end":{"line":54,"column":21}},"type":"binary-expr","locations":[{"start":{"line":50,"column":21},"end":{"line":50,"column":32}},{"start":{"line":51,"column":24},"end":{"line":53,"column":31}}],"line":50},"2":{"loc":{"start":{"line":58,"column":28},"end":{"line":58,"column":62}},"type":"binary-expr","locations":[{"start":{"line":58,"column":28},"end":{"line":58,"column":37}},{"start":{"line":58,"column":41},"end":{"line":58,"column":62}}],"line":58},"3":{"loc":{"start":{"line":63,"column":29},"end":{"line":63,"column":70}},"type":"binary-expr","locations":[{"start":{"line":63,"column":29},"end":{"line":63,"column":35}},{"start":{"line":63,"column":40},"end":{"line":63,"column":69}}],"line":63},"4":{"loc":{"start":{"line":63,"column":40},"end":{"line":63,"column":69}},"type":"cond-expr","locations":[{"start":{"line":63,"column":52},"end":{"line":63,"column":62}},{"start":{"line":63,"column":65},"end":{"line":63,"column":69}}],"line":63}},"s":{"0":0,"1":0,"2":0,"3":0,"4":0,"5":0,"6":0},"f":{"0":0,"1":0},"b":{"0":[0],"1":[0,0],"2":[0,0],"3":[0,0],"4":[0,0]}}
,"/Users/tosinpeter/ExpoProjects/gloord-app/routine-app/src/features/auth/screens/otp-verification.tsx": {"path":"/Users/tosinpeter/ExpoProjects/gloord-app/routine-app/src/features/auth/screens/otp-verification.tsx","statementMap":{"0":{"start":{"line":33,"column":19},"end":{"line":33,"column":20}},"1":{"start":{"line":36,"column":38},"end":{"line":36,"column":60}},"2":{"start":{"line":37,"column":26},"end":{"line":37,"column":35}},"3":{"start":{"line":38,"column":21},"end":{"line":38,"column":37}},"4":{"start":{"line":39,"column":47},"end":{"line":39,"column":84}},"5":{"start":{"line":39,"column":73},"end":{"line":39,"column":83}},"6":{"start":{"line":41,"column":24},"end":{"line":41,"column":66}},"7":{"start":{"line":41,"column":43},"end":{"line":41,"column":66}},"8":{"start":{"line":43,"column":4},"end":{"line":49,"column":35}},"9":{"start":{"line":44,"column":8},"end":{"line":44,"column":40}},"10":{"start":{"line":44,"column":33},"end":{"line":44,"column":40}},"11":{"start":{"line":45,"column":25},"end":{"line":47,"column":16}},"12":{"start":{"line":46,"column":12},"end":{"line":46,"column":48}},"13":{"start":{"line":48,"column":8},"end":{"line":48,"column":45}},"14":{"start":{"line":48,"column":21},"end":{"line":48,"column":44}},"15":{"start":{"line":51,"column":27},"end":{"line":73,"column":5}},"16":{"start":{"line":52,"column":8},"end":{"line":52,"column":27}},"17":{"start":{"line":54,"column":8},"end":{"line":54,"column":37}},"18":{"start":{"line":54,"column":30},"end":{"line":54,"column":37}},"19":{"start":{"line":55,"column":22},"end":{"line":55,"column":116}},"20":{"start":{"line":56,"column":8},"end":{"line":59,"column":9}},"21":{"start":{"line":57,"column":12},"end":{"line":57,"column":57}},"22":{"start":{"line":58,"column":12},"end":{"line":58,"column":19}},"23":{"start":{"line":60,"column":8},"end":{"line":72,"column":9}},"24":{"start":{"line":61,"column":12},"end":{"line":61,"column":43}},"25":{"start":{"line":62,"column":27},"end":{"line":62,"column":54}},"26":{"start":{"line":63,"column":12},"end":{"line":63,"column":72}},"27":{"start":{"line":64,"column":12},"end":{"line":69,"column":13}},"28":{"start":{"line":65,"column":16},"end":{"line":65,"column":50}},"29":{"start":{"line":67,"column":32},"end":{"line":67,"column":75}},"30":{"start":{"line":68,"column":16},"end":{"line":68,"column":37}},"31":{"start":{"line":71,"column":12},"end":{"line":71,"column":44}},"32":{"start":{"line":75,"column":29},"end":{"line":80,"column":5}},"33":{"start":{"line":76,"column":8},"end":{"line":79,"column":9}},"34":{"start":{"line":77,"column":12},"end":{"line":77,"column":44}},"35":{"start":{"line":82,"column":24},"end":{"line":86,"column":5}},"36":{"start":{"line":83,"column":21},"end":{"line":83,"column":45}},"37":{"start":{"line":84,"column":21},"end":{"line":84,"column":33}},"38":{"start":{"line":85,"column":8},"end":{"line":85,"column":89}},"39":{"start":{"line":88,"column":4},"end":{"line":162,"column":5}},"40":{"start":{"line":149,"column":41},"end":{"line":149,"column":71}},"41":{"start":{"line":166,"column":15},"end":{"line":235,"column":2}}},"fnMap":{"0":{"name":"OTPVerificationScreen","decl":{"start":{"line":35,"column":24},"end":{"line":35,"column":45}},"loc":{"start":{"line":35,"column":48},"end":{"line":163,"column":1}},"line":35},"1":{"name":"(anonymous_1)","decl":{"start":{"line":39,"column":62},"end":{"line":39,"column":63}},"loc":{"start":{"line":39,"column":73},"end":{"line":39,"column":83}},"line":39},"2":{"name":"(anonymous_2)","decl":{"start":{"line":41,"column":24},"end":{"line":41,"column":25}},"loc":{"start":{"line":41,"column":43},"end":{"line":41,"column":66}},"line":41},"3":{"name":"(anonymous_3)","decl":{"start":{"line":43,"column":14},"end":{"line":43,"column":15}},"loc":{"start":{"line":43,"column":20},"end":{"line":49,"column":5}},"line":43},"4":{"name":"(anonymous_4)","decl":{"start":{"line":45,"column":37},"end":{"line":45,"column":38}},"loc":{"start":{"line":45,"column":43},"end":{"line":47,"column":9}},"line":45},"5":{"name":"(anonymous_5)","decl":{"start":{"line":48,"column":15},"end":{"line":48,"column":16}},"loc":{"start":{"line":48,"column":21},"end":{"line":48,"column":44}},"line":48},"6":{"name":"(anonymous_6)","decl":{"start":{"line":51,"column":27},"end":{"line":51,"column":28}},"loc":{"start":{"line":51,"column":39},"end":{"line":73,"column":5}},"line":51},"7":{"name":"(anonymous_7)","decl":{"start":{"line":75,"column":29},"end":{"line":75,"column":30}},"loc":{"start":{"line":75,"column":35},"end":{"line":80,"column":5}},"line":75},"8":{"name":"(anonymous_8)","decl":{"start":{"line":82,"column":24},"end":{"line":82,"column":25}},"loc":{"start":{"line":82,"column":45},"end":{"line":86,"column":5}},"line":82},"9":{"name":"(anonymous_9)","decl":{"start":{"line":149,"column":33},"end":{"line":149,"column":34}},"loc":{"start":{"line":149,"column":39},"end":{"line":149,"column":73}},"line":149}},"branchMap":{"0":{"loc":{"start":{"line":44,"column":8},"end":{"line":44,"column":40}},"type":"if","locations":[{"start":{"line":44,"column":8},"end":{"line":44,"column":40}},{"start":{},"end":{}}],"line":44},"1":{"loc":{"start":{"line":54,"column":8},"end":{"line":54,"column":37}},"type":"if","locations":[{"start":{"line":54,"column":8},"end":{"line":54,"column":37}},{"start":{},"end":{}}],"line":54},"2":{"loc":{"start":{"line":55,"column":22},"end":{"line":55,"column":116}},"type":"cond-expr","locations":[{"start":{"line":55,"column":53},"end":{"line":55,"column":61}},{"start":{"line":55,"column":65},"end":{"line":55,"column":115}}],"line":55},"3":{"loc":{"start":{"line":55,"column":65},"end":{"line":55,"column":115}},"type":"cond-expr","locations":[{"start":{"line":55,"column":99},"end":{"line":55,"column":110}},{"start":{"line":55,"column":113},"end":{"line":55,"column":115}}],"line":55},"4":{"loc":{"start":{"line":56,"column":8},"end":{"line":59,"column":9}},"type":"if","locations":[{"start":{"line":56,"column":8},"end":{"line":59,"column":9}},{"start":{},"end":{}}],"line":56},"5":{"loc":{"start":{"line":64,"column":12},"end":{"line":69,"column":13}},"type":"if","locations":[{"start":{"line":64,"column":12},"end":{"line":69,"column":13}},{"start":{"line":66,"column":19},"end":{"line":69,"column":13}}],"line":64},"6":{"loc":{"start":{"line":76,"column":8},"end":{"line":79,"column":9}},"type":"if","locations":[{"start":{"line":76,"column":8},"end":{"line":79,"column":9}},{"start":{},"end":{}}],"line":76},"7":{"loc":{"start":{"line":92,"column":26},"end":{"line":92,"column":70}},"type":"cond-expr","locations":[{"start":{"line":92,"column":50},"end":{"line":92,"column":59}},{"start":{"line":92,"column":62},"end":{"line":92,"column":70}}],"line":92},"8":{"loc":{"start":{"line":93,"column":40},"end":{"line":93,"column":71}},"type":"cond-expr","locations":[{"start":{"line":93,"column":64},"end":{"line":93,"column":66}},{"start":{"line":93,"column":69},"end":{"line":93,"column":71}}],"line":93},"9":{"loc":{"start":{"line":104,"column":63},"end":{"line":104,"column":97}},"type":"binary-expr","locations":[{"start":{"line":104,"column":63},"end":{"line":104,"column":74}},{"start":{"line":104,"column":78},"end":{"line":104,"column":97}}],"line":104},"10":{"loc":{"start":{"line":126,"column":32},"end":{"line":126,"column":79}},"type":"binary-expr","locations":[{"start":{"line":126,"column":32},"end":{"line":126,"column":52}},{"start":{"line":126,"column":56},"end":{"line":126,"column":79}}],"line":126},"11":{"loc":{"start":{"line":129,"column":29},"end":{"line":133,"column":58}},"type":"cond-expr","locations":[{"start":{"line":130,"column":34},"end":{"line":132,"column":34}},{"start":{"line":133,"column":34},"end":{"line":133,"column":58}}],"line":129},"12":{"loc":{"start":{"line":142,"column":34},"end":{"line":142,"column":63}},"type":"binary-expr","locations":[{"start":{"line":142,"column":34},"end":{"line":142,"column":50}},{"start":{"line":142,"column":54},"end":{"line":142,"column":63}}],"line":142}},"s":{"0":0,"1":0,"2":0,"3":0,"4":0,"5":0,"6":0,"7":0,"8":0,"9":0,"10":0,"11":0,"12":0,"13":0,"14":0,"15":0,"16":0,"17":0,"18":0,"19":0,"20":0,"21":0,"22":0,"23":0,"24":0,"25":0,"26":0,"27":0,"28":0,"29":0,"30":0,"31":0,"32":0,"33":0,"34":0,"35":0,"36":0,"37":0,"38":0,"39":0,"40":0,"41":0},"f":{"0":0,"1":0,"2":0,"3":0,"4":0,"5":0,"6":0,"7":0,"8":0,"9":0},"b":{"0":[0,0],"1":[0,0],"2":[0,0],"3":[0,0],"4":[0,0],"5":[0,0],"6":[0,0],"7":[0,0],"8":[0,0],"9":[0,0],"10":[0,0],"11":[0,0],"12":[0,0]}}
,"/Users/tosinpeter/ExpoProjects/gloord-app/routine-app/src/features/auth/screens/phone-verification.tsx": {"path":"/Users/tosinpeter/ExpoProjects/gloord-app/routine-app/src/features/auth/screens/phone-verification.tsx","statementMap":{"0":{"start":{"line":39,"column":27},"end":{"line":39,"column":36}},"1":{"start":{"line":40,"column":21},"end":{"line":40,"column":37}},"2":{"start":{"line":42,"column":8},"end":{"line":42,"column":45}},"3":{"start":{"line":42,"column":34},"end":{"line":42,"column":44}},"4":{"start":{"line":44,"column":27},"end":{"line":69,"column":5}},"5":{"start":{"line":45,"column":8},"end":{"line":45,"column":27}},"6":{"start":{"line":46,"column":8},"end":{"line":46,"column":44}},"7":{"start":{"line":46,"column":37},"end":{"line":46,"column":44}},"8":{"start":{"line":47,"column":28},"end":{"line":47,"column":77}},"9":{"start":{"line":49,"column":8},"end":{"line":68,"column":9}},"10":{"start":{"line":50,"column":12},"end":{"line":50,"column":43}},"11":{"start":{"line":51,"column":27},"end":{"line":51,"column":56}},"12":{"start":{"line":52,"column":12},"end":{"line":52,"column":32}},"13":{"start":{"line":54,"column":12},"end":{"line":65,"column":13}},"14":{"start":{"line":55,"column":16},"end":{"line":61,"column":19}},"15":{"start":{"line":63,"column":32},"end":{"line":63,"column":75}},"16":{"start":{"line":64,"column":16},"end":{"line":64,"column":37}},"17":{"start":{"line":67,"column":12},"end":{"line":67,"column":44}},"18":{"start":{"line":71,"column":30},"end":{"line":77,"column":5}},"19":{"start":{"line":72,"column":24},"end":{"line":72,"column":53}},"20":{"start":{"line":73,"column":8},"end":{"line":75,"column":9}},"21":{"start":{"line":74,"column":12},"end":{"line":74,"column":31}},"22":{"start":{"line":76,"column":8},"end":{"line":76,"column":42}},"23":{"start":{"line":79,"column":4},"end":{"line":215,"column":6}},"24":{"start":{"line":108,"column":47},"end":{"line":108,"column":83}},"25":{"start":{"line":143,"column":45},"end":{"line":143,"column":75}},"26":{"start":{"line":163,"column":20},"end":{"line":168,"column":22}},"27":{"start":{"line":169,"column":20},"end":{"line":169,"column":58}},"28":{"start":{"line":171,"column":39},"end":{"line":171,"column":76}},"29":{"start":{"line":218,"column":15},"end":{"line":341,"column":2}}},"fnMap":{"0":{"name":"PhoneVerificationScreen","decl":{"start":{"line":38,"column":24},"end":{"line":38,"column":47}},"loc":{"start":{"line":38,"column":50},"end":{"line":216,"column":1}},"line":38},"1":{"name":"(anonymous_1)","decl":{"start":{"line":42,"column":23},"end":{"line":42,"column":24}},"loc":{"start":{"line":42,"column":34},"end":{"line":42,"column":44}},"line":42},"2":{"name":"(anonymous_2)","decl":{"start":{"line":44,"column":27},"end":{"line":44,"column":28}},"loc":{"start":{"line":44,"column":39},"end":{"line":69,"column":5}},"line":44},"3":{"name":"(anonymous_3)","decl":{"start":{"line":71,"column":30},"end":{"line":71,"column":31}},"loc":{"start":{"line":71,"column":48},"end":{"line":77,"column":5}},"line":71},"4":{"name":"(anonymous_4)","decl":{"start":{"line":108,"column":41},"end":{"line":108,"column":42}},"loc":{"start":{"line":108,"column":47},"end":{"line":108,"column":83}},"line":108},"5":{"name":"(anonymous_5)","decl":{"start":{"line":143,"column":37},"end":{"line":143,"column":38}},"loc":{"start":{"line":143,"column":43},"end":{"line":143,"column":77}},"line":143},"6":{"name":"(anonymous_6)","decl":{"start":{"line":162,"column":37},"end":{"line":162,"column":38}},"loc":{"start":{"line":162,"column":52},"end":{"line":170,"column":17}},"line":162},"7":{"name":"(anonymous_7)","decl":{"start":{"line":171,"column":33},"end":{"line":171,"column":34}},"loc":{"start":{"line":171,"column":39},"end":{"line":171,"column":76}},"line":171}},"branchMap":{"0":{"loc":{"start":{"line":46,"column":8},"end":{"line":46,"column":44}},"type":"if","locations":[{"start":{"line":46,"column":8},"end":{"line":46,"column":44}},{"start":{},"end":{}}],"line":46},"1":{"loc":{"start":{"line":54,"column":12},"end":{"line":65,"column":13}},"type":"if","locations":[{"start":{"line":54,"column":12},"end":{"line":65,"column":13}},{"start":{"line":62,"column":19},"end":{"line":65,"column":13}}],"line":54},"2":{"loc":{"start":{"line":73,"column":8},"end":{"line":75,"column":9}},"type":"if","locations":[{"start":{"line":73,"column":8},"end":{"line":75,"column":9}},{"start":{},"end":{}}],"line":73},"3":{"loc":{"start":{"line":83,"column":26},"end":{"line":83,"column":70}},"type":"cond-expr","locations":[{"start":{"line":83,"column":50},"end":{"line":83,"column":59}},{"start":{"line":83,"column":62},"end":{"line":83,"column":70}}],"line":83},"4":{"loc":{"start":{"line":84,"column":40},"end":{"line":84,"column":71}},"type":"cond-expr","locations":[{"start":{"line":84,"column":64},"end":{"line":84,"column":66}},{"start":{"line":84,"column":69},"end":{"line":84,"column":71}}],"line":84}},"s":{"0":0,"1":0,"2":0,"3":0,"4":0,"5":0,"6":0,"7":0,"8":0,"9":0,"10":0,"11":0,"12":0,"13":0,"14":0,"15":0,"16":0,"17":0,"18":0,"19":0,"20":0,"21":0,"22":0,"23":0,"24":0,"25":0,"26":0,"27":0,"28":0,"29":0},"f":{"0":0,"1":0,"2":0,"3":0,"4":0,"5":0,"6":0,"7":0},"b":{"0":[0,0],"1":[0,0],"2":[0,0],"3":[0,0],"4":[0,0]}}
,"/Users/tosinpeter/ExpoProjects/gloord-app/routine-app/src/features/home/components/ContactSupportButton.tsx": {"path":"/Users/tosinpeter/ExpoProjects/gloord-app/routine-app/src/features/home/components/ContactSupportButton.tsx","statementMap":{"0":{"start":{"line":12,"column":4},"end":{"line":33,"column":6}},"1":{"start":{"line":37,"column":19},"end":{"line":37,"column":30}},"2":{"start":{"line":39,"column":24},"end":{"line":41,"column":5}},"3":{"start":{"line":40,"column":8},"end":{"line":40,"column":40}},"4":{"start":{"line":43,"column":4},"end":{"line":52,"column":6}},"5":{"start":{"line":55,"column":15},"end":{"line":77,"column":2}}},"fnMap":{"0":{"name":"SupportIcon","decl":{"start":{"line":11,"column":9},"end":{"line":11,"column":20}},"loc":{"start":{"line":11,"column":23},"end":{"line":34,"column":1}},"line":11},"1":{"name":"ContactSupportButton","decl":{"start":{"line":36,"column":16},"end":{"line":36,"column":36}},"loc":{"start":{"line":36,"column":39},"end":{"line":53,"column":1}},"line":36},"2":{"name":"(anonymous_2)","decl":{"start":{"line":39,"column":24},"end":{"line":39,"column":25}},"loc":{"start":{"line":39,"column":30},"end":{"line":41,"column":5}},"line":39}},"branchMap":{},"s":{"0":0,"1":0,"2":0,"3":0,"4":0,"5":0},"f":{"0":0,"1":0,"2":0},"b":{}}
,"/Users/tosinpeter/ExpoProjects/gloord-app/routine-app/src/features/home/components/DermatologistSupportCard.tsx": {"path":"/Users/tosinpeter/ExpoProjects/gloord-app/routine-app/src/features/home/components/DermatologistSupportCard.tsx","statementMap":{"0":{"start":{"line":9,"column":32},"end":{"line":9,"column":56}},"1":{"start":{"line":10,"column":17},"end":{"line":10,"column":26}},"2":{"start":{"line":21,"column":4},"end":{"line":43,"column":6}},"3":{"start":{"line":47,"column":44},"end":{"line":47,"column":55}},"4":{"start":{"line":48,"column":26},"end":{"line":48,"column":50}},"5":{"start":{"line":50,"column":25},"end":{"line":55,"column":5}},"6":{"start":{"line":51,"column":31},"end":{"line":51,"column":64}},"7":{"start":{"line":52,"column":26},"end":{"line":52,"column":67}},"8":{"start":{"line":53,"column":22},"end":{"line":53,"column":60}},"9":{"start":{"line":54,"column":8},"end":{"line":54,"column":31}},"10":{"start":{"line":57,"column":4},"end":{"line":121,"column":6}},"11":{"start":{"line":72,"column":20},"end":{"line":117,"column":27}},"12":{"start":{"line":98,"column":36},"end":{"line":104,"column":38}},"13":{"start":{"line":124,"column":15},"end":{"line":208,"column":2}}},"fnMap":{"0":{"name":"getSlides","decl":{"start":{"line":20,"column":9},"end":{"line":20,"column":18}},"loc":{"start":{"line":20,"column":30},"end":{"line":44,"column":1}},"line":20},"1":{"name":"DermatologistSupportCard","decl":{"start":{"line":46,"column":16},"end":{"line":46,"column":40}},"loc":{"start":{"line":46,"column":43},"end":{"line":122,"column":1}},"line":46},"2":{"name":"(anonymous_2)","decl":{"start":{"line":50,"column":25},"end":{"line":50,"column":26}},"loc":{"start":{"line":50,"column":77},"end":{"line":55,"column":5}},"line":50},"3":{"name":"(anonymous_3)","decl":{"start":{"line":71,"column":33},"end":{"line":71,"column":34}},"loc":{"start":{"line":72,"column":20},"end":{"line":117,"column":27}},"line":72},"4":{"name":"(anonymous_4)","decl":{"start":{"line":97,"column":49},"end":{"line":97,"column":50}},"loc":{"start":{"line":98,"column":36},"end":{"line":104,"column":38}},"line":98}},"branchMap":{"0":{"loc":{"start":{"line":102,"column":44},"end":{"line":102,"column":86}},"type":"binary-expr","locations":[{"start":{"line":102,"column":44},"end":{"line":102,"column":66}},{"start":{"line":102,"column":70},"end":{"line":102,"column":86}}],"line":102}},"s":{"0":0,"1":0,"2":0,"3":0,"4":0,"5":0,"6":0,"7":0,"8":0,"9":0,"10":0,"11":0,"12":0,"13":0},"f":{"0":0,"1":0,"2":0,"3":0,"4":0},"b":{"0":[0,0]}}
,"/Users/tosinpeter/ExpoProjects/gloord-app/routine-app/src/features/home/components/DermatologyInsightCard.tsx": {"path":"/Users/tosinpeter/ExpoProjects/gloord-app/routine-app/src/features/home/components/DermatologyInsightCard.tsx","statementMap":{"0":{"start":{"line":11,"column":4},"end":{"line":49,"column":6}},"1":{"start":{"line":52,"column":15},"end":{"line":131,"column":2}}},"fnMap":{"0":{"name":"DermatologyInsightCard","decl":{"start":{"line":10,"column":16},"end":{"line":10,"column":38}},"loc":{"start":{"line":10,"column":41},"end":{"line":50,"column":1}},"line":10}},"branchMap":{},"s":{"0":0,"1":0},"f":{"0":0},"b":{}}
,"/Users/tosinpeter/ExpoProjects/gloord-app/routine-app/src/features/home/components/HomeHeader.tsx": {"path":"/Users/tosinpeter/ExpoProjects/gloord-app/routine-app/src/features/home/components/HomeHeader.tsx","statementMap":{"0":{"start":{"line":13,"column":24},"end":{"line":13,"column":33}},"1":{"start":{"line":14,"column":21},"end":{"line":14,"column":44}},"2":{"start":{"line":16,"column":24},"end":{"line":21,"column":5}},"3":{"start":{"line":17,"column":21},"end":{"line":17,"column":42}},"4":{"start":{"line":18,"column":8},"end":{"line":18,"column":62}},"5":{"start":{"line":18,"column":23},"end":{"line":18,"column":62}},"6":{"start":{"line":19,"column":8},"end":{"line":19,"column":64}},"7":{"start":{"line":19,"column":23},"end":{"line":19,"column":64}},"8":{"start":{"line":20,"column":8},"end":{"line":20,"column":47}},"9":{"start":{"line":23,"column":4},"end":{"line":53,"column":6}},"10":{"start":{"line":39,"column":31},"end":{"line":39,"column":59}},"11":{"start":{"line":56,"column":15},"end":{"line":113,"column":2}}},"fnMap":{"0":{"name":"HomeHeader","decl":{"start":{"line":12,"column":16},"end":{"line":12,"column":26}},"loc":{"start":{"line":12,"column":29},"end":{"line":54,"column":1}},"line":12},"1":{"name":"(anonymous_1)","decl":{"start":{"line":16,"column":24},"end":{"line":16,"column":25}},"loc":{"start":{"line":16,"column":30},"end":{"line":21,"column":5}},"line":16},"2":{"name":"(anonymous_2)","decl":{"start":{"line":39,"column":25},"end":{"line":39,"column":26}},"loc":{"start":{"line":39,"column":31},"end":{"line":39,"column":59}},"line":39}},"branchMap":{"0":{"loc":{"start":{"line":14,"column":21},"end":{"line":14,"column":44}},"type":"binary-expr","locations":[{"start":{"line":14,"column":21},"end":{"line":14,"column":38}},{"start":{"line":14,"column":42},"end":{"line":14,"column":44}}],"line":14},"1":{"loc":{"start":{"line":18,"column":8},"end":{"line":18,"column":62}},"type":"if","locations":[{"start":{"line":18,"column":8},"end":{"line":18,"column":62}},{"start":{},"end":{}}],"line":18},"2":{"loc":{"start":{"line":19,"column":8},"end":{"line":19,"column":64}},"type":"if","locations":[{"start":{"line":19,"column":8},"end":{"line":19,"column":64}},{"start":{},"end":{}}],"line":19}},"s":{"0":0,"1":0,"2":0,"3":0,"4":0,"5":0,"6":0,"7":0,"8":0,"9":0,"10":0,"11":0},"f":{"0":0,"1":0,"2":0},"b":{"0":[0,0],"1":[0,0],"2":[0,0]}}
,"/Users/tosinpeter/ExpoProjects/gloord-app/routine-app/src/features/home/components/HomeLockedView.tsx": {"path":"/Users/tosinpeter/ExpoProjects/gloord-app/routine-app/src/features/home/components/HomeLockedView.tsx","statementMap":{"0":{"start":{"line":19,"column":4},"end":{"line":38,"column":6}},"1":{"start":{"line":41,"column":15},"end":{"line":53,"column":2}}},"fnMap":{"0":{"name":"HomeLockedView","decl":{"start":{"line":18,"column":16},"end":{"line":18,"column":30}},"loc":{"start":{"line":18,"column":33},"end":{"line":39,"column":1}},"line":18}},"branchMap":{},"s":{"0":0,"1":0},"f":{"0":0},"b":{}}
,"/Users/tosinpeter/ExpoProjects/gloord-app/routine-app/src/features/home/components/HomeUnlockedView.tsx": {"path":"/Users/tosinpeter/ExpoProjects/gloord-app/routine-app/src/features/home/components/HomeUnlockedView.tsx","statementMap":{"0":{"start":{"line":17,"column":4},"end":{"line":33,"column":6}},"1":{"start":{"line":36,"column":15},"end":{"line":44,"column":2}}},"fnMap":{"0":{"name":"HomeUnlockedView","decl":{"start":{"line":16,"column":16},"end":{"line":16,"column":32}},"loc":{"start":{"line":16,"column":35},"end":{"line":34,"column":1}},"line":16}},"branchMap":{},"s":{"0":0,"1":0},"f":{"0":0},"b":{}}
,"/Users/tosinpeter/ExpoProjects/gloord-app/routine-app/src/features/home/components/LabReportButton.tsx": {"path":"/Users/tosinpeter/ExpoProjects/gloord-app/routine-app/src/features/home/components/LabReportButton.tsx","statementMap":{"0":{"start":{"line":11,"column":4},"end":{"line":31,"column":6}},"1":{"start":{"line":34,"column":15},"end":{"line":65,"column":2}}},"fnMap":{"0":{"name":"LabReportButton","decl":{"start":{"line":10,"column":16},"end":{"line":10,"column":31}},"loc":{"start":{"line":10,"column":34},"end":{"line":32,"column":1}},"line":10}},"branchMap":{},"s":{"0":0,"1":0},"f":{"0":0},"b":{}}
,"/Users/tosinpeter/ExpoProjects/gloord-app/routine-app/src/features/home/components/ProductReminderCard.tsx": {"path":"/Users/tosinpeter/ExpoProjects/gloord-app/routine-app/src/features/home/components/ProductReminderCard.tsx","statementMap":{"0":{"start":{"line":15,"column":21},"end":{"line":19,"column":5}},"1":{"start":{"line":22,"column":70},"end":{"line":27,"column":5}},"2":{"start":{"line":29,"column":30},"end":{"line":31,"column":5}},"3":{"start":{"line":30,"column":8},"end":{"line":30,"column":51}},"4":{"start":{"line":33,"column":4},"end":{"line":99,"column":6}},"5":{"start":{"line":51,"column":35},"end":{"line":51,"column":63}},"6":{"start":{"line":52,"column":20},"end":{"line":77,"column":22}},"7":{"start":{"line":172,"column":15},"end":{"line":289,"column":2}}},"fnMap":{"0":{"name":"ProductReminderCard","decl":{"start":{"line":14,"column":16},"end":{"line":14,"column":35}},"loc":{"start":{"line":14,"column":38},"end":{"line":100,"column":1}},"line":14},"1":{"name":"(anonymous_1)","decl":{"start":{"line":29,"column":30},"end":{"line":29,"column":31}},"loc":{"start":{"line":29,"column":48},"end":{"line":31,"column":5}},"line":29},"2":{"name":"(anonymous_2)","decl":{"start":{"line":50,"column":30},"end":{"line":50,"column":31}},"loc":{"start":{"line":50,"column":40},"end":{"line":78,"column":17}},"line":50}},"branchMap":{"0":{"loc":{"start":{"line":30,"column":15},"end":{"line":30,"column":50}},"type":"binary-expr","locations":[{"start":{"line":30,"column":15},"end":{"line":30,"column":30}},{"start":{"line":30,"column":34},"end":{"line":30,"column":50}}],"line":30},"1":{"loc":{"start":{"line":63,"column":41},"end":{"line":71,"column":41}},"type":"cond-expr","locations":[{"start":{"line":64,"column":44},"end":{"line":64,"column":77}},{"start":{"line":66,"column":44},"end":{"line":70,"column":46}}],"line":63}},"s":{"0":0,"1":0,"2":0,"3":0,"4":0,"5":0,"6":0,"7":0},"f":{"0":0,"1":0,"2":0},"b":{"0":[0,0],"1":[0,0]}}
,"/Users/tosinpeter/ExpoProjects/gloord-app/routine-app/src/features/home/components/ProgressBeforeAfterCard.tsx": {"path":"/Users/tosinpeter/ExpoProjects/gloord-app/routine-app/src/features/home/components/ProgressBeforeAfterCard.tsx","statementMap":{"0":{"start":{"line":10,"column":4},"end":{"line":38,"column":6}},"1":{"start":{"line":41,"column":15},"end":{"line":116,"column":2}}},"fnMap":{"0":{"name":"ProgressBeforeAfterCard","decl":{"start":{"line":9,"column":16},"end":{"line":9,"column":39}},"loc":{"start":{"line":9,"column":42},"end":{"line":39,"column":1}},"line":9}},"branchMap":{},"s":{"0":0,"1":0},"f":{"0":0},"b":{}}
,"/Users/tosinpeter/ExpoProjects/gloord-app/routine-app/src/features/home/components/ProgressPreviewCard.tsx": {"path":"/Users/tosinpeter/ExpoProjects/gloord-app/routine-app/src/features/home/components/ProgressPreviewCard.tsx","statementMap":{"0":{"start":{"line":9,"column":4},"end":{"line":42,"column":6}},"1":{"start":{"line":45,"column":15},"end":{"line":102,"column":2}}},"fnMap":{"0":{"name":"ProgressPreviewCard","decl":{"start":{"line":8,"column":16},"end":{"line":8,"column":35}},"loc":{"start":{"line":8,"column":38},"end":{"line":43,"column":1}},"line":8}},"branchMap":{},"s":{"0":0,"1":0},"f":{"0":0},"b":{}}
,"/Users/tosinpeter/ExpoProjects/gloord-app/routine-app/src/features/home/components/ProgressStepsCard.tsx": {"path":"/Users/tosinpeter/ExpoProjects/gloord-app/routine-app/src/features/home/components/ProgressStepsCard.tsx","statementMap":{"0":{"start":{"line":16,"column":28},"end":{"line":16,"column":65}},"1":{"start":{"line":16,"column":54},"end":{"line":16,"column":64}},"2":{"start":{"line":21,"column":29},"end":{"line":21,"column":47}},"3":{"start":{"line":23,"column":4},"end":{"line":91,"column":6}},"4":{"start":{"line":35,"column":40},"end":{"line":35,"column":78}},"5":{"start":{"line":36,"column":35},"end":{"line":36,"column":67}},"6":{"start":{"line":37,"column":35},"end":{"line":37,"column":65}},"7":{"start":{"line":39,"column":20},"end":{"line":86,"column":22}},"8":{"start":{"line":94,"column":15},"end":{"line":208,"column":2}}},"fnMap":{"0":{"name":"ProgressStepsCard","decl":{"start":{"line":15,"column":16},"end":{"line":15,"column":33}},"loc":{"start":{"line":15,"column":36},"end":{"line":92,"column":1}},"line":15},"1":{"name":"(anonymous_1)","decl":{"start":{"line":16,"column":43},"end":{"line":16,"column":44}},"loc":{"start":{"line":16,"column":54},"end":{"line":16,"column":64}},"line":16},"2":{"name":"(anonymous_2)","decl":{"start":{"line":34,"column":33},"end":{"line":34,"column":34}},"loc":{"start":{"line":34,"column":50},"end":{"line":87,"column":17}},"line":34}},"branchMap":{"0":{"loc":{"start":{"line":46,"column":43},"end":{"line":46,"column":109}},"type":"cond-expr","locations":[{"start":{"line":46,"column":57},"end":{"line":46,"column":81}},{"start":{"line":46,"column":84},"end":{"line":46,"column":109}}],"line":46},"1":{"loc":{"start":{"line":60,"column":45},"end":{"line":60,"column":142}},"type":"binary-expr","locations":[{"start":{"line":60,"column":45},"end":{"line":60,"column":56}},{"start":{"line":60,"column":60},"end":{"line":60,"column":142}}],"line":60},"2":{"loc":{"start":{"line":61,"column":45},"end":{"line":61,"column":144}},"type":"binary-expr","locations":[{"start":{"line":61,"column":45},"end":{"line":61,"column":56}},{"start":{"line":61,"column":60},"end":{"line":61,"column":144}}],"line":61},"3":{"loc":{"start":{"line":62,"column":45},"end":{"line":62,"column":126}},"type":"binary-expr","locations":[{"start":{"line":62,"column":45},"end":{"line":62,"column":56}},{"start":{"line":62,"column":60},"end":{"line":62,"column":126}}],"line":62},"4":{"loc":{"start":{"line":70,"column":37},"end":{"line":76,"column":37}},"type":"cond-expr","locations":[{"start":{"line":71,"column":40},"end":{"line":73,"column":47}},{"start":{"line":75,"column":40},"end":{"line":75,"column":115}}],"line":70},"5":{"loc":{"start":{"line":80,"column":33},"end":{"line":82,"column":33}},"type":"binary-expr","locations":[{"start":{"line":80,"column":33},"end":{"line":80,"column":40}},{"start":{"line":81,"column":36},"end":{"line":81,"column":67}}],"line":80}},"s":{"0":0,"1":0,"2":0,"3":0,"4":0,"5":0,"6":0,"7":0,"8":0},"f":{"0":0,"1":0,"2":0},"b":{"0":[0,0],"1":[0,0],"2":[0,0],"3":[0,0],"4":[0,0],"5":[0,0]}}
,"/Users/tosinpeter/ExpoProjects/gloord-app/routine-app/src/features/home/components/SkinRoutineCard.tsx": {"path":"/Users/tosinpeter/ExpoProjects/gloord-app/routine-app/src/features/home/components/SkinRoutineCard.tsx","statementMap":{"0":{"start":{"line":12,"column":20},"end":{"line":12,"column":21}},"1":{"start":{"line":13,"column":18},"end":{"line":13,"column":19}},"2":{"start":{"line":16,"column":17},"end":{"line":16,"column":27}},"3":{"start":{"line":17,"column":19},"end":{"line":17,"column":27}},"4":{"start":{"line":21,"column":19},"end":{"line":21,"column":30}},"5":{"start":{"line":22,"column":24},"end":{"line":22,"column":33}},"6":{"start":{"line":25,"column":26},"end":{"line":25,"column":46}},"7":{"start":{"line":28,"column":21},"end":{"line":28,"column":36}},"8":{"start":{"line":29,"column":29},"end":{"line":29,"column":59}},"9":{"start":{"line":33,"column":25},"end":{"line":33,"column":47}},"10":{"start":{"line":34,"column":25},"end":{"line":34,"column":55}},"11":{"start":{"line":35,"column":18},"end":{"line":35,"column":58}},"12":{"start":{"line":36,"column":18},"end":{"line":36,"column":58}},"13":{"start":{"line":38,"column":4},"end":{"line":99,"column":6}},"14":{"start":{"line":102,"column":15},"end":{"line":169,"column":2}}},"fnMap":{"0":{"name":"SkinRoutineCard","decl":{"start":{"line":10,"column":16},"end":{"line":10,"column":31}},"loc":{"start":{"line":10,"column":34},"end":{"line":100,"column":1}},"line":10}},"branchMap":{"0":{"loc":{"start":{"line":72,"column":25},"end":{"line":79,"column":25}},"type":"binary-expr","locations":[{"start":{"line":72,"column":25},"end":{"line":72,"column":36}},{"start":{"line":73,"column":28},"end":{"line":78,"column":30}}],"line":72}},"s":{"0":0,"1":0,"2":0,"3":0,"4":0,"5":0,"6":0,"7":0,"8":0,"9":0,"10":0,"11":0,"12":0,"13":0,"14":0},"f":{"0":0},"b":{"0":[0,0]}}
,"/Users/tosinpeter/ExpoProjects/gloord-app/routine-app/src/features/home/components/TreatmentPlanCard.tsx": {"path":"/Users/tosinpeter/ExpoProjects/gloord-app/routine-app/src/features/home/components/TreatmentPlanCard.tsx","statementMap":{"0":{"start":{"line":12,"column":25},"end":{"line":12,"column":62}},"1":{"start":{"line":12,"column":51},"end":{"line":12,"column":61}},"2":{"start":{"line":14,"column":20},"end":{"line":14,"column":57}},"3":{"start":{"line":15,"column":18},"end":{"line":15,"column":53}},"4":{"start":{"line":16,"column":18},"end":{"line":16,"column":88}},"5":{"start":{"line":17,"column":21},"end":{"line":17,"column":97}},"6":{"start":{"line":19,"column":4},"end":{"line":40,"column":6}},"7":{"start":{"line":44,"column":17},"end":{"line":44,"column":26}},"8":{"start":{"line":45,"column":19},"end":{"line":45,"column":27}},"9":{"start":{"line":46,"column":24},"end":{"line":46,"column":33}},"10":{"start":{"line":47,"column":19},"end":{"line":47,"column":43}},"11":{"start":{"line":48,"column":26},"end":{"line":48,"column":46}},"12":{"start":{"line":49,"column":29},"end":{"line":49,"column":78}},"13":{"start":{"line":61,"column":18},"end":{"line":61,"column":64}},"14":{"start":{"line":62,"column":18},"end":{"line":62,"column":51}},"15":{"start":{"line":63,"column":18},"end":{"line":63,"column":51}},"16":{"start":{"line":65,"column":4},"end":{"line":111,"column":6}},"17":{"start":{"line":114,"column":15},"end":{"line":168,"column":2}}},"fnMap":{"0":{"name":"TreatmentPlanCard","decl":{"start":{"line":11,"column":16},"end":{"line":11,"column":33}},"loc":{"start":{"line":11,"column":36},"end":{"line":41,"column":1}},"line":11},"1":{"name":"(anonymous_1)","decl":{"start":{"line":12,"column":40},"end":{"line":12,"column":41}},"loc":{"start":{"line":12,"column":51},"end":{"line":12,"column":61}},"line":12},"2":{"name":"CircularProgress","decl":{"start":{"line":43,"column":9},"end":{"line":43,"column":25}},"loc":{"start":{"line":43,"column":82},"end":{"line":112,"column":1}},"line":43}},"branchMap":{"0":{"loc":{"start":{"line":14,"column":20},"end":{"line":14,"column":57}},"type":"binary-expr","locations":[{"start":{"line":14,"column":20},"end":{"line":14,"column":52}},{"start":{"line":14,"column":56},"end":{"line":14,"column":57}}],"line":14},"1":{"loc":{"start":{"line":15,"column":18},"end":{"line":15,"column":53}},"type":"binary-expr","locations":[{"start":{"line":15,"column":18},"end":{"line":15,"column":48}},{"start":{"line":15,"column":52},"end":{"line":15,"column":53}}],"line":15},"2":{"loc":{"start":{"line":16,"column":18},"end":{"line":16,"column":88}},"type":"binary-expr","locations":[{"start":{"line":16,"column":18},"end":{"line":16,"column":48}},{"start":{"line":16,"column":52},"end":{"line":16,"column":88}}],"line":16},"3":{"loc":{"start":{"line":17,"column":21},"end":{"line":17,"column":97}},"type":"binary-expr","locations":[{"start":{"line":17,"column":21},"end":{"line":17,"column":54}},{"start":{"line":17,"column":58},"end":{"line":17,"column":97}}],"line":17},"4":{"loc":{"start":{"line":95,"column":21},"end":{"line":102,"column":21}},"type":"binary-expr","locations":[{"start":{"line":95,"column":21},"end":{"line":95,"column":32}},{"start":{"line":96,"column":24},"end":{"line":101,"column":26}}],"line":95}},"s":{"0":0,"1":0,"2":0,"3":0,"4":0,"5":0,"6":0,"7":0,"8":0,"9":0,"10":0,"11":0,"12":0,"13":0,"14":0,"15":0,"16":0,"17":0},"f":{"0":0,"1":0,"2":0},"b":{"0":[0,0],"1":[0,0],"2":[0,0],"3":[0,0],"4":[0,0]}}
,"/Users/tosinpeter/ExpoProjects/gloord-app/routine-app/src/features/home/components/UploadPrescriptionCard.tsx": {"path":"/Users/tosinpeter/ExpoProjects/gloord-app/routine-app/src/features/home/components/UploadPrescriptionCard.tsx","statementMap":{"0":{"start":{"line":11,"column":30},"end":{"line":13,"column":5}},"1":{"start":{"line":12,"column":8},"end":{"line":12,"column":53}},"2":{"start":{"line":15,"column":4},"end":{"line":37,"column":6}},"3":{"start":{"line":40,"column":15},"end":{"line":84,"column":2}}},"fnMap":{"0":{"name":"UploadPrescriptionCard","decl":{"start":{"line":10,"column":16},"end":{"line":10,"column":38}},"loc":{"start":{"line":10,"column":41},"end":{"line":38,"column":1}},"line":10},"1":{"name":"(anonymous_1)","decl":{"start":{"line":11,"column":30},"end":{"line":11,"column":31}},"loc":{"start":{"line":11,"column":36},"end":{"line":13,"column":5}},"line":11}},"branchMap":{},"s":{"0":0,"1":0,"2":0,"3":0},"f":{"0":0,"1":0},"b":{}}
,"/Users/tosinpeter/ExpoProjects/gloord-app/routine-app/src/features/home/screens/home.tsx": {"path":"/Users/tosinpeter/ExpoProjects/gloord-app/routine-app/src/features/home/screens/home.tsx","statementMap":{"0":{"start":{"line":29,"column":30},"end":{"line":29,"column":67}},"1":{"start":{"line":29,"column":56},"end":{"line":29,"column":66}},"2":{"start":{"line":30,"column":2},"end":{"line":30,"column":20}},"3":{"start":{"line":31,"column":35},"end":{"line":31,"column":49}},"4":{"start":{"line":33,"column":21},"end":{"line":33,"column":50}},"5":{"start":{"line":36,"column":2},"end":{"line":40,"column":4}},"6":{"start":{"line":38,"column":6},"end":{"line":38,"column":20}},"7":{"start":{"line":42,"column":2},"end":{"line":53,"column":3}},"8":{"start":{"line":43,"column":4},"end":{"line":52,"column":6}},"9":{"start":{"line":55,"column":2},"end":{"line":82,"column":4}},"10":{"start":{"line":85,"column":15},"end":{"line":129,"column":2}}},"fnMap":{"0":{"name":"HomeScreen","decl":{"start":{"line":28,"column":24},"end":{"line":28,"column":34}},"loc":{"start":{"line":28,"column":37},"end":{"line":83,"column":1}},"line":28},"1":{"name":"(anonymous_1)","decl":{"start":{"line":29,"column":45},"end":{"line":29,"column":46}},"loc":{"start":{"line":29,"column":56},"end":{"line":29,"column":66}},"line":29},"2":{"name":"(anonymous_2)","decl":{"start":{"line":37,"column":16},"end":{"line":37,"column":17}},"loc":{"start":{"line":37,"column":22},"end":{"line":39,"column":5}},"line":37}},"branchMap":{"0":{"loc":{"start":{"line":33,"column":21},"end":{"line":33,"column":50}},"type":"binary-expr","locations":[{"start":{"line":33,"column":21},"end":{"line":33,"column":41}},{"start":{"line":33,"column":45},"end":{"line":33,"column":50}}],"line":33},"1":{"loc":{"start":{"line":42,"column":2},"end":{"line":53,"column":3}},"type":"if","locations":[{"start":{"line":42,"column":2},"end":{"line":53,"column":3}},{"start":{},"end":{}}],"line":42},"2":{"loc":{"start":{"line":42,"column":6},"end":{"line":42,"column":24}},"type":"binary-expr","locations":[{"start":{"line":42,"column":6},"end":{"line":42,"column":11}},{"start":{"line":42,"column":15},"end":{"line":42,"column":24}}],"line":42},"3":{"loc":{"start":{"line":73,"column":11},"end":{"line":77,"column":11}},"type":"cond-expr","locations":[{"start":{"line":74,"column":12},"end":{"line":74,"column":32}},{"start":{"line":76,"column":12},"end":{"line":76,"column":30}}],"line":73}},"s":{"0":0,"1":0,"2":0,"3":0,"4":0,"5":0,"6":0,"7":0,"8":0,"9":0,"10":0},"f":{"0":0,"1":0,"2":0},"b":{"0":[0,0],"1":[0,0],"2":[0,0],"3":[0,0]}}
,"/Users/tosinpeter/ExpoProjects/gloord-app/routine-app/src/features/lab-test/components/calendar-picker.tsx": {"path":"/Users/tosinpeter/ExpoProjects/gloord-app/routine-app/src/features/lab-test/components/calendar-picker.tsx","statementMap":{"0":{"start":{"line":50,"column":2},"end":{"line":144,"column":4}},"1":{"start":{"line":78,"column":10},"end":{"line":101,"column":29}},"2":{"start":{"line":81,"column":27},"end":{"line":81,"column":45}},"3":{"start":{"line":109,"column":12},"end":{"line":129,"column":31}},"4":{"start":{"line":116,"column":29},"end":{"line":116,"column":52}},"5":{"start":{"line":147,"column":15},"end":{"line":277,"column":2}}},"fnMap":{"0":{"name":"CalendarPicker","decl":{"start":{"line":39,"column":16},"end":{"line":39,"column":30}},"loc":{"start":{"line":49,"column":24},"end":{"line":145,"column":1}},"line":49},"1":{"name":"(anonymous_1)","decl":{"start":{"line":77,"column":18},"end":{"line":77,"column":19}},"loc":{"start":{"line":78,"column":10},"end":{"line":101,"column":29}},"line":78},"2":{"name":"(anonymous_2)","decl":{"start":{"line":81,"column":21},"end":{"line":81,"column":22}},"loc":{"start":{"line":81,"column":27},"end":{"line":81,"column":45}},"line":81},"3":{"name":"(anonymous_3)","decl":{"start":{"line":108,"column":25},"end":{"line":108,"column":26}},"loc":{"start":{"line":109,"column":12},"end":{"line":129,"column":31}},"line":109},"4":{"name":"(anonymous_4)","decl":{"start":{"line":116,"column":23},"end":{"line":116,"column":24}},"loc":{"start":{"line":116,"column":29},"end":{"line":116,"column":52}},"line":116}},"branchMap":{"0":{"loc":{"start":{"line":87,"column":16},"end":{"line":87,"column":68}},"type":"binary-expr","locations":[{"start":{"line":87,"column":16},"end":{"line":87,"column":42}},{"start":{"line":87,"column":46},"end":{"line":87,"column":68}}],"line":87},"1":{"loc":{"start":{"line":95,"column":16},"end":{"line":95,"column":69}},"type":"binary-expr","locations":[{"start":{"line":95,"column":16},"end":{"line":95,"column":42}},{"start":{"line":95,"column":46},"end":{"line":95,"column":69}}],"line":95},"2":{"loc":{"start":{"line":100,"column":13},"end":{"line":100,"column":84}},"type":"binary-expr","locations":[{"start":{"line":100,"column":13},"end":{"line":100,"column":39}},{"start":{"line":100,"column":43},"end":{"line":100,"column":84}}],"line":100},"3":{"loc":{"start":{"line":113,"column":16},"end":{"line":113,"column":60}},"type":"binary-expr","locations":[{"start":{"line":113,"column":16},"end":{"line":113,"column":33}},{"start":{"line":113,"column":37},"end":{"line":113,"column":60}}],"line":113},"4":{"loc":{"start":{"line":114,"column":16},"end":{"line":114,"column":78}},"type":"binary-expr","locations":[{"start":{"line":114,"column":16},"end":{"line":114,"column":31}},{"start":{"line":114,"column":35},"end":{"line":114,"column":51}},{"start":{"line":114,"column":55},"end":{"line":114,"column":78}}],"line":114},"5":{"loc":{"start":{"line":117,"column":29},"end":{"line":117,"column":55}},"type":"cond-expr","locations":[{"start":{"line":117,"column":48},"end":{"line":117,"column":51}},{"start":{"line":117,"column":54},"end":{"line":117,"column":55}}],"line":117},"6":{"loc":{"start":{"line":123,"column":18},"end":{"line":123,"column":66}},"type":"binary-expr","locations":[{"start":{"line":123,"column":18},"end":{"line":123,"column":35}},{"start":{"line":123,"column":39},"end":{"line":123,"column":66}}],"line":123},"7":{"loc":{"start":{"line":124,"column":18},"end":{"line":124,"column":84}},"type":"binary-expr","locations":[{"start":{"line":124,"column":18},"end":{"line":124,"column":33}},{"start":{"line":124,"column":37},"end":{"line":124,"column":53}},{"start":{"line":124,"column":57},"end":{"line":124,"column":84}}],"line":124}},"s":{"0":0,"1":0,"2":0,"3":0,"4":0,"5":0},"f":{"0":0,"1":0,"2":0,"3":0,"4":0},"b":{"0":[0,0],"1":[0,0],"2":[0,0],"3":[0,0],"4":[0,0,0],"5":[0,0],"6":[0,0],"7":[0,0,0]}}
,"/Users/tosinpeter/ExpoProjects/gloord-app/routine-app/src/features/lab-test/components/info-item.tsx": {"path":"/Users/tosinpeter/ExpoProjects/gloord-app/routine-app/src/features/lab-test/components/info-item.tsx","statementMap":{"0":{"start":{"line":15,"column":2},"end":{"line":23,"column":4}},"1":{"start":{"line":26,"column":15},"end":{"line":54,"column":2}}},"fnMap":{"0":{"name":"InfoItem","decl":{"start":{"line":14,"column":16},"end":{"line":14,"column":24}},"loc":{"start":{"line":14,"column":64},"end":{"line":24,"column":1}},"line":14}},"branchMap":{},"s":{"0":0,"1":0},"f":{"0":0},"b":{}}
,"/Users/tosinpeter/ExpoProjects/gloord-app/routine-app/src/features/lab-test/components/lab-header.tsx": {"path":"/Users/tosinpeter/ExpoProjects/gloord-app/routine-app/src/features/lab-test/components/lab-header.tsx","statementMap":{"0":{"start":{"line":13,"column":2},"end":{"line":27,"column":4}},"1":{"start":{"line":30,"column":15},"end":{"line":57,"column":2}}},"fnMap":{"0":{"name":"LabHeader","decl":{"start":{"line":12,"column":16},"end":{"line":12,"column":25}},"loc":{"start":{"line":12,"column":59},"end":{"line":28,"column":1}},"line":12}},"branchMap":{},"s":{"0":0,"1":0},"f":{"0":0},"b":{}}
,"/Users/tosinpeter/ExpoProjects/gloord-app/routine-app/src/features/lab-test/screens/book-lab-test.tsx": {"path":"/Users/tosinpeter/ExpoProjects/gloord-app/routine-app/src/features/lab-test/screens/book-lab-test.tsx","statementMap":{"0":{"start":{"line":22,"column":24},"end":{"line":30,"column":1}},"1":{"start":{"line":32,"column":39},"end":{"line":41,"column":1}},"2":{"start":{"line":44,"column":50},"end":{"line":44,"column":61}},"3":{"start":{"line":45,"column":36},"end":{"line":45,"column":76}},"4":{"start":{"line":46,"column":23},"end":{"line":46,"column":43}},"5":{"start":{"line":48,"column":26},"end":{"line":50,"column":3}},"6":{"start":{"line":49,"column":4},"end":{"line":49,"column":31}},"7":{"start":{"line":52,"column":31},"end":{"line":60,"column":3}},"8":{"start":{"line":53,"column":4},"end":{"line":53,"column":46}},"9":{"start":{"line":53,"column":39},"end":{"line":53,"column":46}},"10":{"start":{"line":55,"column":4},"end":{"line":59,"column":6}},"11":{"start":{"line":56,"column":6},"end":{"line":58,"column":7}},"12":{"start":{"line":57,"column":8},"end":{"line":57,"column":70}},"13":{"start":{"line":62,"column":28},"end":{"line":67,"column":3}},"14":{"start":{"line":63,"column":26},"end":{"line":63,"column":69}},"15":{"start":{"line":63,"column":53},"end":{"line":63,"column":68}},"16":{"start":{"line":64,"column":4},"end":{"line":64,"column":57}},"17":{"start":{"line":65,"column":4},"end":{"line":65,"column":50}},"18":{"start":{"line":66,"column":4},"end":{"line":66,"column":48}},"19":{"start":{"line":69,"column":2},"end":{"line":129,"column":4}},"20":{"start":{"line":132,"column":15},"end":{"line":194,"column":2}}},"fnMap":{"0":{"name":"SelectLabTestScreen","decl":{"start":{"line":43,"column":24},"end":{"line":43,"column":43}},"loc":{"start":{"line":43,"column":46},"end":{"line":130,"column":1}},"line":43},"1":{"name":"(anonymous_1)","decl":{"start":{"line":48,"column":26},"end":{"line":48,"column":27}},"loc":{"start":{"line":48,"column":45},"end":{"line":50,"column":3}},"line":48},"2":{"name":"(anonymous_2)","decl":{"start":{"line":52,"column":31},"end":{"line":52,"column":32}},"loc":{"start":{"line":52,"column":50},"end":{"line":60,"column":3}},"line":52},"3":{"name":"(anonymous_3)","decl":{"start":{"line":55,"column":17},"end":{"line":55,"column":18}},"loc":{"start":{"line":56,"column":6},"end":{"line":58,"column":7}},"line":56},"4":{"name":"(anonymous_4)","decl":{"start":{"line":56,"column":15},"end":{"line":56,"column":16}},"loc":{"start":{"line":57,"column":8},"end":{"line":57,"column":70}},"line":57},"5":{"name":"(anonymous_5)","decl":{"start":{"line":62,"column":28},"end":{"line":62,"column":29}},"loc":{"start":{"line":62,"column":34},"end":{"line":67,"column":3}},"line":62},"6":{"name":"(anonymous_6)","decl":{"start":{"line":63,"column":43},"end":{"line":63,"column":44}},"loc":{"start":{"line":63,"column":53},"end":{"line":63,"column":68}},"line":63}},"branchMap":{"0":{"loc":{"start":{"line":53,"column":4},"end":{"line":53,"column":46}},"type":"if","locations":[{"start":{"line":53,"column":4},"end":{"line":53,"column":46}},{"start":{},"end":{}}],"line":53},"1":{"loc":{"start":{"line":57,"column":8},"end":{"line":57,"column":70}},"type":"cond-expr","locations":[{"start":{"line":57,"column":22},"end":{"line":57,"column":63}},{"start":{"line":57,"column":66},"end":{"line":57,"column":70}}],"line":57}},"s":{"0":0,"1":0,"2":0,"3":0,"4":0,"5":0,"6":0,"7":0,"8":0,"9":0,"10":0,"11":0,"12":0,"13":0,"14":0,"15":0,"16":0,"17":0,"18":0,"19":0,"20":0},"f":{"0":0,"1":0,"2":0,"3":0,"4":0,"5":0,"6":0},"b":{"0":[0,0],"1":[0,0]}}
,"/Users/tosinpeter/ExpoProjects/gloord-app/routine-app/src/features/lab-test/screens/lab-test-completed.tsx": {"path":"/Users/tosinpeter/ExpoProjects/gloord-app/routine-app/src/features/lab-test/screens/lab-test-completed.tsx","statementMap":{"0":{"start":{"line":14,"column":23},"end":{"line":14,"column":60}},"1":{"start":{"line":15,"column":27},"end":{"line":15,"column":64}},"2":{"start":{"line":17,"column":4},"end":{"line":32,"column":37}},"3":{"start":{"line":18,"column":8},"end":{"line":23,"column":19}},"4":{"start":{"line":25,"column":8},"end":{"line":31,"column":16}},"5":{"start":{"line":26,"column":12},"end":{"line":30,"column":23}},"6":{"start":{"line":34,"column":29},"end":{"line":36,"column":5}},"7":{"start":{"line":35,"column":8},"end":{"line":35,"column":28}},"8":{"start":{"line":38,"column":4},"end":{"line":91,"column":6}},"9":{"start":{"line":94,"column":15},"end":{"line":162,"column":2}}},"fnMap":{"0":{"name":"LabTestCompletedScreen","decl":{"start":{"line":13,"column":24},"end":{"line":13,"column":46}},"loc":{"start":{"line":13,"column":49},"end":{"line":92,"column":1}},"line":13},"1":{"name":"(anonymous_1)","decl":{"start":{"line":17,"column":14},"end":{"line":17,"column":15}},"loc":{"start":{"line":17,"column":20},"end":{"line":32,"column":5}},"line":17},"2":{"name":"(anonymous_2)","decl":{"start":{"line":25,"column":19},"end":{"line":25,"column":20}},"loc":{"start":{"line":25,"column":25},"end":{"line":31,"column":9}},"line":25},"3":{"name":"(anonymous_3)","decl":{"start":{"line":34,"column":29},"end":{"line":34,"column":30}},"loc":{"start":{"line":34,"column":35},"end":{"line":36,"column":5}},"line":34}},"branchMap":{},"s":{"0":0,"1":0,"2":0,"3":0,"4":0,"5":0,"6":0,"7":0,"8":0,"9":0},"f":{"0":0,"1":0,"2":0,"3":0},"b":{}}
,"/Users/tosinpeter/ExpoProjects/gloord-app/routine-app/src/features/lab-test/screens/lab-test-index.tsx": {"path":"/Users/tosinpeter/ExpoProjects/gloord-app/routine-app/src/features/lab-test/screens/lab-test-index.tsx","statementMap":{"0":{"start":{"line":24,"column":16},"end":{"line":24,"column":85}},"1":{"start":{"line":27,"column":46},"end":{"line":27,"column":61}},"2":{"start":{"line":29,"column":30},"end":{"line":69,"column":5}},"3":{"start":{"line":30,"column":8},"end":{"line":68,"column":9}},"4":{"start":{"line":31,"column":12},"end":{"line":31,"column":35}},"5":{"start":{"line":34,"column":29},"end":{"line":34,"column":57}},"6":{"start":{"line":35,"column":36},"end":{"line":35,"column":70}},"7":{"start":{"line":38,"column":35},"end":{"line":40,"column":14}},"8":{"start":{"line":43,"column":32},"end":{"line":43,"column":64}},"9":{"start":{"line":45,"column":12},"end":{"line":58,"column":13}},"10":{"start":{"line":47,"column":16},"end":{"line":51,"column":19}},"11":{"start":{"line":53,"column":16},"end":{"line":57,"column":18}},"12":{"start":{"line":60,"column":12},"end":{"line":60,"column":59}},"13":{"start":{"line":61,"column":12},"end":{"line":65,"column":14}},"14":{"start":{"line":67,"column":12},"end":{"line":67,"column":36}},"15":{"start":{"line":71,"column":4},"end":{"line":127,"column":6}},"16":{"start":{"line":130,"column":15},"end":{"line":320,"column":2}}},"fnMap":{"0":{"name":"LabTestScreen","decl":{"start":{"line":26,"column":24},"end":{"line":26,"column":37}},"loc":{"start":{"line":26,"column":40},"end":{"line":128,"column":1}},"line":26},"1":{"name":"(anonymous_1)","decl":{"start":{"line":29,"column":30},"end":{"line":29,"column":31}},"loc":{"start":{"line":29,"column":42},"end":{"line":69,"column":5}},"line":29}},"branchMap":{"0":{"loc":{"start":{"line":45,"column":12},"end":{"line":58,"column":13}},"type":"if","locations":[{"start":{"line":45,"column":12},"end":{"line":58,"column":13}},{"start":{"line":52,"column":19},"end":{"line":58,"column":13}}],"line":45},"1":{"loc":{"start":{"line":100,"column":28},"end":{"line":100,"column":74}},"type":"binary-expr","locations":[{"start":{"line":100,"column":28},"end":{"line":100,"column":41}},{"start":{"line":100,"column":45},"end":{"line":100,"column":74}}],"line":100},"2":{"loc":{"start":{"line":106,"column":25},"end":{"line":113,"column":25}},"type":"cond-expr","locations":[{"start":{"line":107,"column":28},"end":{"line":110,"column":35}},{"start":{"line":112,"column":28},"end":{"line":112,"column":101}}],"line":106}},"s":{"0":0,"1":0,"2":0,"3":0,"4":0,"5":0,"6":0,"7":0,"8":0,"9":0,"10":0,"11":0,"12":0,"13":0,"14":0,"15":0,"16":0},"f":{"0":0,"1":0},"b":{"0":[0,0],"1":[0,0],"2":[0,0]}}
,"/Users/tosinpeter/ExpoProjects/gloord-app/routine-app/src/features/lab-test/screens/precription-download.tsx": {"path":"/Users/tosinpeter/ExpoProjects/gloord-app/routine-app/src/features/lab-test/screens/precription-download.tsx","statementMap":{"0":{"start":{"line":29,"column":22},"end":{"line":29,"column":59}},"1":{"start":{"line":30,"column":24},"end":{"line":30,"column":61}},"2":{"start":{"line":32,"column":4},"end":{"line":48,"column":11}},"3":{"start":{"line":34,"column":8},"end":{"line":46,"column":19}},"4":{"start":{"line":50,"column":25},"end":{"line":52,"column":5}},"5":{"start":{"line":51,"column":8},"end":{"line":51,"column":53}},"6":{"start":{"line":54,"column":4},"end":{"line":91,"column":6}},"7":{"start":{"line":94,"column":15},"end":{"line":238,"column":2}}},"fnMap":{"0":{"name":"PrecriptionDownLoadScreen","decl":{"start":{"line":28,"column":24},"end":{"line":28,"column":49}},"loc":{"start":{"line":28,"column":52},"end":{"line":92,"column":1}},"line":28},"1":{"name":"(anonymous_1)","decl":{"start":{"line":32,"column":14},"end":{"line":32,"column":15}},"loc":{"start":{"line":32,"column":20},"end":{"line":48,"column":5}},"line":32},"2":{"name":"(anonymous_2)","decl":{"start":{"line":50,"column":25},"end":{"line":50,"column":26}},"loc":{"start":{"line":50,"column":31},"end":{"line":52,"column":5}},"line":50}},"branchMap":{},"s":{"0":0,"1":0,"2":0,"3":0,"4":0,"5":0,"6":0,"7":0},"f":{"0":0,"1":0,"2":0},"b":{}}
,"/Users/tosinpeter/ExpoProjects/gloord-app/routine-app/src/features/lab-test/screens/prescription-upload.tsx": {"path":"/Users/tosinpeter/ExpoProjects/gloord-app/routine-app/src/features/lab-test/screens/prescription-upload.tsx","statementMap":{"0":{"start":{"line":33,"column":2},"end":{"line":33,"column":33}},"1":{"start":{"line":33,"column":19},"end":{"line":33,"column":33}},"2":{"start":{"line":34,"column":12},"end":{"line":34,"column":16}},"3":{"start":{"line":35,"column":16},"end":{"line":35,"column":43}},"4":{"start":{"line":36,"column":12},"end":{"line":36,"column":53}},"5":{"start":{"line":37,"column":2},"end":{"line":37,"column":74}},"6":{"start":{"line":48,"column":22},"end":{"line":48,"column":31}},"7":{"start":{"line":49,"column":17},"end":{"line":49,"column":41}},"8":{"start":{"line":56,"column":6},"end":{"line":56,"column":21}},"9":{"start":{"line":57,"column":46},"end":{"line":57,"column":75}},"10":{"start":{"line":59,"column":2},"end":{"line":63,"column":27}},"11":{"start":{"line":60,"column":4},"end":{"line":62,"column":5}},"12":{"start":{"line":61,"column":6},"end":{"line":61,"column":25}},"13":{"start":{"line":65,"column":29},"end":{"line":114,"column":3}},"14":{"start":{"line":66,"column":4},"end":{"line":66,"column":24}},"15":{"start":{"line":66,"column":17},"end":{"line":66,"column":24}},"16":{"start":{"line":67,"column":4},"end":{"line":113,"column":5}},"17":{"start":{"line":68,"column":21},"end":{"line":72,"column":8}},"18":{"start":{"line":74,"column":6},"end":{"line":110,"column":7}},"19":{"start":{"line":75,"column":20},"end":{"line":75,"column":30}},"20":{"start":{"line":76,"column":42},"end":{"line":81,"column":11}},"21":{"start":{"line":76,"column":75},"end":{"line":81,"column":9}},"22":{"start":{"line":82,"column":8},"end":{"line":82,"column":60}},"23":{"start":{"line":82,"column":36},"end":{"line":82,"column":58}},"24":{"start":{"line":84,"column":8},"end":{"line":109,"column":9}},"25":{"start":{"line":84,"column":21},"end":{"line":84,"column":22}},"26":{"start":{"line":85,"column":24},"end":{"line":85,"column":40}},"27":{"start":{"line":86,"column":26},"end":{"line":86,"column":41}},"28":{"start":{"line":87,"column":10},"end":{"line":108,"column":11}},"29":{"start":{"line":88,"column":12},"end":{"line":105,"column":14}},"30":{"start":{"line":98,"column":18},"end":{"line":102,"column":20}},"31":{"start":{"line":99,"column":20},"end":{"line":101,"column":21}},"32":{"start":{"line":100,"column":22},"end":{"line":100,"column":73}},"33":{"start":{"line":107,"column":12},"end":{"line":107,"column":79}},"34":{"start":{"line":107,"column":40},"end":{"line":107,"column":77}},"35":{"start":{"line":107,"column":59},"end":{"line":107,"column":76}},"36":{"start":{"line":112,"column":6},"end":{"line":112,"column":52}},"37":{"start":{"line":116,"column":27},"end":{"line":118,"column":3}},"38":{"start":{"line":117,"column":4},"end":{"line":117,"column":29}},"39":{"start":{"line":120,"column":23},"end":{"line":122,"column":3}},"40":{"start":{"line":121,"column":4},"end":{"line":121,"column":50}},"41":{"start":{"line":124,"column":2},"end":{"line":207,"column":4}},"42":{"start":{"line":165,"column":14},"end":{"line":179,"column":16}},"43":{"start":{"line":175,"column":18},"end":{"line":177,"column":19}},"44":{"start":{"line":176,"column":20},"end":{"line":176,"column":58}},"45":{"start":{"line":176,"column":39},"end":{"line":176,"column":57}},"46":{"start":{"line":182,"column":14},"end":{"line":192,"column":16}},"47":{"start":{"line":191,"column":32},"end":{"line":191,"column":57}},"48":{"start":{"line":222,"column":2},"end":{"line":267,"column":4}},"49":{"start":{"line":270,"column":15},"end":{"line":415,"column":2}}},"fnMap":{"0":{"name":"formatFileSize","decl":{"start":{"line":32,"column":9},"end":{"line":32,"column":23}},"loc":{"start":{"line":32,"column":47},"end":{"line":38,"column":1}},"line":32},"1":{"name":"UploadScreen","decl":{"start":{"line":47,"column":24},"end":{"line":47,"column":36}},"loc":{"start":{"line":47,"column":39},"end":{"line":208,"column":1}},"line":47},"2":{"name":"(anonymous_2)","decl":{"start":{"line":59,"column":12},"end":{"line":59,"column":13}},"loc":{"start":{"line":59,"column":18},"end":{"line":63,"column":3}},"line":59},"3":{"name":"(anonymous_3)","decl":{"start":{"line":65,"column":29},"end":{"line":65,"column":30}},"loc":{"start":{"line":65,"column":41},"end":{"line":114,"column":3}},"line":65},"4":{"name":"(anonymous_4)","decl":{"start":{"line":76,"column":60},"end":{"line":76,"column":61}},"loc":{"start":{"line":76,"column":75},"end":{"line":81,"column":9}},"line":76},"5":{"name":"(anonymous_5)","decl":{"start":{"line":82,"column":26},"end":{"line":82,"column":27}},"loc":{"start":{"line":82,"column":36},"end":{"line":82,"column":58}},"line":82},"6":{"name":"(anonymous_6)","decl":{"start":{"line":97,"column":28},"end":{"line":97,"column":29}},"loc":{"start":{"line":97,"column":41},"end":{"line":103,"column":17}},"line":97},"7":{"name":"(anonymous_7)","decl":{"start":{"line":98,"column":36},"end":{"line":98,"column":37}},"loc":{"start":{"line":99,"column":20},"end":{"line":101,"column":21}},"line":99},"8":{"name":"(anonymous_8)","decl":{"start":{"line":99,"column":29},"end":{"line":99,"column":30}},"loc":{"start":{"line":100,"column":22},"end":{"line":100,"column":73}},"line":100},"9":{"name":"(anonymous_9)","decl":{"start":{"line":107,"column":30},"end":{"line":107,"column":31}},"loc":{"start":{"line":107,"column":40},"end":{"line":107,"column":77}},"line":107},"10":{"name":"(anonymous_10)","decl":{"start":{"line":107,"column":52},"end":{"line":107,"column":53}},"loc":{"start":{"line":107,"column":59},"end":{"line":107,"column":76}},"line":107},"11":{"name":"(anonymous_11)","decl":{"start":{"line":116,"column":27},"end":{"line":116,"column":28}},"loc":{"start":{"line":116,"column":53},"end":{"line":118,"column":3}},"line":116},"12":{"name":"(anonymous_12)","decl":{"start":{"line":120,"column":23},"end":{"line":120,"column":24}},"loc":{"start":{"line":120,"column":29},"end":{"line":122,"column":3}},"line":120},"13":{"name":"(anonymous_13)","decl":{"start":{"line":164,"column":32},"end":{"line":164,"column":33}},"loc":{"start":{"line":165,"column":14},"end":{"line":179,"column":16}},"line":165},"14":{"name":"(anonymous_14)","decl":{"start":{"line":174,"column":26},"end":{"line":174,"column":27}},"loc":{"start":{"line":175,"column":18},"end":{"line":177,"column":19}},"line":175},"15":{"name":"(anonymous_15)","decl":{"start":{"line":175,"column":36},"end":{"line":175,"column":37}},"loc":{"start":{"line":176,"column":20},"end":{"line":176,"column":58}},"line":176},"16":{"name":"(anonymous_16)","decl":{"start":{"line":176,"column":32},"end":{"line":176,"column":33}},"loc":{"start":{"line":176,"column":39},"end":{"line":176,"column":57}},"line":176},"17":{"name":"(anonymous_17)","decl":{"start":{"line":181,"column":23},"end":{"line":181,"column":24}},"loc":{"start":{"line":182,"column":14},"end":{"line":192,"column":16}},"line":182},"18":{"name":"(anonymous_18)","decl":{"start":{"line":191,"column":26},"end":{"line":191,"column":27}},"loc":{"start":{"line":191,"column":32},"end":{"line":191,"column":57}},"line":191},"19":{"name":"FileItem","decl":{"start":{"line":221,"column":9},"end":{"line":221,"column":17}},"loc":{"start":{"line":221,"column":53},"end":{"line":268,"column":1}},"line":221}},"branchMap":{"0":{"loc":{"start":{"line":33,"column":2},"end":{"line":33,"column":33}},"type":"if","locations":[{"start":{"line":33,"column":2},"end":{"line":33,"column":33}},{"start":{},"end":{}}],"line":33},"1":{"loc":{"start":{"line":49,"column":17},"end":{"line":49,"column":41}},"type":"binary-expr","locations":[{"start":{"line":49,"column":17},"end":{"line":49,"column":28}},{"start":{"line":49,"column":32},"end":{"line":49,"column":41}}],"line":49},"2":{"loc":{"start":{"line":60,"column":4},"end":{"line":62,"column":5}},"type":"if","locations":[{"start":{"line":60,"column":4},"end":{"line":62,"column":5}},{"start":{},"end":{}}],"line":60},"3":{"loc":{"start":{"line":66,"column":4},"end":{"line":66,"column":24}},"type":"if","locations":[{"start":{"line":66,"column":4},"end":{"line":66,"column":24}},{"start":{},"end":{}}],"line":66},"4":{"loc":{"start":{"line":74,"column":6},"end":{"line":110,"column":7}},"type":"if","locations":[{"start":{"line":74,"column":6},"end":{"line":110,"column":7}},{"start":{},"end":{}}],"line":74},"5":{"loc":{"start":{"line":74,"column":10},"end":{"line":74,"column":43}},"type":"binary-expr","locations":[{"start":{"line":74,"column":10},"end":{"line":74,"column":26}},{"start":{"line":74,"column":30},"end":{"line":74,"column":43}}],"line":74},"6":{"loc":{"start":{"line":79,"column":21},"end":{"line":79,"column":36}},"type":"binary-expr","locations":[{"start":{"line":79,"column":21},"end":{"line":79,"column":31}},{"start":{"line":79,"column":35},"end":{"line":79,"column":36}}],"line":79},"7":{"loc":{"start":{"line":92,"column":26},"end":{"line":92,"column":70}},"type":"binary-expr","locations":[{"start":{"line":92,"column":26},"end":{"line":92,"column":40}},{"start":{"line":92,"column":44},"end":{"line":92,"column":70}}],"line":92},"8":{"loc":{"start":{"line":100,"column":22},"end":{"line":100,"column":73}},"type":"cond-expr","locations":[{"start":{"line":100,"column":42},"end":{"line":100,"column":69}},{"start":{"line":100,"column":72},"end":{"line":100,"column":73}}],"line":100},"9":{"loc":{"start":{"line":158,"column":11},"end":{"line":160,"column":18}},"type":"cond-expr","locations":[{"start":{"line":159,"column":12},"end":{"line":159,"column":63}},{"start":{"line":160,"column":14},"end":{"line":160,"column":18}}],"line":158},"10":{"loc":{"start":{"line":187,"column":39},"end":{"line":187,"column":53}},"type":"binary-expr","locations":[{"start":{"line":187,"column":39},"end":{"line":187,"column":48}},{"start":{"line":187,"column":52},"end":{"line":187,"column":53}}],"line":187},"11":{"loc":{"start":{"line":201,"column":24},"end":{"line":201,"column":71}},"type":"binary-expr","locations":[{"start":{"line":201,"column":24},"end":{"line":201,"column":42}},{"start":{"line":201,"column":46},"end":{"line":201,"column":71}}],"line":201},"12":{"loc":{"start":{"line":237,"column":9},"end":{"line":248,"column":9}},"type":"cond-expr","locations":[{"start":{"line":238,"column":10},"end":{"line":238,"column":97}},{"start":{"line":240,"column":10},"end":{"line":247,"column":29}}],"line":237},"13":{"loc":{"start":{"line":259,"column":33},"end":{"line":259,"column":89}},"type":"cond-expr","locations":[{"start":{"line":259,"column":52},"end":{"line":259,"column":69}},{"start":{"line":259,"column":72},"end":{"line":259,"column":89}}],"line":259}},"s":{"0":0,"1":0,"2":0,"3":0,"4":0,"5":0,"6":0,"7":0,"8":0,"9":0,"10":0,"11":0,"12":0,"13":0,"14":0,"15":0,"16":0,"17":0,"18":0,"19":0,"20":0,"21":0,"22":0,"23":0,"24":0,"25":0,"26":0,"27":0,"28":0,"29":0,"30":0,"31":0,"32":0,"33":0,"34":0,"35":0,"36":0,"37":0,"38":0,"39":0,"40":0,"41":0,"42":0,"43":0,"44":0,"45":0,"46":0,"47":0,"48":0,"49":0},"f":{"0":0,"1":0,"2":0,"3":0,"4":0,"5":0,"6":0,"7":0,"8":0,"9":0,"10":0,"11":0,"12":0,"13":0,"14":0,"15":0,"16":0,"17":0,"18":0,"19":0},"b":{"0":[0,0],"1":[0,0],"2":[0,0],"3":[0,0],"4":[0,0],"5":[0,0],"6":[0,0],"7":[0,0],"8":[0,0],"9":[0,0],"10":[0,0],"11":[0,0],"12":[0,0],"13":[0,0]}}
,"/Users/tosinpeter/ExpoProjects/gloord-app/routine-app/src/features/lab-test/screens/select-lab-location.tsx": {"path":"/Users/tosinpeter/ExpoProjects/gloord-app/routine-app/src/features/lab-test/screens/select-lab-location.tsx","statementMap":{"0":{"start":{"line":38,"column":28},"end":{"line":71,"column":1}},"1":{"start":{"line":73,"column":31},"end":{"line":78,"column":1}},"2":{"start":{"line":81,"column":40},"end":{"line":81,"column":52}},"3":{"start":{"line":82,"column":45},"end":{"line":82,"column":74}},"4":{"start":{"line":84,"column":23},"end":{"line":90,"column":10}},"5":{"start":{"line":87,"column":8},"end":{"line":88,"column":69}},"6":{"start":{"line":92,"column":26},"end":{"line":95,"column":8}},"7":{"start":{"line":93,"column":4},"end":{"line":93,"column":29}},"8":{"start":{"line":94,"column":4},"end":{"line":94,"column":43}},"9":{"start":{"line":97,"column":24},"end":{"line":117,"column":3}},"10":{"start":{"line":99,"column":6},"end":{"line":114,"column":25}},"11":{"start":{"line":102,"column":23},"end":{"line":102,"column":44}},"12":{"start":{"line":119,"column":23},"end":{"line":119,"column":70}},"13":{"start":{"line":119,"column":58},"end":{"line":119,"column":65}},"14":{"start":{"line":121,"column":24},"end":{"line":124,"column":3}},"15":{"start":{"line":122,"column":10},"end":{"line":122,"column":43}},"16":{"start":{"line":126,"column":2},"end":{"line":206,"column":4}},"17":{"start":{"line":137,"column":12},"end":{"line":145,"column":14}},"18":{"start":{"line":209,"column":15},"end":{"line":337,"column":2}}},"fnMap":{"0":{"name":"SelectLabLocationScreen","decl":{"start":{"line":80,"column":24},"end":{"line":80,"column":47}},"loc":{"start":{"line":80,"column":50},"end":{"line":207,"column":1}},"line":80},"1":{"name":"(anonymous_1)","decl":{"start":{"line":86,"column":6},"end":{"line":86,"column":7}},"loc":{"start":{"line":87,"column":8},"end":{"line":88,"column":69}},"line":87},"2":{"name":"(anonymous_2)","decl":{"start":{"line":92,"column":38},"end":{"line":92,"column":39}},"loc":{"start":{"line":92,"column":60},"end":{"line":95,"column":3}},"line":92},"3":{"name":"(anonymous_3)","decl":{"start":{"line":98,"column":4},"end":{"line":98,"column":5}},"loc":{"start":{"line":99,"column":6},"end":{"line":114,"column":25}},"line":99},"4":{"name":"(anonymous_4)","decl":{"start":{"line":102,"column":17},"end":{"line":102,"column":18}},"loc":{"start":{"line":102,"column":23},"end":{"line":102,"column":44}},"line":102},"5":{"name":"(anonymous_5)","decl":{"start":{"line":119,"column":35},"end":{"line":119,"column":36}},"loc":{"start":{"line":119,"column":58},"end":{"line":119,"column":65}},"line":119},"6":{"name":"(anonymous_6)","decl":{"start":{"line":122,"column":4},"end":{"line":122,"column":5}},"loc":{"start":{"line":122,"column":10},"end":{"line":122,"column":43}},"line":122},"7":{"name":"(anonymous_7)","decl":{"start":{"line":136,"column":20},"end":{"line":136,"column":21}},"loc":{"start":{"line":137,"column":12},"end":{"line":145,"column":14}},"line":137}},"branchMap":{"0":{"loc":{"start":{"line":84,"column":23},"end":{"line":90,"column":10}},"type":"cond-expr","locations":[{"start":{"line":85,"column":6},"end":{"line":89,"column":5}},{"start":{"line":90,"column":6},"end":{"line":90,"column":10}}],"line":84},"1":{"loc":{"start":{"line":87,"column":8},"end":{"line":88,"column":69}},"type":"binary-expr","locations":[{"start":{"line":87,"column":8},"end":{"line":87,"column":66}},{"start":{"line":88,"column":8},"end":{"line":88,"column":69}}],"line":87}},"s":{"0":0,"1":0,"2":0,"3":0,"4":0,"5":0,"6":0,"7":0,"8":0,"9":0,"10":0,"11":0,"12":0,"13":0,"14":0,"15":0,"16":0,"17":0,"18":0},"f":{"0":0,"1":0,"2":0,"3":0,"4":0,"5":0,"6":0,"7":0},"b":{"0":[0,0],"1":[0,0]}}
,"/Users/tosinpeter/ExpoProjects/gloord-app/routine-app/src/features/notification/components/animated-notification-item.tsx": {"path":"/Users/tosinpeter/ExpoProjects/gloord-app/routine-app/src/features/notification/components/animated-notification-item.tsx","statementMap":{"0":{"start":{"line":14,"column":4},"end":{"line":25,"column":5}},"1":{"start":{"line":16,"column":12},"end":{"line":16,"column":116}},"2":{"start":{"line":18,"column":12},"end":{"line":18,"column":122}},"3":{"start":{"line":20,"column":12},"end":{"line":20,"column":114}},"4":{"start":{"line":22,"column":12},"end":{"line":22,"column":114}},"5":{"start":{"line":24,"column":12},"end":{"line":24,"column":116}},"6":{"start":{"line":34,"column":81},"end":{"line":76,"column":1}},"7":{"start":{"line":35,"column":21},"end":{"line":35,"column":58}},"8":{"start":{"line":36,"column":22},"end":{"line":36,"column":60}},"9":{"start":{"line":38,"column":4},"end":{"line":53,"column":37}},"10":{"start":{"line":39,"column":8},"end":{"line":52,"column":19}},"11":{"start":{"line":55,"column":28},"end":{"line":55,"column":76}},"12":{"start":{"line":57,"column":4},"end":{"line":75,"column":6}},"13":{"start":{"line":72,"column":31},"end":{"line":72,"column":55}}},"fnMap":{"0":{"name":"getIconComponent","decl":{"start":{"line":13,"column":9},"end":{"line":13,"column":25}},"loc":{"start":{"line":13,"column":82},"end":{"line":26,"column":1}},"line":13},"1":{"name":"(anonymous_1)","decl":{"start":{"line":34,"column":81},"end":{"line":34,"column":82}},"loc":{"start":{"line":34,"column":119},"end":{"line":76,"column":1}},"line":34},"2":{"name":"(anonymous_2)","decl":{"start":{"line":38,"column":14},"end":{"line":38,"column":15}},"loc":{"start":{"line":38,"column":20},"end":{"line":53,"column":5}},"line":38},"3":{"name":"(anonymous_3)","decl":{"start":{"line":72,"column":25},"end":{"line":72,"column":26}},"loc":{"start":{"line":72,"column":31},"end":{"line":72,"column":55}},"line":72}},"branchMap":{"0":{"loc":{"start":{"line":14,"column":4},"end":{"line":25,"column":5}},"type":"switch","locations":[{"start":{"line":15,"column":8},"end":{"line":16,"column":116}},{"start":{"line":17,"column":8},"end":{"line":18,"column":122}},{"start":{"line":19,"column":8},"end":{"line":20,"column":114}},{"start":{"line":21,"column":8},"end":{"line":22,"column":114}},{"start":{"line":23,"column":8},"end":{"line":24,"column":116}}],"line":14}},"s":{"0":0,"1":0,"2":0,"3":0,"4":0,"5":0,"6":0,"7":0,"8":0,"9":0,"10":0,"11":0,"12":0,"13":0},"f":{"0":0,"1":0,"2":0,"3":0},"b":{"0":[0,0,0,0,0]}}
,"/Users/tosinpeter/ExpoProjects/gloord-app/routine-app/src/features/notification/components/animated-section-header.tsx": {"path":"/Users/tosinpeter/ExpoProjects/gloord-app/routine-app/src/features/notification/components/animated-section-header.tsx","statementMap":{"0":{"start":{"line":14,"column":75},"end":{"line":31,"column":1}},"1":{"start":{"line":15,"column":21},"end":{"line":15,"column":58}},"2":{"start":{"line":17,"column":4},"end":{"line":24,"column":26}},"3":{"start":{"line":18,"column":8},"end":{"line":23,"column":19}},"4":{"start":{"line":26,"column":4},"end":{"line":30,"column":6}},"5":{"start":{"line":33,"column":15},"end":{"line":41,"column":2}}},"fnMap":{"0":{"name":"(anonymous_0)","decl":{"start":{"line":14,"column":75},"end":{"line":14,"column":76}},"loc":{"start":{"line":14,"column":97},"end":{"line":31,"column":1}},"line":14},"1":{"name":"(anonymous_1)","decl":{"start":{"line":17,"column":14},"end":{"line":17,"column":15}},"loc":{"start":{"line":17,"column":20},"end":{"line":24,"column":5}},"line":17}},"branchMap":{},"s":{"0":0,"1":0,"2":0,"3":0,"4":0,"5":0},"f":{"0":0,"1":0},"b":{}}
,"/Users/tosinpeter/ExpoProjects/gloord-app/routine-app/src/features/notification/components/notification-card.tsx": {"path":"/Users/tosinpeter/ExpoProjects/gloord-app/routine-app/src/features/notification/components/notification-card.tsx","statementMap":{"0":{"start":{"line":27,"column":24},"end":{"line":27,"column":57}},"1":{"start":{"line":28,"column":25},"end":{"line":28,"column":71}},"2":{"start":{"line":30,"column":4},"end":{"line":49,"column":6}},"3":{"start":{"line":52,"column":15},"end":{"line":100,"column":2}}},"fnMap":{"0":{"name":"NotificationCard","decl":{"start":{"line":18,"column":16},"end":{"line":18,"column":32}},"loc":{"start":{"line":26,"column":26},"end":{"line":50,"column":1}},"line":26}},"branchMap":{"0":{"loc":{"start":{"line":24,"column":4},"end":{"line":24,"column":31}},"type":"default-arg","locations":[{"start":{"line":24,"column":26},"end":{"line":24,"column":31}}],"line":24},"1":{"loc":{"start":{"line":27,"column":24},"end":{"line":27,"column":57}},"type":"cond-expr","locations":[{"start":{"line":27,"column":34},"end":{"line":27,"column":50}},{"start":{"line":27,"column":53},"end":{"line":27,"column":57}}],"line":27},"2":{"loc":{"start":{"line":28,"column":25},"end":{"line":28,"column":71}},"type":"cond-expr","locations":[{"start":{"line":28,"column":35},"end":{"line":28,"column":66}},{"start":{"line":28,"column":69},"end":{"line":28,"column":71}}],"line":28},"3":{"loc":{"start":{"line":32,"column":13},"end":{"line":34,"column":13}},"type":"binary-expr","locations":[{"start":{"line":32,"column":13},"end":{"line":32,"column":32}},{"start":{"line":33,"column":16},"end":{"line":33,"column":55}}],"line":32},"4":{"loc":{"start":{"line":38,"column":20},"end":{"line":38,"column":83}},"type":"binary-expr","locations":[{"start":{"line":38,"column":20},"end":{"line":38,"column":39}},{"start":{"line":38,"column":43},"end":{"line":38,"column":83}}],"line":38}},"s":{"0":0,"1":0,"2":0,"3":0},"f":{"0":0},"b":{"0":[0],"1":[0,0],"2":[0,0],"3":[0,0],"4":[0,0]}}
,"/Users/tosinpeter/ExpoProjects/gloord-app/routine-app/src/features/notification/components/notification-empty-state.tsx": {"path":"/Users/tosinpeter/ExpoProjects/gloord-app/routine-app/src/features/notification/components/notification-empty-state.tsx","statementMap":{"0":{"start":{"line":11,"column":4},"end":{"line":21,"column":6}},"1":{"start":{"line":24,"column":15},"end":{"line":47,"column":2}}},"fnMap":{"0":{"name":"NotificationEmptyState","decl":{"start":{"line":10,"column":16},"end":{"line":10,"column":38}},"loc":{"start":{"line":10,"column":41},"end":{"line":22,"column":1}},"line":10}},"branchMap":{},"s":{"0":0,"1":0},"f":{"0":0},"b":{}}
,"/Users/tosinpeter/ExpoProjects/gloord-app/routine-app/src/features/notification/screens/notification-sheet.tsx": {"path":"/Users/tosinpeter/ExpoProjects/gloord-app/routine-app/src/features/notification/screens/notification-sheet.tsx","statementMap":{"0":{"start":{"line":23,"column":44},"end":{"line":23,"column":59}},"1":{"start":{"line":24,"column":30},"end":{"line":24,"column":59}},"2":{"start":{"line":26,"column":37},"end":{"line":79,"column":5}},"3":{"start":{"line":27,"column":8},"end":{"line":78,"column":9}},"4":{"start":{"line":28,"column":12},"end":{"line":28,"column":34}},"5":{"start":{"line":29,"column":12},"end":{"line":29,"column":27}},"6":{"start":{"line":32,"column":47},"end":{"line":32,"column":88}},"7":{"start":{"line":33,"column":30},"end":{"line":33,"column":44}},"8":{"start":{"line":36,"column":12},"end":{"line":39,"column":13}},"9":{"start":{"line":37,"column":35},"end":{"line":37,"column":80}},"10":{"start":{"line":38,"column":16},"end":{"line":38,"column":37}},"11":{"start":{"line":41,"column":12},"end":{"line":72,"column":13}},"12":{"start":{"line":43,"column":16},"end":{"line":43,"column":30}},"13":{"start":{"line":44,"column":19},"end":{"line":72,"column":13}},"14":{"start":{"line":46,"column":16},"end":{"line":46,"column":72}},"15":{"start":{"line":49,"column":16},"end":{"line":68,"column":18}},"16":{"start":{"line":60,"column":32},"end":{"line":64,"column":33}},"17":{"start":{"line":61,"column":36},"end":{"line":61,"column":69}},"18":{"start":{"line":63,"column":36},"end":{"line":63,"column":59}},"19":{"start":{"line":71,"column":16},"end":{"line":71,"column":67}},"20":{"start":{"line":74,"column":12},"end":{"line":74,"column":76}},"21":{"start":{"line":75,"column":12},"end":{"line":75,"column":59}},"22":{"start":{"line":77,"column":12},"end":{"line":77,"column":35}},"23":{"start":{"line":81,"column":29},"end":{"line":83,"column":5}},"24":{"start":{"line":82,"column":8},"end":{"line":82,"column":22}},"25":{"start":{"line":85,"column":4},"end":{"line":135,"column":6}},"26":{"start":{"line":138,"column":15},"end":{"line":191,"column":2}}},"fnMap":{"0":{"name":"NotificationSheet","decl":{"start":{"line":22,"column":24},"end":{"line":22,"column":41}},"loc":{"start":{"line":22,"column":44},"end":{"line":136,"column":1}},"line":22},"1":{"name":"(anonymous_1)","decl":{"start":{"line":26,"column":37},"end":{"line":26,"column":38}},"loc":{"start":{"line":26,"column":49},"end":{"line":79,"column":5}},"line":26},"2":{"name":"(anonymous_2)","decl":{"start":{"line":59,"column":37},"end":{"line":59,"column":38}},"loc":{"start":{"line":59,"column":43},"end":{"line":65,"column":29}},"line":59},"3":{"name":"(anonymous_3)","decl":{"start":{"line":81,"column":29},"end":{"line":81,"column":30}},"loc":{"start":{"line":81,"column":35},"end":{"line":83,"column":5}},"line":81}},"branchMap":{"0":{"loc":{"start":{"line":36,"column":12},"end":{"line":39,"column":13}},"type":"if","locations":[{"start":{"line":36,"column":12},"end":{"line":39,"column":13}},{"start":{},"end":{}}],"line":36},"1":{"loc":{"start":{"line":41,"column":12},"end":{"line":72,"column":13}},"type":"if","locations":[{"start":{"line":41,"column":12},"end":{"line":72,"column":13}},{"start":{"line":44,"column":19},"end":{"line":72,"column":13}}],"line":41},"2":{"loc":{"start":{"line":44,"column":19},"end":{"line":72,"column":13}},"type":"if","locations":[{"start":{"line":44,"column":19},"end":{"line":72,"column":13}},{"start":{"line":69,"column":19},"end":{"line":72,"column":13}}],"line":44},"3":{"loc":{"start":{"line":60,"column":32},"end":{"line":64,"column":33}},"type":"if","locations":[{"start":{"line":60,"column":32},"end":{"line":64,"column":33}},{"start":{"line":62,"column":39},"end":{"line":64,"column":33}}],"line":60},"4":{"loc":{"start":{"line":110,"column":17},"end":{"line":112,"column":17}},"type":"binary-expr","locations":[{"start":{"line":110,"column":17},"end":{"line":110,"column":22}},{"start":{"line":111,"column":20},"end":{"li
[...]
,"/Users/tosinpeter/ExpoProjects/gloord-app/routine-app/src/shared/utils/notifications.ts": {"path":"/Users/tosinpeter/ExpoProjects/gloord-app/routine-app/src/shared/utils/notifications.ts","statementMap":{"0":{"start":{"line":4,"column":0},"end":{"line":12,"column":3}},"1":{"start":{"line":5,"column":35},"end":{"line":11,"column":3}},"2":{"start":{"line":15,"column":31},"end":{"line":15,"column":72}},"3":{"start":{"line":16,"column":2},"end":{"line":16,"column":42}},"4":{"start":{"line":16,"column":30},"end":{"line":16,"column":42}},"5":{"start":{"line":18,"column":21},"end":{"line":18,"column":66}},"6":{"start":{"line":19,"column":2},"end":{"line":19,"column":30}},"7":{"start":{"line":23,"column":2},"end":{"line":23,"column":88}},"8":{"start":{"line":25,"column":2},"end":{"line":38,"column":5}},"9":{"start":{"line":42,"column":2},"end":{"line":42,"column":90}},"10":{"start":{"line":44,"column":2},"end":{"line":57,"column":5}},"11":{"start":{"line":65,"column":2},"end":{"line":73,"column":5}},"12":{"start":{"line":77,"column":18},"end":{"line":77,"column":56}},"13":{"start":{"line":78,"column":2},"end":{"line":78,"column":23}},"14":{"start":{"line":78,"column":16},"end":{"line":78,"column":23}},"15":{"start":{"line":80,"column":2},"end":{"line":88,"column":3}},"16":{"start":{"line":81,"column":4},"end":{"line":87,"column":7}},"17":{"start":{"line":90,"column":2},"end":{"line":90,"column":41}},"18":{"start":{"line":91,"column":2},"end":{"line":91,"column":39}}},"fnMap":{"0":{"name":"(anonymous_0)","decl":{"start":{"line":5,"column":22},"end":{"line":5,"column":23}},"loc":{"start":{"line":5,"column":35},"end":{"line":11,"column":3}},"line":5},"1":{"name":"requestNotificationPermissions","decl":{"start":{"line":14,"column":22},"end":{"line":14,"column":52}},"loc":{"start":{"line":14,"column":73},"end":{"line":20,"column":1}},"line":14},"2":{"name":"scheduleNightRoutineReminder","decl":{"start":{"line":22,"column":22},"end":{"line":22,"column":50}},"loc":{"start":{"line":22,"column":53},"end":{"line":39,"column":1}},"line":22},"3":{"name":"(anonymous_3)","decl":{"start":{"line":23,"column":78},"end":{"line":23,"column":79}},"loc":{"start":{"line":23,"column":84},"end":{"line":23,"column":86}},"line":23},"4":{"name":"scheduleMorningRoutineReminder","decl":{"start":{"line":41,"column":22},"end":{"line":41,"column":52}},"loc":{"start":{"line":41,"column":55},"end":{"line":58,"column":1}},"line":41},"5":{"name":"(anonymous_5)","decl":{"start":{"line":42,"column":80},"end":{"line":42,"column":81}},"loc":{"start":{"line":42,"column":86},"end":{"line":42,"column":88}},"line":42},"6":{"name":"sendLocalNotification","decl":{"start":{"line":60,"column":22},"end":{"line":60,"column":43}},"loc":{"start":{"line":64,"column":2},"end":{"line":74,"column":1}},"line":64},"7":{"name":"setupScheduledNotifications","decl":{"start":{"line":76,"column":22},"end":{"line":76,"column":49}},"loc":{"start":{"line":76,"column":52},"end":{"line":92,"column":1}},"line":76}},"branchMap":{"0":{"loc":{"start":{"line":16,"column":2},"end":{"line":16,"column":42}},"type":"if","locations":[{"start":{"line":16,"column":2},"end":{"line":16,"column":42}},{"start":{},"end":{}}],"line":16},"1":{"loc":{"start":{"line":70,"column":12},"end":{"line":70,"column":22}},"type":"binary-expr","locations":[{"start":{"line":70,"column":12},"end":{"line":70,"column":16}},{"start":{"line":70,"column":20},"end":{"line":70,"column":22}}],"line":70},"2":{"loc":{"start":{"line":78,"column":2},"end":{"line":78,"column":23}},"type":"if","locations":[{"start":{"line":78,"column":2},"end":{"line":78,"column":23}},{"start":{},"end":{}}],"line":78},"3":{"loc":{"start":{"line":80,"column":2},"end":{"line":88,"column":3}},"type":"if","locations":[{"start":{"line":80,"column":2},"end":{"line":88,"column":3}},{"start":{},"end":{}}],"line":80}},"s":{"0":0,"1":0,"2":0,"3":0,"4":0,"5":0,"6":0,"7":0,"8":0,"9":0,"10":0,"11":0,"12":0,"13":0,"14":0,"15":0,"16":0,"17":0,"18":0},"f":{"0":0,"1":0,"2":0,"3":0,"4":0,"5":0,"6":0,"7":0},"b":{"0":[0,0],"1":[0,0],"2":[0,0],"3":[0,0]}}
,"/Users/tosinpeter/ExpoProjects/gloord-app/routine-app/src/shared/utils/performance.ts": {"path":"/Users/tosinpeter/ExpoProjects/gloord-app/routine-app/src/shared/utils/performance.ts","statementMap":{"0":{"start":{"line":12,"column":34},"end":{"line":32,"column":1}},"1":{"start":{"line":16,"column":16},"end":{"line":16,"column":33}},"2":{"start":{"line":18,"column":2},"end":{"line":31,"column":3}},"3":{"start":{"line":19,"column":19},"end":{"line":19,"column":29}},"4":{"start":{"line":20,"column":16},"end":{"line":20,"column":33}},"5":{"start":{"line":21,"column":21},"end":{"line":21,"column":32}},"6":{"start":{"line":23,"column":4},"end":{"line":23,"column":67}},"7":{"start":{"line":25,"column":4},"end":{"line":25,"column":18}},"8":{"start":{"line":27,"column":16},"end":{"line":27,"column":33}},"9":{"start":{"line":28,"column":21},"end":{"line":28,"column":32}},"10":{"start":{"line":29,"column":4},"end":{"line":29,"column":88}},"11":{"start":{"line":30,"column":4},"end":{"line":30,"column":16}},"12":{"start":{"line":37,"column":39},"end":{"line":54,"column":1}},"13":{"start":{"line":38,"column":20},"end":{"line":38,"column":37}},"14":{"start":{"line":40,"column":2},"end":{"line":53,"column":4}},"15":{"start":{"line":42,"column":23},"end":{"line":42,"column":52}},"16":{"start":{"line":43,"column":6},"end":{"line":43,"column":86}},"17":{"start":{"line":47,"column":20},"end":{"line":47,"column":37}},"18":{"start":{"line":48,"column":6},"end":{"line":51,"column":8}},"19":{"start":{"line":49,"column":25},"end":{"line":49,"column":50}},"20":{"start":{"line":50,"column":8},"end":{"line":50,"column":89}},"21":{"start":{"line":59,"column":39},"end":{"line":73,"column":1}},"22":{"start":{"line":63,"column":2},"end":{"line":72,"column":5}},"23":{"start":{"line":64,"column":4},"end":{"line":71,"column":7}},"24":{"start":{"line":65,"column":6},"end":{"line":70,"column":7}},"25":{"start":{"line":66,"column":23},"end":{"line":66,"column":57}},"26":{"start":{"line":67,"column":8},"end":{"line":67,"column":24}},"27":{"start":{"line":69,"column":8},"end":{"line":69,"column":22}},"28":{"start":{"line":79,"column":39},"end":{"line":79,"column":48}},"29":{"start":{"line":82,"column":4},"end":{"line":82,"column":44}},"30":{"start":{"line":86,"column":18},"end":{"line":86,"column":43}},"31":{"start":{"line":87,"column":16},"end":{"line":87,"column":39}},"32":{"start":{"line":89,"column":4},"end":{"line":92,"column":5}},"33":{"start":{"line":90,"column":6},"end":{"line":90,"column":94}},"34":{"start":{"line":91,"column":6},"end":{"line":91,"column":13}},"35":{"start":{"line":94,"column":21},"end":{"line":94,"column":32}},"36":{"start":{"line":95,"column":25},"end":{"line":95,"column":61}},"37":{"start":{"line":96,"column":4},"end":{"line":96,"column":75}},"38":{"start":{"line":98,"column":4},"end":{"line":98,"column":20}},"39":{"start":{"line":102,"column":4},"end":{"line":106,"column":5}},"40":{"start":{"line":103,"column":6},"end":{"line":103,"column":34}},"41":{"start":{"line":105,"column":6},"end":{"line":105,"column":25}},"42":{"start":{"line":110,"column":34},"end":{"line":110,"column":58}},"43":{"start":{"line":116,"column":29},"end":{"line":116,"column":31}},"44":{"start":{"line":117,"column":33},"end":{"line":117,"column":37}},"45":{"start":{"line":118,"column":29},"end":{"line":118,"column":30}},"46":{"start":{"line":121,"column":4},"end":{"line":121,"column":38}},"47":{"start":{"line":122,"column":4},"end":{"line":122,"column":16}},"48":{"start":{"line":125,"column":17},"end":{"line":141,"column":3}},"49":{"start":{"line":126,"column":24},"end":{"line":126,"column":41}},"50":{"start":{"line":127,"column":18},"end":{"line":127,"column":45}},"51":{"start":{"line":129,"column":4},"end":{"line":137,"column":5}},"52":{"start":{"line":130,"column":18},"end":{"line":130,"column":30}},"53":{"start":{"line":131,"column":6},"end":{"line":131,"column":28}},"54":{"start":{"line":134,"column":6},"end":{"line":136,"column":7}},"55":{"start":{"line":135,"column":8},"end":{"line":135,"column":28}},"56":{"start":{"line":139,"column":4},"end":{"line":139,"column":32}},"57":{"start":{"line":140,"column":4},"end":{"line":140,"column":50}},"58":{"start":{"line":144,"column":4},"end":{"line":144,"column":43}},"59":{"start":{"line":144,"column":34},"end":{"line":144,"column":43}},"60":{"start":{"line":145,"column":16},"end":{"line":145,"column":54}},"61":{"start":{"line":145,"column":45},"end":{"line":145,"column":50}},"62":{"start":{"line":146,"column":4},"end":{"line":146,"column":36}},"63":{"start":{"line":150,"column":4},"end":{"line":153,"column":5}},"64":{"start":{"line":151,"column":6},"end":{"line":151,"column":39}},"65":{"start":{"line":152,"column":6},"end":{"line":152,"column":24}},"66":{"start":{"line":155,"column":19},"end":{"line":155,"column":39}},"67":{"start":{"line":156,"column":4},"end":{"line":156,"column":67}},"68":{"start":{"line":158,"column":4},"end":{"line":158,"column":18}},"69":{"start":{"line":165,"column":30},"end":{"line":174,"column":1}},"70":{"start":{"line":166,"column":2},"end":{"line":173,"column":3}},"71":{"start":{"line":167,"column":19},"end":{"line":167,"column":46}},"72":{"start":{"line":168,"column":4},"end":{"line":172,"column":7}},"73":{"start":{"line":179,"column":39},"end":{"line":186,"column":1}},"74":{"start":{"line":180,"column":20},"end":{"line":180,"column":37}},"75":{"start":{"line":182,"column":2},"end":{"line":185,"column":4}},"76":{"start":{"line":183,"column":21},"end":{"line":183,"column":50}},"77":{"start":{"line":184,"column":4},"end":{"line":184,"column":80}}},"fnMap":{"0":{"name":"(anonymous_0)","decl":{"start":{"line":12,"column":34},"end":{"line":12,"column":35}},"loc":{"start":{"line":15,"column":17},"end":{"line":32,"column":1}},"line":15},"1":{"name":"(anonymous_1)","decl":{"start":{"line":37,"column":39},"end":{"line":37,"column":40}},"loc":{"start":{"line":37,"column":66},"end":{"line":54,"column":1}},"line":37},"2":{"name":"(anonymous_2)","decl":{"start":{"line":41,"column":18},"end":{"line":41,"column":19}},"loc":{"start":{"line":41,"column":24},"end":{"line":44,"column":5}},"line":41},"3":{"name":"(anonymous_3)","decl":{"start":{"line":46,"column":19},"end":{"line":46,"column":20}},"loc":{"start":{"line":46,"column":43},"end":{"line":52,"column":5}},"line":46},"4":{"name":"(anonymous_4)","decl":{"start":{"line":48,"column":13},"end":{"line":48,"column":14}},"loc":{"start":{"line":48,"column":19},"end":{"line":51,"column":7}},"line":48},"5":{"name":"(anonymous_5)","decl":{"start":{"line":59,"column":39},"end":{"line":59,"column":40}},"loc":{"start":{"line":62,"column":17},"end":{"line":73,"column":1}},"line":62},"6":{"name":"(anonymous_6)","decl":{"start":{"line":63,"column":21},"end":{"line":63,"column":22}},"loc":{"start":{"line":63,"column":42},"end":{"line":72,"column":3}},"line":63},"7":{"name":"(anonymous_7)","decl":{"start":{"line":64,"column":44},"end":{"line":64,"column":45}},"loc":{"start":{"line":64,"column":56},"end":{"line":71,"column":5}},"line":64},"8":{"name":"(anonymous_8)","decl":{"start":{"line":81,"column":2},"end":{"line":81,"column":3}},"loc":{"start":{"line":81,"column":21},"end":{"line":83,"column":3}},"line":81},"9":{"name":"(anonymous_9)","decl":{"start":{"line":85,"column":2},"end":{"line":85,"column":3}},"loc":{"start":{"line":85,"column":62},"end":{"line":99,"column":3}},"line":85},"10":{"name":"(anonymous_10)","decl":{"start":{"line":101,"column":2},"end":{"line":101,"column":3}},"loc":{"start":{"line":101,"column":27},"end":{"line":107,"column":3}},"line":101},"11":{"name":"(anonymous_11)","decl":{"start":{"line":120,"column":2},"end":{"line":120,"column":3}},"loc":{"start":{"line":120,"column":10},"end":{"line":123,"column":3}},"line":120},"12":{"name":"(anonymous_12)","decl":{"start":{"line":125,"column":17},"end":{"line":125,"column":18}},"loc":{"start":{"line":125,"column":23},"end":{"line":141,"column":3}},"line":125},"13":{"name":"(anonymous_13)","decl":{"start":{"line":143,"column":2},"end":{"line":143,"column":3}},"loc":{"start":{"line":143,"column":26},"end":{"line":147,"column":3}},"line":143},"14":{"name":"(anonymous_14)","decl":{"start":{"line":145,"column":35},"end":{"line":145,"column":36}},"loc":{"start":{"line":145,"column":45},"end":{"line":145,"column":50}},"line":145},"15":{"name":"(anonymous_15)","decl":{"start":{"line":149,"column":2},"end":{"line":149,"column":3}},"loc":{"start":{"line":149,"column":9},"end":{"line":159,"column":3}},"line":149},"16":{"name":"(anonymous_16)","decl":{"start":{"line":165,"column":30},"end":{"line":165,"column":31}},"loc":{"start":{"line":165,"column":36},"end":{"line":174,"column":1}},"line":165},"17":{"name":"(anonymous_17)","decl":{"start":{"line":179,"column":39},"end":{"line":179,"column":40}},"loc":{"start":{"line":179,"column":63},"end":{"line":186,"column":1}},"line":179},"18":{"name":"(anonymous_18)","decl":{"start":{"line":182,"column":9},"end":{"line":182,"column":10}},"loc":{"start":{"line":182,"column":15},"end":{"line":185,"column":3}},"line":182}},"branchMap":{"0":{"loc":{"start":{"line":89,"column":4},"end":{"line":92,"column":5}},"type":"if","locations":[{"start":{"line":89,"column":4},"end":{"line":92,"column":5}},{"start":{},"end":{}}],"line":89},"1":{"loc":{"start":{"line":89,"column":8},"end":{"line":89,"column":48}},"type":"binary-expr","locations":[{"start":{"line":89,"column":8},"end":{"line":89,"column":27}},{"start":{"line":89,"column":31},"end":{"line":89,"column":48}}],"line":89},"2":{"loc":{"start":{"line":95,"column":25},"end":{"line":95,"column":61}},"type":"binary-expr","locations":[{"start":{"line":95,"column":25},"end":{"line":95,"column":30}},{"start":{"line":95,"column":34},"end":{"line":95,"column":61}}],"line":95},"3":{"loc":{"start":{"line":102,"column":4},"end":{"line":106,"column":5}},"type":"if","locations":[{"start":{"line":102,"column":4},"end":{"line":106,"column":5}},{"start":{"line":104,"column":11},"end":{"line":106,"column":5}}],"line":102},"4":{"loc":{"start":{"line":129,"column":4},"end":{"line":137,"column":5}},"type":"if","locations":[{"start":{"line":129,"column":4},"end":{"line":137,"column":5}},{"start":{},"end":{}}],"line":129},"5":{"loc":{"start":{"line":134,"column":6},"end":{"line":136,"column":7}},"type":"if","locations":[{"start":{"line":134,"column":6},"end":{"line":136,"column":7}},{"start":{},"end":{}}],"line":134},"6":{"loc":{"start":{"line":144,"column":4},"end":{"line":144,"column":43}},"type":"if","locations":[{"start":{"line":144,"column":4},"end":{"line":144,"column":43}},{"start":{},"end":{}}],"line":144},"7":{"loc":{"start":{"line":150,"column":4},"end":{"line":153,"column":5}},"type":"if","locations":[{"start":{"line":150,"column":4},"end":{"line":153,"column":5}},{"start":{},"end":{}}],"line":150},"8":{"loc":{"start":{"line":166,"column":2},"end":{"line":173,"column":3}},"type":"if","locations":[{"start":{"line":166,"column":2},"end":{"line":173,"column":3}},{"start":{},"end":{}}],"line":166},"9":{"loc":{"start":{"line":166,"column":6},"end":{"line":166,"column":44}},"type":"binary-expr","locations":[{"start":{"line":166,"column":6},"end":{"line":166,"column":13}},{"start":{"line":166,"column":17},"end":{"line":166,"column":44}}],"line":166}},"s":{"0":0,"1":0,"2":0,"3":0,"4":0,"5":0,"6":0,"7":0,"8":0,"9":0,"10":0,"11":0,"12":0,"13":0,"14":0,"15":0,"16":0,"17":0,"18":0,"19":0,"20":0,"21":0,"22":0,"23":0,"24":0,"25":0,"26":0,"27":0,"28":0,"29":0,"30":0,"31":0,"32":0,"33":0,"34":0,"35":0,"36":0,"37":0,"38":0,"39":0,"40":0,"41":0,"42":0,"43":0,"44":0,"45":0,"46":0,"47":0,"48":0,"49":0,"50":0,"51":0,"52":0,"53":0,"54":0,"55":0,"56":0,"57":0,"58":0,"59":0,"60":0,"61":0,"62":0,"63":0,"64":0,"65":0,"66":0,"67":0,"68":0,"69":0,"70":0,"71":0,"72":0,"73":0,"74":0,"75":0,"76":0,"77":0},"f":{"0":0,"1":0,"2":0,"3":0,"4":0,"5":0,"6":0,"7":0,"8":0,"9":0,"10":0,"11":0,"12":0,"13":0,"14":0,"15":0,"16":0,"17":0,"18":0},"b":{"0":[0,0],"1":[0,0],"2":[0,0],"3":[0,0],"4":[0,0],"5":[0,0],"6":[0,0],"7":[0,0],"8":[0,0],"9":[0,0]}}
,"/Users/tosinpeter/ExpoProjects/gloord-app/routine-app/src/shared/utils/auth-utils/index.ts": {"path":"/Users/tosinpeter/ExpoProjects/gloord-app/routine-app/src/shared/utils/auth-utils/index.ts","statementMap":{},"fnMap":{},"branchMap":{},"s":{},"f":{},"b":{}}
,"/Users/tosinpeter/ExpoProjects/gloord-app/routine-app/src/shared/utils/auth-utils/phone.ts": {"path":"/Users/tosinpeter/ExpoProjects/gloord-app/routine-app/src/shared/utils/auth-utils/phone.ts","statementMap":{"0":{"start":{"line":6,"column":2},"end":{"line":6,"column":25}},"1":{"start":{"line":6,"column":15},"end":{"line":6,"column":25}},"2":{"start":{"line":7,"column":18},"end":{"line":7,"column":43}},"3":{"start":{"line":9,"column":2},"end":{"line":11,"column":3}},"4":{"start":{"line":10,"column":4},"end":{"line":10,"column":19}},"5":{"start":{"line":12,"column":2},"end":{"line":14,"column":3}},"6":{"start":{"line":13,"column":4},"end":{"line":13,"column":58}},"7":{"start":{"line":15,"column":2},"end":{"line":15,"column":83}},"8":{"start":{"line":22,"column":18},"end":{"line":22,"column":41}},"9":{"start":{"line":23,"column":2},"end":{"line":23,"column":30}}},"fnMap":{"0":{"name":"formatPhoneNumber","decl":{"start":{"line":5,"column":16},"end":{"line":5,"column":33}},"loc":{"start":{"line":5,"column":58},"end":{"line":16,"column":1}},"line":5},"1":{"name":"cleanAndLimitPhoneInput","decl":{"start":{"line":21,"column":16},"end":{"line":21,"column":39}},"loc":{"start":{"line":21,"column":62},"end":{"line":24,"column":1}},"line":21}},"branchMap":{"0":{"loc":{"start":{"line":6,"column":2},"end":{"line":6,"column":25}},"type":"if","locations":[{"start":{"line":6,"column":2},"end":{"line":6,"column":25}},{"start":{},"end":{}}],"line":6},"1":{"loc":{"start":{"line":9,"column":2},"end":{"line":11,"column":3}},"type":"if","locations":[{"start":{"line":9,"column":2},"end":{"line":11,"column":3}},{"start":{},"end":{}}],"line":9},"2":{"loc":{"start":{"line":12,"column":2},"end":{"line":14,"column":3}},"type":"if","locations":[{"start":{"line":12,"column":2},"end":{"line":14,"column":3}},{"start":{},"end":{}}],"line":12}},"s":{"0":12,"1":1,"2":11,"3":11,"4":3,"5":8,"6":3,"7":5,"8":5,"9":5},"f":{"0":12,"1":5},"b":{"0":[1,11],"1":[3,8],"2":[3,5]},"_coverageSchema":"1a1c01bbd47fc00a2c39e90264f33305004495a9","hash":"5a0e04030db37204db48169b0b6ae9029aa29cdc"}
}
