TN:
SF:src/features/auth/components/OtpCodeField.tsx
FN:26,OtpCodeField
FN:48,(anonymous_1)
FNF:2
FNH:0
FNDA:0,OtpCodeField
FNDA:0,(anonymous_1)
DA:14,0
DA:15,0
DA:31,0
DA:32,0
DA:37,0
DA:49,0
DA:72,0
LF:7
LH:0
BRDA:29,0,0,0
BRDA:50,1,0,0
BRDA:50,1,1,0
BRDA:58,2,0,0
BRDA:58,2,1,0
BRDA:63,3,0,0
BRDA:63,3,1,0
BRDA:63,4,0,0
BRDA:63,4,1,0
BRF:9
BRH:0
end_of_record
TN:
SF:src/features/auth/screens/otp-verification.tsx
FN:35,OTPVerificationScreen
FN:39,(anonymous_1)
FN:41,(anonymous_2)
FN:43,(anonymous_3)
FN:45,(anonymous_4)
FN:48,(anonymous_5)
FN:51,(anonymous_6)
FN:75,(anonymous_7)
FN:82,(anonymous_8)
FN:149,(anonymous_9)
FNF:10
FNH:0
FNDA:0,OTPVerificationScreen
FNDA:0,(anonymous_1)
FNDA:0,(anonymous_2)
FNDA:0,(anonymous_3)
FNDA:0,(anonymous_4)
FNDA:0,(anonymous_5)
FNDA:0,(anonymous_6)
FNDA:0,(anonymous_7)
FNDA:0,(anonymous_8)
FNDA:0,(anonymous_9)
DA:33,0
DA:36,0
DA:37,0
DA:38,0
DA:39,0
DA:41,0
DA:43,0
DA:44,0
DA:45,0
DA:46,0
DA:48,0
DA:51,0
DA:52,0
DA:54,0
DA:55,0
DA:56,0
DA:57,0
DA:58,0
DA:60,0
DA:61,0
DA:62,0
DA:63,0
DA:64,0
DA:65,0
DA:67,0
DA:68,0
DA:71,0
DA:75,0
DA:76,0
DA:77,0
DA:82,0
DA:83,0
DA:84,0
DA:85,0
DA:88,0
DA:149,0
DA:166,0
LF:37
LH:0
BRDA:44,0,0,0
BRDA:44,0,1,0
BRDA:54,1,0,0
BRDA:54,1,1,0
BRDA:55,2,0,0
BRDA:55,2,1,0
BRDA:55,3,0,0
BRDA:55,3,1,0
BRDA:56,4,0,0
BRDA:56,4,1,0
BRDA:64,5,0,0
BRDA:64,5,1,0
BRDA:76,6,0,0
BRDA:76,6,1,0
BRDA:92,7,0,0
BRDA:92,7,1,0
BRDA:93,8,0,0
BRDA:93,8,1,0
BRDA:104,9,0,0
BRDA:104,9,1,0
BRDA:126,10,0,0
BRDA:126,10,1,0
BRDA:129,11,0,0
BRDA:129,11,1,0
BRDA:142,12,0,0
BRDA:142,12,1,0
BRF:26
BRH:0
end_of_record
TN:
SF:src/features/auth/screens/phone-verification.tsx
FN:38,PhoneVerificationScreen
FN:42,(anonymous_1)
FN:44,(anonymous_2)
FN:71,(anonymous_3)
FN:108,(anonymous_4)
FN:143,(anonymous_5)
FN:162,(anonymous_6)
FN:171,(anonymous_7)
FNF:8
FNH:0
FNDA:0,PhoneVerificationScreen
FNDA:0,(anonymous_1)
FNDA:0,(anonymous_2)
FNDA:0,(anonymous_3)
FNDA:0,(anonymous_4)
FNDA:0,(anonymous_5)
FNDA:0,(anonymous_6)
FNDA:0,(anonymous_7)
DA:39,0
DA:40,0
DA:42,0
DA:44,0
DA:45,0
DA:46,0
DA:47,0
DA:49,0
DA:50,0
DA:51,0
DA:52,0
DA:54,0
DA:55,0
DA:63,0
DA:64,0
DA:67,0
DA:71,0
DA:72,0
DA:73,0
DA:74,0
DA:76,0
DA:79,0
DA:108,0
DA:143,0
DA:163,0
DA:169,0
DA:171,0
DA:218,0
LF:28
LH:0
BRDA:46,0,0,0
BRDA:46,0,1,0
BRDA:54,1,0,0
BRDA:54,1,1,0
BRDA:73,2,0,0
BRDA:73,2,1,0
BRDA:83,3,0,0
BRDA:83,3,1,0
BRDA:84,4,0,0
BRDA:84,4,1,0
BRF:10
BRH:0
end_of_record
TN:
SF:src/features/home/components/ContactSupportButton.tsx
FN:11,SupportIcon
FN:36,ContactSupportButton
FN:39,(anonymous_2)
FNF:3
FNH:0
FNDA:0,SupportIcon
FNDA:0,ContactSupportButton
FNDA:0,(anonymous_2)
DA:12,0
DA:37,0
DA:39,0
DA:40,0
DA:43,0
DA:55,0
LF:6
LH:0
BRF:0
BRH:0
end_of_record
TN:
SF:src/features/home/components/DermatologistSupportCard.tsx
FN:20,getSlides
FN:46,DermatologistSupportCard
FN:50,(anonymous_2)
FN:71,(anonymous_3)
FN:97,(anonymous_4)
FNF:5
FNH:0
FNDA:0,getSlides
FNDA:0,DermatologistSupportCard
FNDA:0,(anonymous_2)
FNDA:0,(anonymous_3)
FNDA:0,(anonymous_4)
DA:9,0
DA:10,0
DA:21,0
DA:47,0
DA:48,0
DA:50,0
DA:51,0
DA:52,0
DA:53,0
DA:54,0
DA:57,0
DA:72,0
DA:98,0
DA:124,0
LF:14
LH:0
BRDA:102,0,0,0
BRDA:102,0,1,0
BRF:2
BRH:0
end_of_record
TN:
SF:src/features/home/components/DermatologyInsightCard.tsx
FN:10,DermatologyInsightCard
FNF:1
FNH:0
FNDA:0,DermatologyInsightCard
DA:11,0
DA:52,0
LF:2
LH:0
BRF:0
BRH:0
end_of_record
TN:
SF:src/features/home/components/HomeHeader.tsx
FN:12,HomeHeader
FN:16,(anonymous_1)
FN:39,(anonymous_2)
FNF:3
FNH:0
FNDA:0,HomeHeader
FNDA:0,(anonymous_1)
FNDA:0,(anonymous_2)
DA:13,0
DA:14,0
DA:16,0
DA:17,0
DA:18,0
DA:19,0
DA:20,0
DA:23,0
DA:39,0
DA:56,0
LF:10
LH:0
BRDA:14,0,0,0
BRDA:14,0,1,0
BRDA:18,1,0,0
BRDA:18,1,1,0
BRDA:19,2,0,0
BRDA:19,2,1,0
BRF:6
BRH:0
end_of_record
TN:
SF:src/features/home/components/HomeLockedView.tsx
FN:18,HomeLockedView
FNF:1
FNH:0
FNDA:0,HomeLockedView
DA:19,0
DA:41,0
LF:2
LH:0
BRF:0
BRH:0
end_of_record
TN:
SF:src/features/home/components/HomeUnlockedView.tsx
FN:16,HomeUnlockedView
FNF:1
FNH:0
FNDA:0,HomeUnlockedView
DA:17,0
DA:36,0
LF:2
LH:0
BRF:0
BRH:0
end_of_record
TN:
SF:src/features/home/components/LabReportButton.tsx
FN:10,LabReportButton
FNF:1
FNH:0
FNDA:0,LabReportButton
DA:11,0
DA:34,0
LF:2
LH:0
BRF:0
BRH:0
end_of_record
TN:
SF:src/features/home/components/ProductReminderCard.tsx
FN:14,ProductReminderCard
FN:29,(anonymous_1)
FN:50,(anonymous_2)
FNF:3
FNH:0
FNDA:0,ProductReminderCard
FNDA:0,(anonymous_1)
FNDA:0,(anonymous_2)
DA:15,0
DA:22,0
DA:29,0
DA:30,0
DA:33,0
DA:51,0
DA:52,0
DA:172,0
LF:8
LH:0
BRDA:30,0,0,0
BRDA:30,0,1,0
BRDA:63,1,0,0
BRDA:63,1,1,0
BRF:4
BRH:0
end_of_record
TN:
SF:src/features/home/components/ProgressBeforeAfterCard.tsx
FN:9,ProgressBeforeAfterCard
FNF:1
FNH:0
FNDA:0,ProgressBeforeAfterCard
DA:10,0
DA:41,0
LF:2
LH:0
BRF:0
BRH:0
end_of_record
TN:
SF:src/features/home/components/ProgressPreviewCard.tsx
FN:8,ProgressPreviewCard
FNF:1
FNH:0
FNDA:0,ProgressPreviewCard
DA:9,0
DA:45,0
LF:2
LH:0
BRF:0
BRH:0
end_of_record
TN:
SF:src/features/home/components/ProgressStepsCard.tsx
FN:15,ProgressStepsCard
FN:16,(anonymous_1)
FN:34,(anonymous_2)
FNF:3
FNH:0
FNDA:0,ProgressStepsCard
FNDA:0,(anonymous_1)
FNDA:0,(anonymous_2)
DA:16,0
DA:21,0
DA:23,0
DA:35,0
DA:36,0
DA:37,0
DA:39,0
DA:94,0
LF:8
LH:0
BRDA:46,0,0,0
BRDA:46,0,1,0
BRDA:60,1,0,0
BRDA:60,1,1,0
BRDA:61,2,0,0
BRDA:61,2,1,0
BRDA:62,3,0,0
BRDA:62,3,1,0
BRDA:70,4,0,0
BRDA:70,4,1,0
BRDA:80,5,0,0
BRDA:80,5,1,0
BRF:12
BRH:0
end_of_record
TN:
SF:src/features/home/components/SkinRoutineCard.tsx
FN:10,SkinRoutineCard
FNF:1
FNH:0
FNDA:0,SkinRoutineCard
DA:12,0
DA:13,0
DA:16,0
DA:17,0
DA:21,0
DA:22,0
DA:25,0
DA:28,0
DA:29,0
DA:33,0
DA:34,0
DA:35,0
DA:36,0
DA:38,0
DA:102,0
LF:15
LH:0
BRDA:72,0,0,0
BRDA:72,0,1,0
BRF:2
BRH:0
end_of_record
TN:
SF:src/features/home/components/TreatmentPlanCard.tsx
FN:11,TreatmentPlanCard
FN:12,(anonymous_1)
FN:43,CircularProgress
FNF:3
FNH:0
FNDA:0,TreatmentPlanCard
FNDA:0,(anonymous_1)
FNDA:0,CircularProgress
DA:12,0
DA:14,0
DA:15,0
DA:16,0
DA:17,0
DA:19,0
DA:44,0
DA:45,0
DA:46,0
DA:47,0
DA:48,0
DA:49,0
DA:61,0
DA:62,0
DA:63,0
DA:65,0
DA:114,0
LF:17
LH:0
BRDA:14,0,0,0
BRDA:14,0,1,0
BRDA:15,1,0,0
BRDA:15,1,1,0
BRDA:16,2,0,0
BRDA:16,2,1,0
BRDA:17,3,0,0
BRDA:17,3,1,0
BRDA:95,4,0,0
BRDA:95,4,1,0
BRF:10
BRH:0
end_of_record
TN:
SF:src/features/home/components/UploadPrescriptionCard.tsx
FN:10,UploadPrescriptionCard
FN:11,(anonymous_1)
FNF:2
FNH:0
FNDA:0,UploadPrescriptionCard
FNDA:0,(anonymous_1)
DA:11,0
DA:12,0
DA:15,0
DA:40,0
LF:4
LH:0
BRF:0
BRH:0
end_of_record
TN:
SF:src/features/home/screens/home.tsx
FN:28,HomeScreen
FN:29,(anonymous_1)
FN:37,(anonymous_2)
FNF:3
FNH:0
FNDA:0,HomeScreen
FNDA:0,(anonymous_1)
FNDA:0,(anonymous_2)
DA:29,0
DA:30,0
DA:31,0
DA:33,0
DA:36,0
DA:38,0
DA:42,0
DA:43,0
DA:55,0
DA:85,0
LF:10
LH:0
BRDA:33,0,0,0
BRDA:33,0,1,0
BRDA:42,1,0,0
BRDA:42,1,1,0
BRDA:42,2,0,0
BRDA:42,2,1,0
BRDA:73,3,0,0
BRDA:73,3,1,0
BRF:8
BRH:0
end_of_record
TN:
SF:src/features/lab-test/components/calendar-picker.tsx
FN:39,CalendarPicker
FN:77,(anonymous_1)
FN:81,(anonymous_2)
FN:108,(anonymous_3)
FN:116,(anonymous_4)
FNF:5
FNH:0
FNDA:0,CalendarPicker
FNDA:0,(anonymous_1)
FNDA:0,(anonymous_2)
FNDA:0,(anonymous_3)
FNDA:0,(anonymous_4)
DA:50,0
DA:78,0
DA:81,0
DA:109,0
DA:116,0
DA:147,0
LF:6
LH:0
BRDA:87,0,0,0
BRDA:87,0,1,0
BRDA:95,1,0,0
BRDA:95,1,1,0
BRDA:100,2,0,0
BRDA:100,2,1,0
BRDA:113,3,0,0
BRDA:113,3,1,0
BRDA:114,4,0,0
BRDA:114,4,1,0
BRDA:114,4,2,0
BRDA:117,5,0,0
BRDA:117,5,1,0
BRDA:123,6,0,0
BRDA:123,6,1,0
BRDA:124,7,0,0
BRDA:124,7,1,0
BRDA:124,7,2,0
BRF:18
BRH:0
end_of_record
TN:
SF:src/features/lab-test/components/info-item.tsx
FN:14,InfoItem
FNF:1
FNH:0
FNDA:0,InfoItem
DA:15,0
DA:26,0
LF:2
LH:0
BRF:0
BRH:0
end_of_record
TN:
SF:src/features/lab-test/components/lab-header.tsx
FN:12,LabHeader
FNF:1
FNH:0
FNDA:0,LabHeader
DA:13,0
DA:30,0
LF:2
LH:0
BRF:0
BRH:0
end_of_record
TN:
SF:src/features/lab-test/screens/book-lab-test.tsx
FN:43,SelectLabTestScreen
FN:48,(anonymous_1)
FN:52,(anonymous_2)
FN:55,(anonymous_3)
FN:56,(anonymous_4)
FN:62,(anonymous_5)
FN:63,(anonymous_6)
FNF:7
FNH:0
FNDA:0,SelectLabTestScreen
FNDA:0,(anonymous_1)
FNDA:0,(anonymous_2)
FNDA:0,(anonymous_3)
FNDA:0,(anonymous_4)
FNDA:0,(anonymous_5)
FNDA:0,(anonymous_6)
DA:22,0
DA:32,0
DA:44,0
DA:45,0
DA:46,0
DA:48,0
DA:49,0
DA:52,0
DA:53,0
DA:55,0
DA:56,0
DA:57,0
DA:62,0
DA:63,0
DA:64,0
DA:65,0
DA:66,0
DA:69,0
DA:132,0
LF:19
LH:0
BRDA:53,0,0,0
BRDA:53,0,1,0
BRDA:57,1,0,0
BRDA:57,1,1,0
BRF:4
BRH:0
end_of_record
TN:
SF:src/features/lab-test/screens/lab-test-completed.tsx
FN:13,LabTestCompletedScreen
FN:17,(anonymous_1)
FN:25,(anonymous_2)
FN:34,(anonymous_3)
FNF:4
FNH:0
FNDA:0,LabTestCompletedScreen
FNDA:0,(anonymous_1)
FNDA:0,(anonymous_2)
FNDA:0,(anonymous_3)
DA:14,0
DA:15,0
DA:17,0
DA:18,0
DA:25,0
DA:26,0
DA:34,0
DA:35,0
DA:38,0
DA:94,0
LF:10
LH:0
BRF:0
BRH:0
end_of_record
TN:
SF:src/features/lab-test/screens/lab-test-index.tsx
FN:26,LabTestScreen
FN:29,(anonymous_1)
FNF:2
FNH:0
FNDA:0,LabTestScreen
FNDA:0,(anonymous_1)
DA:24,0
DA:27,0
DA:29,0
DA:30,0
DA:31,0
DA:34,0
DA:35,0
DA:38,0
DA:43,0
DA:45,0
DA:47,0
DA:53,0
DA:60,0
DA:61,0
DA:67,0
DA:71,0
DA:130,0
LF:17
LH:0
BRDA:45,0,0,0
BRDA:45,0,1,0
BRDA:100,1,0,0
BRDA:100,1,1,0
BRDA:106,2,0,0
BRDA:106,2,1,0
BRF:6
BRH:0
end_of_record
TN:
SF:src/features/lab-test/screens/precription-download.tsx
FN:28,PrecriptionDownLoadScreen
FN:32,(anonymous_1)
FN:50,(anonymous_2)
FNF:3
FNH:0
FNDA:0,PrecriptionDownLoadScreen
FNDA:0,(anonymous_1)
FNDA:0,(anonymous_2)
DA:29,0
DA:30,0
DA:32,0
DA:34,0
DA:50,0
DA:51,0
DA:54,0
DA:94,0
LF:8
LH:0
BRF:0
BRH:0
end_of_record
TN:
SF:src/features/lab-test/screens/prescription-upload.tsx
FN:32,formatFileSize
FN:47,UploadScreen
FN:59,(anonymous_2)
FN:65,(anonymous_3)
FN:76,(anonymous_4)
FN:82,(anonymous_5)
FN:97,(anonymous_6)
FN:98,(anonymous_7)
FN:99,(anonymous_8)
FN:107,(anonymous_9)
FN:107,(anonymous_10)
FN:116,(anonymous_11)
FN:120,(anonymous_12)
FN:164,(anonymous_13)
FN:174,(anonymous_14)
FN:175,(anonymous_15)
FN:176,(anonymous_16)
FN:181,(anonymous_17)
FN:191,(anonymous_18)
FN:221,FileItem
FNF:20
FNH:0
FNDA:0,formatFileSize
FNDA:0,UploadScreen
FNDA:0,(anonymous_2)
FNDA:0,(anonymous_3)
FNDA:0,(anonymous_4)
FNDA:0,(anonymous_5)
FNDA:0,(anonymous_6)
FNDA:0,(anonymous_7)
FNDA:0,(anonymous_8)
FNDA:0,(anonymous_9)
FNDA:0,(anonymous_10)
FNDA:0,(anonymous_11)
FNDA:0,(anonymous_12)
FNDA:0,(anonymous_13)
FNDA:0,(anonymous_14)
FNDA:0,(anonymous_15)
FNDA:0,(anonymous_16)
FNDA:0,(anonymous_17)
FNDA:0,(anonymous_18)
FNDA:0,FileItem
DA:33,0
DA:34,0
DA:35,0
DA:36,0
DA:37,0
DA:48,0
DA:49,0
DA:56,0
DA:57,0
DA:59,0
DA:60,0
DA:61,0
DA:65,0
DA:66,0
DA:67,0
DA:68,0
DA:74,0
DA:75,0
DA:76,0
DA:82,0
DA:84,0
DA:85,0
DA:86,0
DA:87,0
DA:88,0
DA:98,0
DA:99,0
DA:100,0
DA:107,0
DA:112,0
DA:116,0
DA:117,0
DA:120,0
DA:121,0
DA:124,0
DA:165,0
DA:175,0
DA:176,0
DA:182,0
DA:191,0
DA:222,0
DA:270,0
LF:42
LH:0
BRDA:33,0,0,0
BRDA:33,0,1,0
BRDA:49,1,0,0
BRDA:49,1,1,0
BRDA:60,2,0,0
BRDA:60,2,1,0
BRDA:66,3,0,0
BRDA:66,3,1,0
BRDA:74,4,0,0
BRDA:74,4,1,0
BRDA:74,5,0,0
BRDA:74,5,1,0
BRDA:79,6,0,0
BRDA:79,6,1,0
BRDA:92,7,0,0
BRDA:92,7,1,0
BRDA:100,8,0,0
BRDA:100,8,1,0
BRDA:158,9,0,0
BRDA:158,9,1,0
BRDA:187,10,0,0
BRDA:187,10,1,0
BRDA:201,11,0,0
BRDA:201,11,1,0
BRDA:237,12,0,0
BRDA:237,12,1,0
BRDA:259,13,0,0
BRDA:259,13,1,0
BRF:28
BRH:0
end_of_record
TN:
SF:src/features/lab-test/screens/select-lab-location.tsx
FN:80,SelectLabLocationScreen
FN:86,(anonymous_1)
FN:92,(anonymous_2)
FN:98,(anonymous_3)
FN:102,(anonymous_4)
FN:119,(anonymous_5)
FN:122,(anonymous_6)
FN:136,(anonymous_7)
FNF:8
FNH:0
FNDA:0,SelectLabLocationScreen
FNDA:0,(anonymous_1)
FNDA:0,(anonymous_2)
FNDA:0,(anonymous_3)
FNDA:0,(anonymous_4)
FNDA:0,(anonymous_5)
FNDA:0,(anonymous_6)
FNDA:0,(anonymous_7)
DA:38,0
DA:73,0
DA:81,0
DA:82,0
DA:84,0
DA:87,0
DA:92,0
DA:93,0
DA:94,0
DA:97,0
DA:99,0
DA:102,0
DA:119,0
DA:121,0
DA:122,0
DA:126,0
DA:137,0
DA:209,0
LF:18
LH:0
BRDA:84,0,0,0
BRDA:84,0,1,0
BRDA:87,1,0,0
BRDA:87,1,1,0
BRF:4
BRH:0
end_of_record
TN:
SF:src/features/notification/components/animated-notification-item.tsx
FN:13,getIconComponent
FN:34,(anonymous_1)
FN:38,(anonymous_2)
FN:72,(anonymous_3)
FNF:4
FNH:0
FNDA:0,getIconComponent
FNDA:0,(anonymous_1)
FNDA:0,(anonymous_2)
FNDA:0,(anonymous_3)
DA:14,0
DA:16,0
DA:18,0
DA:20,0
DA:22,0
DA:24,0
DA:34,0
DA:35,0
DA:36,0
DA:38,0
DA:39,0
DA:55,0
DA:57,0
DA:72,0
LF:14
LH:0
BRDA:14,0,0,0
BRDA:14,0,1,0
BRDA:14,0,2,0
BRDA:14,0,3,0
BRDA:14,0,4,0
BRF:5
BRH:0
end_of_record
TN:
SF:src/features/notification/components/animated-section-header.tsx
FN:14,(anonymous_0)
FN:17,(anonymous_1)
FNF:2
FNH:0
FNDA:0,(anonymous_0)
FNDA:0,(anonymous_1)
DA:14,0
DA:15,0
DA:17,0
DA:18,0
DA:26,0
DA:33,0
LF:6
LH:0
BRF:0
BRH:0
end_of_record
TN:
SF:src/features/notification/components/notification-card.tsx
FN:18,NotificationCard
FNF:1
FNH:0
FNDA:0,NotificationCard
DA:27,0
DA:28,0
DA:30,0
DA:52,0
LF:4
LH:0
BRDA:24,0,0,0
BRDA:27,1,0,0
BRDA:27,1,1,0
BRDA:28,2,0,0
BRDA:28,2,1,0
BRDA:32,3,0,0
BRDA:32,3,1,0
BRDA:38,4,0,0
BRDA:38,4,1,0
BRF:9
BRH:0
end_of_record
TN:
SF:src/features/notification/components/notification-empty-state.tsx
FN:10,NotificationEmptyState
FNF:1
FNH:0
FNDA:0,NotificationEmptyState
DA:11,0
DA:24,0
LF:2
LH:0
BRF:0
BRH:0
end_of_record
TN:
SF:src/features/notification/screens/notification-sheet.tsx
FN:22,NotificationSheet
FN:26,(anonymous_1)
FN:59,(anonymous_2)
FN:81,(anonymous_3)
FNF:4
FNH:0
FNDA:0,NotificationSheet
FNDA:0,(anonymous_1)
FNDA:0,(anonymous_2)
FNDA:0,(anonymous_3)
DA:23,0
DA:24,0
DA:26,0
DA:27,0
DA:28,0
DA:29,0
DA:32,0
DA:33,0
DA:36,0
DA:37,0
DA:38,0
DA:41,0
DA:43,0
DA:44,0
DA:46,0
DA:49,0
DA:60,0
DA:61,0
DA:63,0
DA:71,0
DA:74,0
DA:75,0
DA:77,0
DA:81,0
DA:82,0
DA:85,0
DA:138,0
LF:27
LH:0
BRDA:36,0,0,0
BRDA:36,0,1,0
BRDA:41,1,0,0
BRDA:41,1,1,0
BRDA:44,2,0,0
BRDA:44,2,1,0
BRDA:60,3,0,0
BRDA:60,3,1,0
BRDA:110,4,0,0
BRDA:110,4,1,0
BRDA:117,5,0,0
BRDA:117,5,1,0
BRF:12
BRH:0
end_of_record
TN:
SF:src/features/notification/screens/notification.tsx
FN:32,NotificationScreen
FN:36,(anonymous_1)
FN:41,(anonymous_2)
FN:47,(anonymous_3)
FN:51,(anonymous_4)
FN:59,(anonymous_5)
FN:95,(anonymous_6)
FN:108,(anonymous_7)
FNF:8
FNH:0
FNDA:0,NotificationScreen
FNDA:0,(anonymous_1)
FNDA:0,(anonymous_2)
FNDA:0,(anonymous_3)
FNDA:0,(anonymous_4)
FNDA:0,(anonymous_5)
FNDA:0,(anonymous_6)
FNDA:0,(anonymous_7)
DA:33,0
DA:34,0
DA:35,0
DA:36,0
DA:39,0
DA:41,0
DA:42,0
DA:43,0
DA:47,0
DA:48,0
DA:51,0
DA:52,0
DA:59,0
DA:60,0
DA:63,0
DA:65,0
DA:67,0
DA:96,0
DA:97,0
DA:99,0
DA:109,0
DA:129,0
LF:22
LH:0
BRDA:42,0,0,0
BRDA:42,0,1,0
BRDA:78,1,0,0
BRDA:78,1,1,0
BRDA:82,2,0,0
BRDA:82,2,1,0
BRDA:86,3,0,0
BRDA:86,3,1,0
BRDA:90,4,0,0
BRDA:90,4,1,0
BRDA:104,5,0,0
BRDA:104,5,1,0
BRF:12
BRH:0
end_of_record
TN:
SF:src/features/onboarding/hooks/useOnboarding.ts
FN:12,useOnboarding
FN:14,(anonymous_1)
FN:15,(anonymous_2)
FN:17,(anonymous_3)
FN:21,(anonymous_4)
FN:25,(anonymous_5)
FN:29,(anonymous_6)
FNF:7
FNH:0
FNDA:0,useOnboarding
FNDA:0,(anonymous_1)
FNDA:0,(anonymous_2)
FNDA:0,(anonymous_3)
FNDA:0,(anonymous_4)
FNDA:0,(anonymous_5)
FNDA:0,(anonymous_6)
DA:13,0
DA:14,0
DA:15,0
DA:17,0
DA:18,0
DA:21,0
DA:22,0
DA:25,0
DA:26,0
DA:29,0
DA:30,0
DA:33,0
LF:12
LH:0
BRF:0
BRH:0
end_of_record
TN:
SF:src/features/onboarding/models/onboarding-model.ts
FN:16,(anonymous_0)
FNF:1
FNH:0
FNDA:0,(anonymous_0)
DA:16,0
LF:1
LH:0
BRF:0
BRH:0
end_of_record
TN:
SF:src/features/onboarding/screens/onboarding.tsx
FN:23,OnboardingScreen
FN:29,(anonymous_1)
FN:34,(anonymous_2)
FN:41,(anonymous_3)
FN:53,(anonymous_4)
FN:64,(anonymous_5)
FN:107,(anonymous_6)
FN:116,(anonymous_7)
FNF:8
FNH:0
FNDA:0,OnboardingScreen
FNDA:0,(anonymous_1)
FNDA:0,(anonymous_2)
FNDA:0,(anonymous_3)
FNDA:0,(anonymous_4)
FNDA:0,(anonymous_5)
FNDA:0,(anonymous_6)
FNDA:0,(anonymous_7)
DA:21,0
DA:24,0
DA:25,0
DA:26,0
DA:27,0
DA:29,0
DA:30,0
DA:31,0
DA:34,0
DA:35,0
DA:39,0
DA:41,0
DA:42,0
DA:43,0
DA:48,0
DA:52,0
DA:54,0
DA:55,0
DA:60,0
DA:64,0
DA:65,0
DA:78,0
DA:107,0
DA:117,0
DA:148,0
LF:25
LH:0
BRDA:42,0,0,0
BRDA:42,0,1,0
BRDA:54,1,0,0
BRDA:54,1,1,0
BRDA:54,2,0,0
BRDA:54,2,1,0
BRDA:89,3,0,0
BRDA:89,3,1,0
BRDA:121,4,0,0
BRDA:121,4,1,0
BRDA:133,5,0,0
BRDA:133,5,1,0
BRF:12
BRH:0
end_of_record
TN:
SF:src/features/order/components/OrderCard.tsx
FN:22,OrderCard
FN:55,(anonymous_1)
FN:81,(anonymous_2)
FNF:3
FNH:0
FNDA:0,OrderCard
FNDA:0,(anonymous_1)
FNDA:0,(anonymous_2)
DA:32,0
DA:33,0
DA:35,0
DA:56,0
DA:81,0
DA:94,0
LF:6
LH:0
BRDA:46,0,0,0
BRDA:46,0,1,0
BRDA:47,1,0,0
BRDA:47,1,1,0
BRDA:48,2,0,0
BRDA:48,2,1,0
BRDA:74,3,0,0
BRDA:74,3,1,0
BRF:8
BRH:0
end_of_record
TN:
SF:src/features/order/components/OrderTimeIcon.tsx
FN:4,OrderTimeIcon
FNF:1
FNH:0
FNDA:0,OrderTimeIcon
DA:5,0
LF:1
LH:0
BRDA:4,0,0,0
BRDA:4,1,0,0
BRF:2
BRH:0
end_of_record
TN:
SF:src/features/order/screens/order-details.tsx
FN:12,OrderDetailsScreen
FN:16,(anonymous_1)
FNF:2
FNH:0
FNDA:0,OrderDetailsScreen
FNDA:0,(anonymous_1)
DA:13,0
DA:14,0
DA:16,0
DA:17,0
DA:20,0
DA:72,0
LF:6
LH:0
BRF:0
BRH:0
end_of_record
TN:
SF:src/features/order/screens/order-history.tsx
FN:12,OrderHistoryScreen
FN:16,(anonymous_1)
FNF:2
FNH:0
FNDA:0,OrderHistoryScreen
FNDA:0,(anonymous_1)
DA:13,0
DA:14,0
DA:16,0
DA:17,0
DA:20,0
DA:71,0
LF:6
LH:0
BRF:0
BRH:0
end_of_record
TN:
SF:src/features/order/screens/order-index.tsx
FN:7,OrderIndexScreen
FNF:1
FNH:0
FNDA:0,OrderIndexScreen
DA:9,0
DA:16,0
LF:2
LH:0
BRF:0
BRH:0
end_of_record
TN:
SF:src/features/payment/hooks/useOrderTracking.ts
FN:23,useOrderTracking
FN:29,(anonymous_1)
FN:31,(anonymous_2)
FN:54,(anonymous_3)
FNF:4
FNH:0
FNDA:0,useOrderTracking
FNDA:0,(anonymous_1)
FNDA:0,(anonymous_2)
FNDA:0,(anonymous_3)
DA:24,0
DA:25,0
DA:26,0
DA:29,0
DA:31,0
DA:32,0
DA:33,0
DA:34,0
DA:35,0
DA:40,0
DA:41,0
DA:43,0
DA:44,0
DA:47,0
DA:48,0
DA:50,0
DA:54,0
DA:55,0
DA:58,0
LF:19
LH:0
BRDA:29,0,0,0
BRDA:29,0,1,0
BRDA:40,1,0,0
BRDA:40,1,1,0
BRDA:40,2,0,0
BRDA:40,2,1,0
BRF:6
BRH:0
end_of_record
TN:
SF:src/features/payment/screens/add-card.tsx
FN:29,formatCardNumber
FN:34,formatExpiry
FN:42,parseExpiry
FN:43,(anonymous_3)
FN:51,AddCardScreen
FN:53,(anonymous_5)
FN:61,(anonymous_6)
FN:65,(anonymous_7)
FN:69,(anonymous_8)
FN:73,(anonymous_9)
FN:117,(anonymous_10)
FN:139,(anonymous_11)
FN:143,(anonymous_12)
FN:221,(anonymous_13)
FN:246,(anonymous_14)
FNF:15
FNH:0
FNDA:0,formatCardNumber
FNDA:0,formatExpiry
FNDA:0,parseExpiry
FNDA:0,(anonymous_3)
FNDA:0,AddCardScreen
FNDA:0,(anonymous_5)
FNDA:0,(anonymous_6)
FNDA:0,(anonymous_7)
FNDA:0,(anonymous_8)
FNDA:0,(anonymous_9)
FNDA:0,(anonymous_10)
FNDA:0,(anonymous_11)
FNDA:0,(anonymous_12)
FNDA:0,(anonymous_13)
FNDA:0,(anonymous_14)
DA:30,0
DA:31,0
DA:35,0
DA:36,0
DA:37,0
DA:39,0
DA:43,0
DA:44,0
DA:45,0
DA:46,0
DA:47,0
DA:48,0
DA:52,0
DA:53,0
DA:55,0
DA:56,0
DA:57,0
DA:58,0
DA:59,0
DA:61,0
DA:62,0
DA:65,0
DA:66,0
DA:69,0
DA:70,0
DA:73,0
DA:74,0
DA:75,0
DA:76,0
DA:77,0
DA:79,0
DA:80,0
DA:81,0
DA:83,0
DA:92,0
DA:93,0
DA:94,0
DA:95,0
DA:96,0
DA:100,0
DA:101,0
DA:103,0
DA:108,0
DA:117,0
DA:140,0
DA:143,0
DA:221,0
DA:246,0
DA:289,0
LF:49
LH:0
BRDA:36,0,0,0
BRDA:36,0,1,0
BRDA:44,1,0,0
BRDA:44,1,1,0
BRDA:44,2,0,0
BRDA:44,2,1,0
BRDA:44,2,2,0
BRDA:44,2,3,0
BRDA:47,3,0,0
BRDA:47,3,1,0
BRDA:47,4,0,0
BRDA:47,4,1,0
BRDA:76,5,0,0
BRDA:76,5,1,0
BRDA:80,6,0,0
BRDA:80,6,1,0
BRDA:89,7,0,0
BRDA:89,7,1,0
BRDA:92,8,0,0
BRDA:92,8,1,0
BRDA:103,9,0,0
BRDA:103,9,1,0
BRDA:103,9,2,0
BRDA:103,9,3,0
BRDA:112,10,0,0
BRDA:112,10,1,0
BRDA:134,11,0,0
BRDA:134,11,1,0
BRDA:161,12,0,0
BRDA:161,12,1,0
BRDA:227,13,0,0
BRDA:227,13,1,0
BRDA:230,14,0,0
BRDA:230,14,1,0
BRDA:243,15,0,0
BRDA:243,15,1,0
BRDA:252,16,0,0
BRDA:252,16,1,0
BRDA:255,17,0,0
BRDA:255,17,1,0
BRDA:278,18,0,0
BRDA:278,18,1,0
BRDA:280,19,0,0
BRDA:280,19,1,0
BRF:44
BRH:0
end_of_record
TN:
SF:src/features/payment/screens/apply-coupon.tsx
FN:23,ApplyCouponScreen
FN:25,(anonymous_1)
FN:26,(anonymous_2)
FN:27,(anonymous_3)
FN:30,(anonymous_4)
FN:47,(anonymous_5)
FNF:6
FNH:0
FNDA:0,ApplyCouponScreen
FNDA:0,(anonymous_1)
FNDA:0,(anonymous_2)
FNDA:0,(anonymous_3)
FNDA:0,(anonymous_4)
FNDA:0,(anonymous_5)
DA:24,0
DA:25,0
DA:26,0
DA:27,0
DA:28,0
DA:30,0
DA:31,0
DA:34,0
DA:35,0
DA:39,0
DA:47,0
DA:79,0
LF:12
LH:0
BRDA:28,0,0,0
BRDA:28,0,1,0
BRDA:34,1,0,0
BRDA:34,1,1,0
BRDA:43,2,0,0
BRDA:43,2,1,0
BRDA:68,3,0,0
BRDA:68,3,1,0
BRDA:70,4,0,0
BRDA:70,4,1,0
BRF:10
BRH:0
end_of_record
TN:
SF:src/features/payment/screens/checkout-summary.tsx
FN:30,(anonymous_0)
FN:44,CheckoutSummaryScreen
FN:54,(anonymous_2)
FN:61,(anonymous_3)
FN:66,(anonymous_4)
FN:89,(anonymous_5)
FN:101,(anonymous_6)
FN:105,(anonymous_7)
FN:113,(anonymous_8)
FN:224,(anonymous_9)
FN:241,(anonymous_10)
FN:261,(anonymous_11)
FNF:12
FNH:0
FNDA:0,(anonymous_0)
FNDA:0,CheckoutSummaryScreen
FNDA:0,(anonymous_2)
FNDA:0,(anonymous_3)
FNDA:0,(anonymous_4)
FNDA:0,(anonymous_5)
FNDA:0,(anonymous_6)
FNDA:0,(anonymous_7)
FNDA:0,(anonymous_8)
FNDA:0,(anonymous_9)
FNDA:0,(anonymous_10)
FNDA:0,(anonymous_11)
DA:30,0
DA:32,0
DA:45,0
DA:46,0
DA:47,0
DA:54,0
DA:56,0
DA:57,0
DA:58,0
DA:59,0
DA:61,0
DA:62,0
DA:66,0
DA:67,0
DA:71,0
DA:88,0
DA:89,0
DA:91,0
DA:94,0
DA:101,0
DA:102,0
DA:105,0
DA:106,0
DA:107,0
DA:108,0
DA:110,0
DA:113,0
DA:114,0
DA:117,0
DA:224,0
DA:241,0
DA:262,0
DA:263,0
DA:328,0
LF:34
LH:0
BRDA:56,0,0,0
BRDA:56,0,1,0
BRDA:67,1,0,0
BRDA:67,1,1,0
BRDA:68,2,0,0
BRDA:68,2,1,0
BRDA:68,2,2,0
BRDA:68,2,3,0
BRDA:73,3,0,0
BRDA:73,3,1,0
BRDA:74,4,0,0
BRDA:74,4,1,0
BRDA:75,5,0,0
BRDA:75,5,1,0
BRDA:76,6,0,0
BRDA:76,6,1,0
BRDA:77,7,0,0
BRDA:77,7,1,0
BRDA:78,8,0,0
BRDA:78,8,1,0
BRDA:79,9,0,0
BRDA:79,9,1,0
BRDA:80,10,0,0
BRDA:80,10,1,0
BRDA:81,11,0,0
BRDA:81,11,1,0
BRDA:88,12,0,0
BRDA:88,12,1,0
BRDA:89,13,0,0
BRDA:89,13,1,0
BRDA:91,14,0,0
BRDA:91,14,1,0
BRDA:106,15,0,0
BRDA:106,15,1,0
BRDA:169,16,0,0
BRDA:169,16,1,0
BRDA:185,17,0,0
BRDA:185,17,1,0
BRDA:200,18,0,0
BRDA:200,18,1,0
BRDA:202,19,0,0
BRDA:202,19,1,0
BRDA:254,20,0,0
BRDA:254,20,1,0
BRDA:259,21,0,0
BRDA:259,21,1,0
BRDA:291,22,0,0
BRDA:291,22,1,0
BRDA:320,23,0,0
BRDA:320,23,1,0
BRDA:320,23,2,0
BRF:51
BRH:0
end_of_record
TN:
SF:src/features/payment/screens/checkout.tsx
FN:19,CheckoutScreen
FN:21,(anonymous_1)
FN:22,(anonymous_2)
FN:23,(anonymous_3)
FN:25,(anonymous_4)
FN:74,(anonymous_5)
FN:92,(anonymous_6)
FN:110,(anonymous_7)
FN:132,(anonymous_8)
FNF:9
FNH:0
FNDA:0,CheckoutScreen
FNDA:0,(anonymous_1)
FNDA:0,(anonymous_2)
FNDA:0,(anonymous_3)
FNDA:0,(anonymous_4)
FNDA:0,(anonymous_5)
FNDA:0,(anonymous_6)
FNDA:0,(anonymous_7)
FNDA:0,(anonymous_8)
DA:20,0
DA:21,0
DA:22,0
DA:23,0
DA:25,0
DA:26,0
DA:29,0
DA:30,0
DA:31,0
DA:32,0
DA:34,0
DA:74,0
DA:92,0
DA:110,0
DA:132,0
DA:188,0
LF:16
LH:0
BRDA:30,0,0,0
BRDA:30,0,1,0
BRDA:72,1,0,0
BRDA:72,1,1,0
BRDA:80,2,0,0
BRDA:80,2,1,0
BRDA:90,3,0,0
BRDA:90,3,1,0
BRDA:98,4,0,0
BRDA:98,4,1,0
BRDA:126,5,0,0
BRDA:126,5,1,0
BRDA:131,6,0,0
BRDA:131,6,1,0
BRDA:157,7,0,0
BRDA:157,7,1,0
BRF:16
BRH:0
end_of_record
TN:
SF:src/features/payment/screens/creating-order.tsx
FN:12,CreatingOrderSheet
FN:15,(anonymous_1)
FN:20,(anonymous_2)
FN:23,(anonymous_3)
FN:23,(anonymous_4)
FN:27,(anonymous_5)
FN:44,(anonymous_6)
FN:52,(anonymous_7)
FNF:8
FNH:0
FNDA:0,CreatingOrderSheet
FNDA:0,(anonymous_1)
FNDA:0,(anonymous_2)
FNDA:0,(anonymous_3)
FNDA:0,(anonymous_4)
FNDA:0,(anonymous_5)
FNDA:0,(anonymous_6)
FNDA:0,(anonymous_7)
DA:13,0
DA:14,0
DA:15,0
DA:20,0
DA:22,0
DA:23,0
DA:26,0
DA:28,0
DA:41,0
DA:42,0
DA:44,0
DA:45,0
DA:46,0
DA:47,0
DA:49,0
DA:50,0
DA:52,0
DA:53,0
DA:56,0
DA:57,0
DA:58,0
DA:62,0
DA:65,0
DA:83,0
DA:84,0
DA:85,0
DA:86,0
DA:90,0
DA:93,0
DA:103,0
DA:117,0
LF:31
LH:0
BRDA:23,0,0,0
BRDA:23,0,1,0
BRDA:28,1,0,0
BRDA:28,1,1,0
BRDA:41,2,0,0
BRDA:41,2,1,0
BRDA:45,3,0,0
BRDA:45,3,1,0
BRDA:49,4,0,0
BRDA:49,4,1,0
BRDA:56,5,0,0
BRDA:56,5,1,0
BRDA:57,6,0,0
BRDA:57,6,1,0
BRDA:69,7,0,0
BRDA:69,7,1,0
BRDA:72,8,0,0
BRDA:72,8,1,0
BRDA:84,9,0,0
BRDA:84,9,1,0
BRDA:85,10,0,0
BRDA:85,10,1,0
BRF:22
BRH:0
end_of_record
TN:
SF:src/features/payment/screens/delivery-form.tsx
FN:26,DeliveryFormScreen
FN:45,(anonymous_1)
FN:106,(anonymous_2)
FN:128,(anonymous_3)
FN:234,(anonymous_4)
FN:259,(anonymous_5)
FN:264,(anonymous_6)
FN:300,(anonymous_7)
FN:305,(anonymous_8)
FNF:9
FNH:0
FNDA:0,DeliveryFormScreen
FNDA:0,(anonymous_1)
FNDA:0,(anonymous_2)
FNDA:0,(anonymous_3)
FNDA:0,(anonymous_4)
FNDA:0,(anonymous_5)
FNDA:0,(anonymous_6)
FNDA:0,(anonymous_7)
FNDA:0,(anonymous_8)
DA:27,0
DA:28,0
DA:29,0
DA:30,0
DA:31,0
DA:32,0
DA:33,0
DA:34,0
DA:35,0
DA:36,0
DA:37,0
DA:38,0
DA:39,0
DA:40,0
DA:41,0
DA:42,0
DA:43,0
DA:45,0
DA:46,0
DA:47,0
DA:48,0
DA:51,0
DA:65,0
DA:67,0
DA:70,0
DA:106,0
DA:128,0
DA:234,0
DA:260,0
DA:261,0
DA:262,0
DA:264,0
DA:301,0
DA:302,0
DA:303,0
DA:305,0
DA:345,0
LF:37
LH:0
BRDA:46,0,0,0
BRDA:46,0,1,0
BRDA:46,1,0,0
BRDA:46,1,1,0
BRDA:46,1,2,0
BRDA:46,1,3,0
BRDA:46,1,4,0
BRDA:61,2,0,0
BRDA:61,2,1,0
BRDA:74,3,0,0
BRDA:74,3,1,0
BRDA:75,4,0,0
BRDA:75,4,1,0
BRDA:90,5,0,0
BRDA:90,5,1,0
BRDA:109,6,0,0
BRDA:109,6,1,0
BRDA:110,7,0,0
BRDA:110,7,1,0
BRF:19
BRH:0
end_of_record
TN:
SF:src/features/payment/screens/order-error.tsx
FN:10,OrderErrorSheet
FN:13,(anonymous_1)
FNF:2
FNH:0
FNDA:0,OrderErrorSheet
FNDA:0,(anonymous_1)
DA:11,0
DA:13,0
DA:14,0
DA:22,0
DA:36,0
LF:5
LH:0
BRF:0
BRH:0
end_of_record
TN:
SF:src/features/payment/screens/order-sheet.tsx
FN:11,SuccessSheet
FN:14,(anonymous_1)
FN:22,(anonymous_2)
FN:26,(anonymous_3)
FNF:4
FNH:0
FNDA:0,SuccessSheet
FNDA:0,(anonymous_1)
FNDA:0,(anonymous_2)
FNDA:0,(anonymous_3)
DA:12,0
DA:14,0
DA:15,0
DA:22,0
DA:23,0
DA:26,0
DA:29,0
DA:43,0
LF:8
LH:0
BRF:0
BRH:0
end_of_record
TN:
SF:src/features/payment/screens/order-success.tsx
FN:60,OrderSuccessScreen
FN:68,(anonymous_1)
FN:86,(anonymous_2)
FN:94,(anonymous_3)
FN:128,(anonymous_4)
FNF:5
FNH:0
FNDA:0,OrderSuccessScreen
FNDA:0,(anonymous_1)
FNDA:0,(anonymous_2)
FNDA:0,(anonymous_3)
FNDA:0,(anonymous_4)
DA:27,0
DA:31,0
DA:61,0
DA:66,0
DA:68,0
DA:69,0
DA:77,0
DA:78,0
DA:79,0
DA:81,0
DA:86,0
DA:87,0
DA:88,0
DA:94,0
DA:95,0
DA:101,0
DA:129,0
DA:169,0
LF:18
LH:0
BRDA:77,0,0,0
BRDA:77,0,1,0
BRDA:78,1,0,0
BRDA:78,1,1,0
BRF:4
BRH:0
end_of_record
TN:
SF:src/features/payment/screens/order-tracking.native.tsx
FN:40,OrderTrackingScreen
FN:54,(anonymous_1)
FN:65,(anonymous_2)
FN:71,(anonymous_3)
FN:74,(anonymous_4)
FN:90,(anonymous_5)
FN:141,(anonymous_6)
FN:177,OrderTrackingSheet
FNF:8
FNH:0
FNDA:0,OrderTrackingScreen
FNDA:0,(anonymous_1)
FNDA:0,(anonymous_2)
FNDA:0,(anonymous_3)
FNDA:0,(anonymous_4)
FNDA:0,(anonymous_5)
FNDA:0,(anonymous_6)
FNDA:0,OrderTrackingSheet
DA:26,0
DA:33,0
DA:41,0
DA:42,0
DA:45,0
DA:47,0
DA:48,0
DA:49,0
DA:50,0
DA:51,0
DA:52,0
DA:54,0
DA:55,0
DA:56,0
DA:62,0
DA:65,0
DA:66,0
DA:67,0
DA:68,0
DA:71,0
DA:72,0
DA:73,0
DA:74,0
DA:77,0
DA:78,0
DA:85,0
DA:86,0
DA:90,0
DA:104,0
DA:141,0
DA:189,0
DA:261,0
LF:32
LH:0
BRDA:42,0,0,0
BRDA:42,0,1,0
BRDA:47,1,0,0
BRDA:47,1,1,0
BRDA:48,2,0,0
BRDA:48,2,1,0
BRDA:49,3,0,0
BRDA:49,3,1,0
BRDA:49,4,0,0
BRDA:49,4,1,0
BRDA:50,5,0,0
BRDA:50,5,1,0
BRDA:51,6,0,0
BRDA:51,6,1,0
BRDA:52,7,0,0
BRDA:52,7,1,0
BRDA:55,8,0,0
BRDA:55,8,1,0
BRDA:66,9,0,0
BRDA:66,9,1,0
BRDA:72,10,0,0
BRDA:72,10,1,0
BRDA:77,11,0,0
BRDA:77,11,1,0
BRDA:85,12,0,0
BRDA:85,12,1,0
BRDA:85,13,0,0
BRDA:85,13,1,0
BRDA:116,14,0,0
BRDA:116,14,1,0
BRDA:194,15,0,0
BRDA:194,15,1,0
BRDA:197,16,0,0
BRDA:197,16,1,0
BRDA:248,17,0,0
BRDA:248,17,1,0
BRDA:275,18,0,0
BRDA:275,18,1,0
BRF:38
BRH:0
end_of_record
TN:
SF:src/features/payment/screens/order-tracking.tsx
FN:31,OrderTrackingScreen
FN:45,(anonymous_1)
FN:51,(anonymous_2)
FN:54,(anonymous_3)
FNF:4
FNH:0
FNDA:0,OrderTrackingScreen
FNDA:0,(anonymous_1)
FNDA:0,(anonymous_2)
FNDA:0,(anonymous_3)
DA:24,0
DA:32,0
DA:33,0
DA:36,0
DA:38,0
DA:39,0
DA:40,0
DA:41,0
DA:42,0
DA:43,0
DA:45,0
DA:46,0
DA:47,0
DA:48,0
DA:51,0
DA:52,0
DA:53,0
DA:54,0
DA:57,0
DA:58,0
DA:65,0
DA:66,0
DA:81,0
DA:192,0
LF:24
LH:0
BRDA:33,0,0,0
BRDA:33,0,1,0
BRDA:38,1,0,0
BRDA:38,1,1,0
BRDA:39,2,0,0
BRDA:39,2,1,0
BRDA:40,3,0,0
BRDA:40,3,1,0
BRDA:40,4,0,0
BRDA:40,4,1,0
BRDA:41,5,0,0
BRDA:41,5,1,0
BRDA:42,6,0,0
BRDA:42,6,1,0
BRDA:43,7,0,0
BRDA:43,7,1,0
BRDA:46,8,0,0
BRDA:46,8,1,0
BRDA:52,9,0,0
BRDA:52,9,1,0
BRDA:57,10,0,0
BRDA:57,10,1,0
BRDA:65,11,0,0
BRDA:65,11,1,0
BRDA:65,12,0,0
BRDA:65,12,1,0
BRDA:122,13,0,0
BRDA:122,13,1,0
BRDA:125,14,0,0
BRDA:125,14,1,0
BRDA:178,15,0,0
BRDA:178,15,1,0
BRF:32
BRH:0
end_of_record
TN:
SF:src/features/photo-prep/types.ts
FNF:0
FNH:0
LF:0
LH:0
BRF:0
BRH:0
end_of_record
TN:
SF:src/features/photo-prep/components/animated-dot.tsx
FN:14,AnimatedDot
FN:16,(anonymous_1)
FNF:2
FNH:0
FNDA:0,AnimatedDot
FNDA:0,(anonymous_1)
DA:8,0
DA:9,0
DA:10,0
DA:11,0
DA:12,0
DA:15,0
DA:16,0
DA:23,0
LF:8
LH:0
BRDA:17,0,0,0
BRDA:17,0,1,0
BRDA:19,1,0,0
BRDA:19,1,1,0
BRF:4
BRH:0
end_of_record
TN:
SF:src/features/photo-prep/screens/analyze-sheet.tsx
FN:11,AnalyzeSheet
FN:14,(anonymous_1)
FN:15,(anonymous_2)
FN:21,(anonymous_3)
FNF:4
FNH:0
FNDA:0,AnalyzeSheet
FNDA:0,(anonymous_1)
FNDA:0,(anonymous_2)
FNDA:0,(anonymous_3)
DA:12,0
DA:14,0
DA:15,0
DA:16,0
DA:21,0
DA:24,0
DA:35,0
LF:7
LH:0
BRF:0
BRH:0
end_of_record
TN:
SF:src/features/photo-prep/screens/photo-preparation.tsx
FN:69,LocalAnimatedDot
FN:72,(anonymous_1)
FN:80,(anonymous_2)
FN:88,PhotoPreparationScreen
FN:95,(anonymous_4)
FN:101,(anonymous_5)
FN:108,(anonymous_6)
FN:120,(anonymous_7)
FN:132,(anonymous_8)
FN:138,(anonymous_9)
FN:146,(anonymous_10)
FN:180,(anonymous_11)
FN:197,(anonymous_12)
FN:224,(anonymous_13)
FN:241,(anonymous_14)
FN:243,(anonymous_15)
FN:263,(anonymous_16)
FNF:17
FNH:0
FNDA:0,LocalAnimatedDot
FNDA:0,(anonymous_1)
FNDA:0,(anonymous_2)
FNDA:0,PhotoPreparationScreen
FNDA:0,(anonymous_4)
FNDA:0,(anonymous_5)
FNDA:0,(anonymous_6)
FNDA:0,(anonymous_7)
FNDA:0,(anonymous_8)
FNDA:0,(anonymous_9)
FNDA:0,(anonymous_10)
FNDA:0,(anonymous_11)
FNDA:0,(anonymous_12)
FNDA:0,(anonymous_13)
FNDA:0,(anonymous_14)
FNDA:0,(anonymous_15)
FNDA:0,(anonymous_16)
DA:32,0
DA:40,0
DA:63,0
DA:64,0
DA:65,0
DA:66,0
DA:67,0
DA:70,0
DA:72,0
DA:77,0
DA:80,0
DA:86,0
DA:89,0
DA:90,0
DA:91,0
DA:92,0
DA:93,0
DA:95,0
DA:96,0
DA:101,0
DA:108,0
DA:115,0
DA:116,0
DA:117,0
DA:118,0
DA:120,0
DA:121,0
DA:122,0
DA:123,0
DA:124,0
DA:127,0
DA:128,0
DA:129,0
DA:130,0
DA:132,0
DA:133,0
DA:134,0
DA:135,0
DA:138,0
DA:139,0
DA:140,0
DA:141,0
DA:142,0
DA:146,0
DA:147,0
DA:148,0
DA:149,0
DA:150,0
DA:151,0
DA:152,0
DA:153,0
DA:155,0
DA:156,0
DA:163,0
DA:164,0
DA:166,0
DA:169,0
DA:170,0
DA:171,0
DA:180,0
DA:181,0
DA:182,0
DA:183,0
DA:184,0
DA:190,0
DA:191,0
DA:193,0
DA:197,0
DA:198,0
DA:199,0
DA:205,0
DA:224,0
DA:241,0
DA:244,0
DA:264,0
DA:317,0
LF:76
LH:0
BRDA:73,0,0,0
BRDA:73,0,1,0
BRDA:74,1,0,0
BRDA:74,1,1,0
BRDA:96,2,0,0
BRDA:96,2,1,0
BRDA:121,3,0,0
BRDA:121,3,1,0
BRDA:122,4,0,0
BRDA:122,4,1,0
BRDA:123,5,0,0
BRDA:123,5,1,0
BRDA:128,6,0,0
BRDA:128,6,1,0
BRDA:128,7,0,0
BRDA:128,7,1,0
BRDA:128,8,0,0
BRDA:128,8,1,0
BRDA:129,9,0,0
BRDA:129,9,1,0
BRDA:129,9,2,0
BRDA:133,10,0,0
BRDA:133,10,1,0
BRDA:134,11,0,0
BRDA:134,11,1,0
BRDA:140,12,0,0
BRDA:140,12,1,0
BRDA:148,13,0,0
BRDA:148,13,1,0
BRDA:151,14,0,0
BRDA:151,14,1,0
BRDA:163,15,0,0
BRDA:163,15,1,0
BRDA:163,16,0,0
BRDA:163,16,1,0
BRDA:170,17,0,0
BRDA:170,17,1,0
BRDA:173,18,0,0
BRDA:173,18,1,0
BRDA:173,19,0,0
BRDA:173,19,1,0
BRDA:182,20,0,0
BRDA:182,20,1,0
BRDA:190,21,0,0
BRDA:190,21,1,0
BRDA:190,22,0,0
BRDA:190,22,1,0
BRDA:198,23,0,0
BRDA:198,23,1,0
BRDA:213,24,0,0
BRDA:213,24,1,0
BRDA:233,25,0,0
BRDA:233,25,1,0
BRDA:275,26,0,0
BRDA:275,26,1,0
BRDA:277,27,0,0
BRDA:277,27,1,0
BRDA:280,28,0,0
BRDA:280,28,1,0
BRDA:298,29,0,0
BRDA:298,29,1,0
BRF:61
BRH:0
end_of_record
TN:
SF:src/features/photo-prep/screens/preview.tsx
FN:22,PhotoPreviewScreen
FN:30,(anonymous_1)
FN:34,(anonymous_2)
FN:51,(anonymous_3)
FN:53,(anonymous_4)
FN:67,(anonymous_5)
FNF:6
FNH:0
FNDA:0,PhotoPreviewScreen
FNDA:0,(anonymous_1)
FNDA:0,(anonymous_2)
FNDA:0,(anonymous_3)
FNDA:0,(anonymous_4)
FNDA:0,(anonymous_5)
DA:23,0
DA:24,0
DA:25,0
DA:26,0
DA:28,0
DA:30,0
DA:31,0
DA:34,0
DA:35,0
DA:41,0
DA:51,0
DA:54,0
DA:68,0
DA:107,0
LF:14
LH:0
BRF:0
BRH:0
end_of_record
TN:
SF:src/features/photo-prep/screens/scan-result.tsx
FN:28,getSkinConditionColor
FN:32,(anonymous_1)
FN:40,ScanResult
FN:53,(anonymous_3)
FN:64,(anonymous_4)
FN:65,(anonymous_5)
FN:66,(anonymous_6)
FN:68,(anonymous_7)
FN:99,(anonymous_8)
FN:101,(anonymous_9)
FN:115,(anonymous_10)
FNF:11
FNH:0
FNDA:0,getSkinConditionColor
FNDA:0,(anonymous_1)
FNDA:0,ScanResult
FNDA:0,(anonymous_3)
FNDA:0,(anonymous_4)
FNDA:0,(anonymous_5)
FNDA:0,(anonymous_6)
FNDA:0,(anonymous_7)
FNDA:0,(anonymous_8)
FNDA:0,(anonymous_9)
FNDA:0,(anonymous_10)
DA:21,0
DA:29,0
DA:32,0
DA:41,0
DA:42,0
DA:43,0
DA:44,0
DA:45,0
DA:46,0
DA:47,0
DA:48,0
DA:50,0
DA:51,0
DA:53,0
DA:54,0
DA:60,0
DA:61,0
DA:62,0
DA:64,0
DA:65,0
DA:66,0
DA:68,0
DA:71,0
DA:99,0
DA:102,0
DA:116,0
DA:149,0
LF:27
LH:0
BRDA:55,0,0,0
BRDA:55,0,1,0
BRDA:56,1,0,0
BRDA:56,1,1,0
BRDA:57,2,0,0
BRDA:57,2,1,0
BRDA:58,3,0,0
BRDA:58,3,1,0
BRDA:75,4,0,0
BRDA:75,4,1,0
BRDA:76,5,0,0
BRDA:76,5,1,0
BRF:12
BRH:0
end_of_record
TN:
SF:src/features/product/components/ExpandableSection.tsx
FN:18,ExpandableSection
FN:32,(anonymous_1)
FNF:2
FNH:0
FNDA:0,ExpandableSection
FNDA:0,(anonymous_1)
DA:26,0
DA:28,0
DA:32,0
DA:53,0
LF:4
LH:0
BRDA:24,0,0,0
BRDA:42,1,0,0
BRDA:42,1,1,0
BRDA:48,2,0,0
BRDA:48,2,1,0
BRF:5
BRH:0
end_of_record
TN:
SF:src/features/product/components/InfoCard.tsx
FN:18,InfoCard
FNF:1
FNH:0
FNDA:0,InfoCard
DA:27,0
DA:40,0
LF:2
LH:0
BRDA:33,0,0,0
BRDA:33,0,1,0
BRF:2
BRH:0
end_of_record
TN:
SF:src/features/product/components/ProductHeader.tsx
FN:14,ProductHeader
FN:22,(anonymous_1)
FNF:2
FNH:0
FNDA:0,ProductHeader
FNDA:0,(anonymous_1)
DA:15,0
DA:23,0
DA:32,0
LF:3
LH:0
BRF:0
BRH:0
end_of_record
TN:
SF:src/features/product/components/ProductImageCard.tsx
FN:12,ProductImageCard
FNF:1
FNH:0
FNDA:0,ProductImageCard
DA:13,0
DA:26,0
LF:2
LH:0
BRF:0
BRH:0
end_of_record
TN:
SF:src/features/product/components/ProductItemCard.tsx
FN:17,ProductItemCard
FNF:1
FNH:0
FNDA:0,ProductItemCard
DA:24,0
DA:54,0
LF:2
LH:0
BRDA:21,0,0,0
BRDA:39,1,0,0
BRDA:39,1,1,0
BRDA:40,2,0,0
BRDA:40,2,1,0
BRF:5
BRH:0
end_of_record
TN:
SF:src/features/product/components/ProgressRing.tsx
FN:12,ProgressRing
FNF:1
FNH:0
FNDA:0,ProgressRing
DA:18,0
DA:19,0
DA:20,0
DA:22,0
DA:61,0
LF:5
LH:0
BRDA:14,0,0,0
BRDA:15,1,0,0
BRDA:16,2,0,0
BRF:3
BRH:0
end_of_record
TN:
SF:src/features/product/components/index.ts
FNF:0
FNH:0
LF:0
LH:0
BRF:0
BRH:0
end_of_record
TN:
SF:src/features/product/screens/product-details.tsx
FN:20,ProductDetailsScreen
FN:24,(anonymous_1)
FN:26,(anonymous_2)
FN:27,(anonymous_3)
FN:111,(anonymous_4)
FN:130,(anonymous_5)
FN:167,(anonymous_6)
FNF:7
FNH:0
FNDA:0,ProductDetailsScreen
FNDA:0,(anonymous_1)
FNDA:0,(anonymous_2)
FNDA:0,(anonymous_3)
FNDA:0,(anonymous_4)
FNDA:0,(anonymous_5)
FNDA:0,(anonymous_6)
DA:21,0
DA:22,0
DA:24,0
DA:25,0
DA:26,0
DA:27,0
DA:30,0
DA:31,0
DA:112,0
DA:131,0
DA:168,0
DA:183,0
LF:12
LH:0
BRDA:30,0,0,0
BRDA:30,0,1,0
BRDA:54,1,0,0
BRDA:54,1,1,0
BRDA:58,2,0,0
BRDA:58,2,1,0
BRDA:72,3,0,0
BRDA:72,3,1,0
BRDA:72,3,2,0
BRDA:122,4,0,0
BRDA:122,4,1,0
BRDA:122,4,2,0
BRDA:141,5,0,0
BRDA:141,5,1,0
BRDA:157,6,0,0
BRDA:157,6,1,0
BRDA:157,6,2,0
BRF:17
BRH:0
end_of_record
TN:
SF:src/features/profile/components/ProfileHeader.tsx
FN:16,ProfileHeader
FNF:1
FNH:0
FNDA:0,ProfileHeader
DA:17,0
DA:36,0
LF:2
LH:0
BRDA:20,0,0,0
BRDA:20,0,1,0
BRF:2
BRH:0
end_of_record
TN:
SF:src/features/profile/components/ProfileMenuItem.tsx
FN:14,ProfileMenuItem
FNF:1
FNH:0
FNDA:0,ProfileMenuItem
DA:15,0
DA:34,0
LF:2
LH:0
BRF:0
BRH:0
end_of_record
TN:
SF:src/features/profile/components/ProfileSection.tsx
FN:13,ProfileSection
FNF:1
FNH:0
FNDA:0,ProfileSection
DA:14,0
DA:22,0
LF:2
LH:0
BRDA:16,0,0,0
BRDA:16,0,1,0
BRF:2
BRH:0
end_of_record
TN:
SF:src/features/profile/components/index.tsx
FNF:0
FNH:0
LF:0
LH:0
BRF:0
BRH:0
end_of_record
TN:
SF:src/features/profile/models/profile.ts
FN:14,(anonymous_0)
FN:36,(anonymous_1)
FN:43,(anonymous_2)
FNF:3
FNH:3
FNDA:8,(anonymous_0)
FNDA:4,(anonymous_1)
FNDA:8,(anonymous_2)
DA:25,8
DA:26,8
DA:27,8
DA:28,8
DA:29,8
DA:30,8
DA:31,8
DA:32,8
DA:33,8
DA:37,4
DA:44,8
LF:11
LH:11
BRDA:38,0,0,4
BRDA:38,0,1,2
BRDA:46,1,0,8
BRDA:46,1,1,7
BRDA:47,2,0,8
BRDA:47,2,1,7
BRDA:48,3,0,8
BRDA:48,3,1,7
BRDA:49,4,0,8
BRDA:49,4,1,7
BRDA:50,5,0,8
BRDA:50,5,1,5
BRDA:51,6,0,8
BRDA:51,6,1,7
BRDA:52,7,0,8
BRDA:52,7,1,7
BRDA:53,8,0,8
BRDA:53,8,1,5
BRF:18
BRH:18
end_of_record
TN:
SF:src/features/profile/screens/faq.tsx
FN:22,FAQItem
FN:49,FAQScreen
FN:98,(anonymous_2)
FN:104,(anonymous_3)
FNF:4
FNH:0
FNDA:0,FAQItem
FNDA:0,FAQScreen
FNDA:0,(anonymous_2)
FNDA:0,(anonymous_3)
DA:23,0
DA:50,0
DA:51,0
DA:53,0
DA:80,0
DA:99,0
DA:104,0
DA:116,0
LF:8
LH:0
BRDA:33,0,0,0
BRDA:33,0,1,0
BRDA:40,1,0,0
BRDA:40,1,1,0
BRDA:104,2,0,0
BRDA:104,2,1,0
BRDA:106,3,0,0
BRDA:106,3,1,0
BRF:8
BRH:0
end_of_record
TN:
SF:src/features/profile/screens/language.tsx
FN:27,LanguageItem
FN:49,LanguageScreen
FN:75,(anonymous_2)
FN:77,(anonymous_3)
FN:84,(anonymous_4)
FN:86,(anonymous_5)
FN:115,(anonymous_6)
FN:120,(anonymous_7)
FNF:8
FNH:0
FNDA:0,LanguageItem
FNDA:0,LanguageScreen
FNDA:0,(anonymous_2)
FNDA:0,(anonymous_3)
FNDA:0,(anonymous_4)
FNDA:0,(anonymous_5)
FNDA:0,(anonymous_6)
FNDA:0,(anonymous_7)
DA:28,0
DA:50,0
DA:52,0
DA:73,0
DA:75,0
DA:77,0
DA:78,0
DA:79,0
DA:84,0
DA:85,0
DA:86,0
DA:87,0
DA:88,0
DA:92,0
DA:116,0
DA:120,0
DA:132,0
LF:17
LH:0
BRDA:42,0,0,0
BRDA:42,0,1,0
BRDA:43,1,0,0
BRDA:43,1,1,0
BRDA:78,2,0,0
BRDA:78,2,1,0
BRDA:87,3,0,0
BRDA:87,3,1,0
BRDA:122,4,0,0
BRDA:122,4,1,0
BRF:10
BRH:0
end_of_record
TN:
SF:src/features/profile/screens/permissions.tsx
FN:21,PermissionItem
FN:36,PermissionsScreen
FN:45,(anonymous_2)
FN:46,(anonymous_3)
FN:74,(anonymous_4)
FN:81,(anonymous_5)
FN:88,(anonymous_6)
FN:95,(anonymous_7)
FNF:8
FNH:0
FNDA:0,PermissionItem
FNDA:0,PermissionsScreen
FNDA:0,(anonymous_2)
FNDA:0,(anonymous_3)
FNDA:0,(anonymous_4)
FNDA:0,(anonymous_5)
FNDA:0,(anonymous_6)
FNDA:0,(anonymous_7)
DA:22,0
DA:37,0
DA:38,0
DA:45,0
DA:46,0
DA:52,0
DA:74,0
DA:81,0
DA:88,0
DA:95,0
DA:104,0
LF:11
LH:0
BRF:0
BRH:0
end_of_record
TN:
SF:src/features/profile/screens/privacy-policy.tsx
FN:5,PrivacyPolicyScreen
FNF:1
FNH:0
FNDA:0,PrivacyPolicyScreen
DA:6,0
DA:70,0
LF:2
LH:0
BRF:0
BRH:0
end_of_record
TN:
SF:src/features/profile/screens/profile-details.tsx
FN:35,ProfileField
FN:57,ProfileDetailsScreen
FN:63,(anonymous_2)
FN:70,(anonymous_3)
FN:75,(anonymous_4)
FN:84,(anonymous_5)
FN:115,(anonymous_6)
FN:146,(anonymous_7)
FN:162,(anonymous_8)
FN:180,(anonymous_9)
FN:188,(anonymous_10)
FN:198,(anonymous_11)
FN:206,(anonymous_12)
FN:220,(anonymous_13)
FN:228,(anonymous_14)
FN:236,(anonymous_15)
FN:248,(anonymous_16)
FNF:17
FNH:0
FNDA:0,ProfileField
FNDA:0,ProfileDetailsScreen
FNDA:0,(anonymous_2)
FNDA:0,(anonymous_3)
FNDA:0,(anonymous_4)
FNDA:0,(anonymous_5)
FNDA:0,(anonymous_6)
FNDA:0,(anonymous_7)
FNDA:0,(anonymous_8)
FNDA:0,(anonymous_9)
FNDA:0,(anonymous_10)
FNDA:0,(anonymous_11)
FNDA:0,(anonymous_12)
FNDA:0,(anonymous_13)
FNDA:0,(anonymous_14)
FNDA:0,(anonymous_15)
FNDA:0,(anonymous_16)
DA:36,0
DA:58,0
DA:59,0
DA:60,0
DA:63,0
DA:64,0
DA:65,0
DA:70,0
DA:71,0
DA:72,0
DA:75,0
DA:76,0
DA:77,0
DA:78,0
DA:79,0
DA:84,0
DA:85,0
DA:86,0
DA:90,0
DA:91,0
DA:102,0
DA:103,0
DA:115,0
DA:123,0
DA:147,0
DA:180,0
DA:198,0
DA:220,0
DA:228,0
DA:236,0
DA:330,0
LF:31
LH:0
BRDA:64,0,0,0
BRDA:64,0,1,0
BRDA:64,1,0,0
BRDA:64,1,1,0
BRDA:71,2,0,0
BRDA:71,2,1,0
BRDA:76,3,0,0
BRDA:76,3,1,0
BRDA:78,4,0,0
BRDA:78,4,1,0
BRDA:90,5,0,0
BRDA:90,5,1,0
BRDA:90,6,0,0
BRDA:90,6,1,0
BRDA:102,7,0,0
BRDA:102,7,1,0
BRDA:102,8,0,0
BRDA:102,8,1,0
BRDA:161,9,0,0
BRDA:161,9,1,0
BRDA:171,10,0,0
BRDA:171,10,1,0
BRDA:179,11,0,0
BRDA:179,11,1,0
BRDA:187,12,0,0
BRDA:187,12,1,0
BRDA:197,13,0,0
BRDA:197,13,1,0
BRDA:205,14,0,0
BRDA:205,14,1,0
BRDA:216,15,0,0
BRDA:216,15,1,0
BRDA:216,16,0,0
BRDA:216,16,1,0
BRDA:227,17,0,0
BRDA:227,17,1,0
BRDA:235,18,0,0
BRDA:235,18,1,0
BRDA:244,19,0,0
BRDA:244,19,1,0
BRDA:244,20,0,0
BRDA:244,20,1,0
BRDA:266,21,0,0
BRDA:266,21,1,0
BRDA:319,22,0,0
BRDA:319,22,1,0
BRF:46
BRH:0
end_of_record
TN:
SF:src/features/profile/screens/profile-index.tsx
FN:34,ProfileScreen
FN:38,(anonymous_1)
FN:44,(anonymous_2)
FN:78,(anonymous_3)
FN:91,(anonymous_4)
FN:104,(anonymous_5)
FN:117,(anonymous_6)
FN:133,(anonymous_7)
FN:146,(anonymous_8)
FN:159,(anonymous_9)
FN:172,(anonymous_10)
FN:188,(anonymous_11)
FN:201,(anonymous_12)
FN:217,(anonymous_13)
FN:230,(anonymous_14)
FN:246,(anonymous_15)
FN:259,(anonymous_16)
FNF:17
FNH:0
FNDA:0,ProfileScreen
FNDA:0,(anonymous_1)
FNDA:0,(anonymous_2)
FNDA:0,(anonymous_3)
FNDA:0,(anonymous_4)
FNDA:0,(anonymous_5)
FNDA:0,(anonymous_6)
FNDA:0,(anonymous_7)
FNDA:0,(anonymous_8)
FNDA:0,(anonymous_9)
FNDA:0,(anonymous_10)
FNDA:0,(anonymous_11)
FNDA:0,(anonymous_12)
FNDA:0,(anonymous_13)
FNDA:0,(anonymous_14)
FNDA:0,(anonymous_15)
FNDA:0,(anonymous_16)
DA:35,0
DA:36,0
DA:38,0
DA:39,0
DA:45,0
DA:46,0
DA:52,0
DA:79,0
DA:92,0
DA:105,0
DA:134,0
DA:147,0
DA:189,0
DA:202,0
DA:218,0
DA:231,0
DA:247,0
DA:260,0
DA:279,0
LF:19
LH:0
BRDA:64,0,0,0
BRDA:64,0,1,0
BRDA:65,1,0,0
BRDA:65,1,1,0
BRF:4
BRH:0
end_of_record
TN:
SF:src/features/profile/screens/select-gender.tsx
FN:24,SelectGenderScreen
FN:27,(anonymous_1)
FN:41,(anonymous_2)
FN:53,(anonymous_3)
FN:60,(anonymous_4)
FNF:5
FNH:0
FNDA:0,SelectGenderScreen
FNDA:0,(anonymous_1)
FNDA:0,(anonymous_2)
FNDA:0,(anonymous_3)
FNDA:0,(anonymous_4)
DA:18,0
DA:25,0
DA:27,0
DA:28,0
DA:29,0
DA:30,0
DA:34,0
DA:41,0
DA:55,0
DA:56,0
DA:60,0
DA:95,0
LF:12
LH:0
BRDA:29,0,0,0
BRDA:29,0,1,0
BRDA:59,1,0,0
BRDA:59,1,1,0
BRDA:67,2,0,0
BRDA:67,2,1,0
BRDA:72,3,0,0
BRDA:72,3,1,0
BRDA:84,4,0,0
BRDA:84,4,1,0
BRF:10
BRH:0
end_of_record
TN:
SF:src/features/profile/screens/support.tsx
FN:13,SupportScreen
FN:14,(anonymous_1)
FN:18,(anonymous_2)
FN:25,(anonymous_3)
FN:50,(anonymous_4)
FNF:5
FNH:0
FNDA:0,SupportScreen
FNDA:0,(anonymous_1)
FNDA:0,(anonymous_2)
FNDA:0,(anonymous_3)
FNDA:0,(anonymous_4)
DA:14,0
DA:15,0
DA:16,0
DA:17,0
DA:19,0
DA:20,0
DA:22,0
DA:26,0
DA:27,0
DA:31,0
DA:50,0
DA:73,0
LF:12
LH:0
BRDA:19,0,0,0
BRDA:19,0,1,0
BRDA:52,1,0,0
BRDA:52,1,1,0
BRF:4
BRH:0
end_of_record
TN:
SF:src/features/profile/screens/terms-of-use.tsx
FN:5,TermsOfUseScreen
FNF:1
FNH:0
FNDA:0,TermsOfUseScreen
DA:6,0
DA:81,0
LF:2
LH:0
BRF:0
BRH:0
end_of_record
TN:
SF:src/features/progress/components/ImprovementIcon.tsx
FN:4,ImprovementIcon
FNF:1
FNH:0
FNDA:0,ImprovementIcon
DA:5,0
LF:1
LH:0
BRF:0
BRH:0
end_of_record
TN:
SF:src/features/progress/components/MetricCard.tsx
FN:23,MetricCard
FNF:1
FNH:0
FNDA:0,MetricCard
DA:24,0
DA:69,0
LF:2
LH:0
BRDA:41,0,0,0
BRDA:41,0,1,0
BRDA:44,1,0,0
BRDA:44,1,1,0
BRDA:47,2,0,0
BRDA:47,2,1,0
BRDA:51,3,0,0
BRDA:51,3,1,0
BRDA:53,4,0,0
BRDA:53,4,1,0
BRDA:57,5,0,0
BRDA:57,5,1,0
BRF:12
BRH:0
end_of_record
TN:
SF:src/features/progress/components/ProgressHelpedCard.tsx
FN:9,ProgressHelpedCard
FNF:1
FNH:0
FNDA:0,ProgressHelpedCard
DA:10,0
DA:25,0
LF:2
LH:0
BRF:0
BRH:0
end_of_record
TN:
SF:src/features/progress/components/ProgressLockView.tsx
FN:12,ProgressLockView
FNF:1
FNH:0
FNDA:0,ProgressLockView
DA:13,0
DA:101,0
LF:2
LH:0
BRF:0
BRH:0
end_of_record
TN:
SF:src/features/progress/components/ProgressMetricIcon.tsx
FN:5,(anonymous_0)
FNF:1
FNH:0
FNDA:0,(anonymous_0)
DA:5,0
DA:6,0
LF:2
LH:0
BRF:0
BRH:0
end_of_record
TN:
SF:src/features/progress/components/ProgressUnlockedView.tsx
FN:15,ProgressUnlockedView
FNF:1
FNH:0
FNDA:0,ProgressUnlockedView
DA:16,0
DA:85,0
LF:2
LH:0
BRF:0
BRH:0
end_of_record
TN:
SF:src/features/progress/components/RoutineConsistencyCard.tsx
FN:10,RoutineConsistencyCard
FNF:1
FNH:0
FNDA:0,RoutineConsistencyCard
DA:11,0
DA:32,0
LF:2
LH:0
BRF:0
BRH:0
end_of_record
TN:
SF:src/features/progress/components/RoutineConsistencyIcon.tsx
FN:5,(anonymous_0)
FNF:1
FNH:0
FNDA:0,(anonymous_0)
DA:5,0
DA:6,0
LF:2
LH:0
BRF:0
BRH:0
end_of_record
TN:
SF:src/features/progress/components/ScanHistoryCard.tsx
FN:9,ScanHistoryCard
FNF:1
FNH:0
FNDA:0,ScanHistoryCard
DA:10,0
DA:21,0
LF:2
LH:0
BRF:0
BRH:0
end_of_record
TN:
SF:src/features/progress/components/TopImprovementsCard.tsx
FN:22,ImprovementItem
FN:25,(anonymous_1)
FN:77,TopImprovementsCard
FN:110,(anonymous_3)
FNF:4
FNH:0
FNDA:0,ImprovementItem
FNDA:0,(anonymous_1)
FNDA:0,TopImprovementsCard
FNDA:0,(anonymous_3)
DA:23,0
DA:25,0
DA:27,0
DA:37,0
DA:42,0
DA:78,0
DA:80,0
DA:110,0
DA:120,0
LF:9
LH:0
BRDA:22,0,0,0
BRDA:22,1,0,0
BRDA:53,2,0,0
BRDA:53,2,1,0
BRDA:55,3,0,0
BRDA:55,3,1,0
BRF:6
BRH:0
end_of_record
TN:
SF:src/features/progress/screens/progress.tsx
FN:12,ProgressScreen
FN:14,(anonymous_1)
FNF:2
FNH:0
FNDA:0,ProgressScreen
FNDA:0,(anonymous_1)
DA:13,0
DA:14,0
DA:17,0
DA:19,0
DA:20,0
DA:28,0
DA:29,0
DA:37,0
DA:56,0
LF:9
LH:0
BRDA:17,0,0,0
BRDA:17,0,1,0
BRDA:19,1,0,0
BRDA:19,1,1,0
BRDA:19,2,0,0
BRDA:19,2,1,0
BRDA:28,3,0,0
BRDA:28,3,1,0
BRDA:28,4,0,0
BRDA:28,4,1,0
BRDA:44,5,0,0
BRDA:44,5,1,0
BRF:12
BRH:0
end_of_record
TN:
SF:src/features/quiz/components/QuizCardSelection.tsx
FN:22,QuizCardSelection
FN:27,(anonymous_1)
FN:36,(anonymous_2)
FN:56,(anonymous_3)
FNF:4
FNH:0
FNDA:0,QuizCardSelection
FNDA:0,(anonymous_1)
FNDA:0,(anonymous_2)
FNDA:0,(anonymous_3)
DA:27,0
DA:28,0
DA:30,0
DA:36,0
DA:52,0
DA:56,0
DA:65,0
LF:7
LH:0
BRDA:34,0,0,0
BRDA:34,0,1,0
BRF:2
BRH:0
end_of_record
TN:
SF:src/features/quiz/components/QuizListSelection.tsx
FN:20,QuizListSelection
FN:27,(anonymous_1)
FN:35,(anonymous_2)
FNF:3
FNH:0
FNDA:0,QuizListSelection
FNDA:0,(anonymous_1)
FNDA:0,(anonymous_2)
DA:25,0
DA:28,0
DA:29,0
DA:31,0
DA:35,0
DA:57,0
LF:6
LH:0
BRDA:39,0,0,0
BRDA:39,0,1,0
BRF:2
BRH:0
end_of_record
TN:
SF:src/features/quiz/components/QuizProgressBar.tsx
FN:10,QuizProgressBar
FNF:1
FNH:0
FNDA:0,QuizProgressBar
DA:11,0
DA:20,0
LF:2
LH:0
BRF:0
BRH:0
end_of_record
TN:
SF:src/features/quiz/components/index.ts
FNF:0
FNH:0
LF:0
LH:0
BRF:0
BRH:0
end_of_record
TN:
SF:src/features/quiz/models/quiz-question.ts
FN:16,(anonymous_0)
FNF:1
FNH:0
FNDA:0,(anonymous_0)
DA:16,0
LF:1
LH:0
BRF:0
BRH:0
end_of_record
TN:
SF:src/features/quiz/screens/quiz-complete.tsx
FN:23,QuizCompleteScreen
FN:28,(anonymous_1)
FN:32,(anonymous_2)
FN:39,(anonymous_3)
FN:60,(anonymous_4)
FN:61,(anonymous_5)
FN:71,(anonymous_6)
FN:80,(anonymous_7)
FN:83,(anonymous_8)
FNF:9
FNH:0
FNDA:0,QuizCompleteScreen
FNDA:0,(anonymous_1)
FNDA:0,(anonymous_2)
FNDA:0,(anonymous_3)
FNDA:0,(anonymous_4)
FNDA:0,(anonymous_5)
FNDA:0,(anonymous_6)
FNDA:0,(anonymous_7)
FNDA:0,(anonymous_8)
DA:24,0
DA:25,0
DA:26,0
DA:27,0
DA:28,0
DA:29,0
DA:32,0
DA:33,0
DA:34,0
DA:35,0
DA:36,0
DA:38,0
DA:39,0
DA:40,0
DA:41,0
DA:48,0
DA:49,0
DA:60,0
DA:61,0
DA:62,0
DA:64,0
DA:71,0
DA:72,0
DA:80,0
DA:83,0
DA:84,0
DA:87,0
DA:146,0
LF:28
LH:0
BRDA:33,0,0,0
BRDA:33,0,1,0
BRDA:33,1,0,0
BRDA:33,1,1,0
BRDA:33,1,2,0
BRDA:36,2,0,0
BRDA:36,2,1,0
BRDA:36,3,0,0
BRDA:36,3,1,0
BRDA:44,4,0,0
BRDA:44,4,1,0
BRDA:45,5,0,0
BRDA:45,5,1,0
BRDA:48,6,0,0
BRDA:48,6,1,0
BRDA:50,7,0,0
BRDA:50,7,1,0
BRDA:51,8,0,0
BRDA:51,8,1,0
BRDA:91,9,0,0
BRDA:91,9,1,0
BRF:21
BRH:0
end_of_record
TN:
SF:src/features/quiz/screens/quiz-intro.tsx
FN:15,QuizIntroScreen
FN:16,(anonymous_1)
FNF:2
FNH:0
FNDA:0,QuizIntroScreen
FNDA:0,(anonymous_1)
DA:16,0
DA:17,0
DA:20,0
DA:63,0
LF:4
LH:0
BRF:0
BRH:0
end_of_record
TN:
SF:src/features/quiz/screens/quiz-questions.tsx
FN:27,QuizQuestionsScreen
FN:37,(anonymous_1)
FN:43,(anonymous_2)
FN:51,(anonymous_3)
FNF:4
FNH:0
FNDA:0,QuizQuestionsScreen
FNDA:0,(anonymous_1)
FNDA:0,(anonymous_2)
FNDA:0,(anonymous_3)
DA:28,0
DA:29,0
DA:30,0
DA:32,0
DA:33,0
DA:34,0
DA:35,0
DA:37,0
DA:38,0
DA:39,0
DA:40,0
DA:43,0
DA:44,0
DA:45,0
DA:47,0
DA:51,0
DA:52,0
DA:53,0
DA:55,0
DA:59,0
DA:61,0
DA:119,0
LF:22
LH:0
BRDA:44,0,0,0
BRDA:44,0,1,0
BRDA:52,1,0,0
BRDA:52,1,1,0
BRDA:70,2,0,0
BRDA:70,2,1,0
BRDA:87,3,0,0
BRDA:87,3,1,0
BRF:8
BRH:0
end_of_record
TN:
SF:src/features/routine/components/routine-shimmer.tsx
FN:13,ShimmerBox
FN:16,(anonymous_1)
FN:54,RoutineStepShimmer
FN:85,DaySelectorShimmer
FN:88,(anonymous_4)
FN:100,RoutineShimmer
FNF:6
FNH:0
FNDA:0,ShimmerBox
FNDA:0,(anonymous_1)
FNDA:0,RoutineStepShimmer
FNDA:0,DaySelectorShimmer
FNDA:0,(anonymous_4)
FNDA:0,RoutineShimmer
DA:14,0
DA:16,0
DA:17,0
DA:33,0
DA:38,0
DA:55,0
DA:86,0
DA:89,0
DA:101,0
DA:128,0
LF:10
LH:0
BRDA:13,0,0,0
BRF:1
BRH:0
end_of_record
TN:
SF:src/features/routine/components/routine-step-card.tsx
FN:28,RoutineStepCard
FN:31,(anonymous_1)
FN:134,(anonymous_2)
FNF:3
FNH:0
FNDA:0,RoutineStepCard
FNDA:0,(anonymous_1)
FNDA:0,(anonymous_2)
DA:29,0
DA:31,0
DA:32,0
DA:33,0
DA:40,0
DA:134,0
DA:145,0
LF:7
LH:0
BRDA:32,0,0,0
BRDA:32,0,1,0
BRDA:32,1,0,0
BRDA:32,1,1,0
BRDA:47,2,0,0
BRDA:47,2,1,0
BRDA:60,3,0,0
BRDA:60,3,1,0
BRDA:60,4,0,0
BRDA:60,4,1,0
BRDA:68,5,0,0
BRDA:68,5,1,0
BRDA:88,6,0,0
BRDA:88,6,1,0
BRDA:121,7,0,0
BRDA:121,7,1,0
BRDA:130,8,0,0
BRDA:130,8,1,0
BRF:18
BRH:0
end_of_record
TN:
SF:src/features/routine/components/time-toggle-button.tsx
FN:16,TimeToggleButton
FNF:1
FNH:0
FNDA:0,TimeToggleButton
DA:22,0
DA:40,0
LF:2
LH:0
BRDA:24,0,0,0
BRDA:24,0,1,0
BRDA:31,1,0,0
BRDA:31,1,1,0
BRDA:33,2,0,0
BRDA:33,2,1,0
BRF:6
BRH:0
end_of_record
TN:
SF:src/features/routine/screens/routine.tsx
FN:49,RoutineScreen
FN:52,(anonymous_1)
FN:60,(anonymous_2)
FN:65,(anonymous_3)
FN:88,(anonymous_4)
FN:118,(anonymous_5)
FN:125,(anonymous_6)
FN:154,(anonymous_7)
FN:160,(anonymous_8)
FN:174,(anonymous_9)
FN:179,(anonymous_10)
FNF:11
FNH:0
FNDA:0,RoutineScreen
FNDA:0,(anonymous_1)
FNDA:0,(anonymous_2)
FNDA:0,(anonymous_3)
FNDA:0,(anonymous_4)
FNDA:0,(anonymous_5)
FNDA:0,(anonymous_6)
FNDA:0,(anonymous_7)
FNDA:0,(anonymous_8)
FNDA:0,(anonymous_9)
FNDA:0,(anonymous_10)
DA:37,0
DA:50,0
DA:51,0
DA:52,0
DA:55,0
DA:56,0
DA:57,0
DA:58,0
DA:60,0
DA:61,0
DA:65,0
DA:66,0
DA:67,0
DA:68,0
DA:70,0
DA:75,0
DA:76,0
DA:77,0
DA:78,0
DA:82,0
DA:84,0
DA:88,0
DA:89,0
DA:90,0
DA:91,0
DA:92,0
DA:95,0
DA:119,0
DA:125,0
DA:154,0
DA:160,0
DA:175,0
DA:180,0
DA:194,0
LF:34
LH:0
BRDA:75,0,0,0
BRDA:75,0,1,0
BRDA:77,1,0,0
BRDA:77,1,1,0
BRDA:82,2,0,0
BRDA:82,2,1,0
BRDA:90,3,0,0
BRDA:90,3,1,0
BRDA:91,4,0,0
BRDA:91,4,1,0
BRDA:123,5,0,0
BRDA:123,5,1,0
BRDA:132,6,0,0
BRDA:132,6,1,0
BRDA:140,7,0,0
BRDA:140,7,1,0
BRDA:165,8,0,0
BRDA:165,8,1,0
BRF:18
BRH:0
end_of_record
TN:
SF:src/features/treatment-plan/components/ActiveIngredients.tsx
FN:9,getIngredients
FN:17,ActiveIngredients
FN:21,(anonymous_2)
FNF:3
FNH:0
FNDA:0,getIngredients
FNDA:0,ActiveIngredients
FNDA:0,(anonymous_2)
DA:10,0
DA:18,0
DA:22,0
DA:40,0
LF:4
LH:0
BRF:0
BRH:0
end_of_record
TN:
SF:src/features/treatment-plan/components/BenefitsGrid.tsx
FN:9,getLeftColumnBenefits
FN:17,getRightColumnBenefits
FN:25,BenefitsGrid
FN:32,(anonymous_3)
FN:48,(anonymous_4)
FNF:5
FNH:0
FNDA:0,getLeftColumnBenefits
FNDA:0,getRightColumnBenefits
FNDA:0,BenefitsGrid
FNDA:0,(anonymous_3)
FNDA:0,(anonymous_4)
DA:10,0
DA:18,0
DA:26,0
DA:33,0
DA:49,0
DA:67,0
LF:6
LH:0
BRF:0
BRH:0
end_of_record
TN:
SF:src/features/treatment-plan/components/ComparisonSlider.tsx
FN:26,ComparisonSlider
FN:40,(anonymous_1)
FN:48,(anonymous_2)
FN:52,(anonymous_3)
FN:61,(anonymous_4)
FN:67,(anonymous_5)
FNF:6
FNH:0
FNDA:0,ComparisonSlider
FNDA:0,(anonymous_1)
FNDA:0,(anonymous_2)
FNDA:0,(anonymous_3)
FNDA:0,(anonymous_4)
FNDA:0,(anonymous_5)
DA:35,0
DA:36,0
DA:37,0
DA:38,0
DA:40,0
DA:41,0
DA:42,0
DA:43,0
DA:44,0
DA:47,0
DA:50,0
DA:54,0
DA:55,0
DA:56,0
DA:57,0
DA:58,0
DA:61,0
DA:62,0
DA:67,0
DA:68,0
DA:73,0
DA:133,0
LF:22
LH:0
BRDA:30,0,0,0
BRDA:32,1,0,0
BRDA:33,2,0,0
BRDA:56,3,0,0
BRDA:56,3,1,0
BRDA:57,4,0,0
BRDA:57,4,1,0
BRDA:94,5,0,0
BRDA:94,5,1,0
BRF:9
BRH:0
end_of_record
TN:
SF:src/features/treatment-plan/components/PreparationStatus.tsx
FN:9,PreparationStatus
FNF:1
FNH:0
FNDA:0,PreparationStatus
DA:10,0
DA:33,0
LF:2
LH:0
BRF:0
BRH:0
end_of_record
TN:
SF:src/features/treatment-plan/components/ProtocolSection.tsx
FN:10,(anonymous_0)
FN:19,(anonymous_1)
FN:48,(anonymous_2)
FN:57,ProtocolSection
FNF:4
FNH:0
FNDA:0,(anonymous_0)
FNDA:0,(anonymous_1)
FNDA:0,(anonymous_2)
FNDA:0,ProtocolSection
DA:10,0
DA:11,0
DA:19,0
DA:32,0
DA:49,0
DA:58,0
DA:101,0
LF:7
LH:0
BRF:0
BRH:0
end_of_record
TN:
SF:src/features/treatment-plan/components/SupportBanner.tsx
FN:10,SupportBanner
FNF:1
FNH:0
FNDA:0,SupportBanner
DA:11,0
DA:53,0
LF:2
LH:0
BRF:0
BRH:0
end_of_record
TN:
SF:src/features/treatment-plan/components/TrustRating.tsx
FN:10,(anonymous_0)
FN:21,(anonymous_1)
FN:42,TrustRating
FNF:3
FNH:0
FNDA:0,(anonymous_0)
FNDA:0,(anonymous_1)
FNDA:0,TrustRating
DA:10,0
DA:11,0
DA:21,0
DA:22,0
DA:43,0
DA:51,0
LF:6
LH:0
BRF:0
BRH:0
end_of_record
TN:
SF:src/features/treatment-plan/components/WhatsInsideAccordion.tsx
FN:13,(anonymous_0)
FN:20,getAccordionItems
FN:73,AccordionItem
FN:77,(anonymous_3)
FN:107,(anonymous_4)
FN:116,WhatsInsideAccordion
FN:121,(anonymous_6)
FNF:7
FNH:0
FNDA:0,(anonymous_0)
FNDA:0,getAccordionItems
FNDA:0,AccordionItem
FNDA:0,(anonymous_3)
FNDA:0,(anonymous_4)
FNDA:0,WhatsInsideAccordion
FNDA:0,(anonymous_6)
DA:13,0
DA:14,0
DA:21,0
DA:74,0
DA:75,0
DA:77,0
DA:78,0
DA:79,0
DA:82,0
DA:87,0
DA:108,0
DA:117,0
DA:122,0
DA:129,0
LF:14
LH:0
BRDA:75,0,0,0
BRDA:75,0,1,0
BRDA:79,1,0,0
BRDA:79,1,1,0
BRDA:84,2,0,0
BRDA:84,2,1,0
BRDA:96,3,0,0
BRDA:96,3,1,0
BRDA:99,4,0,0
BRDA:99,4,1,0
BRDA:105,5,0,0
BRDA:105,5,1,0
BRF:12
BRH:0
end_of_record
TN:
SF:src/features/treatment-plan/components/icons/StarIcon.tsx
FN:4,(anonymous_0)
FNF:1
FNH:0
FNDA:0,(anonymous_0)
DA:4,0
DA:5,0
LF:2
LH:0
BRDA:4,0,0,0
BRDA:4,1,0,0
BRDA:4,2,0,0
BRF:3
BRH:0
end_of_record
TN:
SF:src/features/treatment-plan/components/icons/TrustBadge.tsx
FN:4,(anonymous_0)
FNF:1
FNH:0
FNDA:0,(anonymous_0)
DA:4,0
DA:5,0
LF:2
LH:0
BRDA:4,0,0,0
BRDA:4,1,0,0
BRF:2
BRH:0
end_of_record
TN:
SF:src/features/treatment-plan/screens/treatment-plan.tsx
FN:26,(anonymous_0)
FN:27,(anonymous_1)
FN:33,TreatmentPlanScreen
FN:37,(anonymous_3)
FN:43,(anonymous_4)
FN:77,(anonymous_5)
FN:89,(anonymous_6)
FN:125,(anonymous_7)
FNF:8
FNH:0
FNDA:0,(anonymous_0)
FNDA:0,(anonymous_1)
FNDA:0,TreatmentPlanScreen
FNDA:0,(anonymous_3)
FNDA:0,(anonymous_4)
FNDA:0,(anonymous_5)
FNDA:0,(anonymous_6)
FNDA:0,(anonymous_7)
DA:21,0
DA:22,0
DA:23,0
DA:26,0
DA:27,0
DA:34,0
DA:35,0
DA:37,0
DA:38,0
DA:39,0
DA:40,0
DA:43,0
DA:44,0
DA:53,0
DA:77,0
DA:90,0
DA:125,0
DA:132,0
LF:18
LH:0
BRDA:94,0,0,0
BRDA:94,0,1,0
BRF:2
BRH:0
end_of_record
TN:
SF:src/shared/api/client.ts
FN:24,(anonymous_0)
FN:41,isRetryable
FN:52,retryDelay
FN:57,(anonymous_3)
FN:68,(anonymous_4)
FN:72,getErrorType
FN:92,getErrorMessage
FNF:7
FNH:2
FNDA:0,(anonymous_0)
FNDA:0,isRetryable
FNDA:0,retryDelay
FNDA:0,(anonymous_3)
FNDA:0,(anonymous_4)
FNDA:11,getErrorType
FNDA:12,getErrorMessage
DA:9,1
DA:10,1
DA:12,1
DA:13,1
DA:14,1
DA:16,1
DA:18,1
DA:24,1
DA:25,0
DA:26,0
DA:27,0
DA:28,0
DA:31,0
DA:34,0
DA:42,0
DA:43,0
DA:45,0
DA:46,0
DA:48,0
DA:49,0
DA:53,0
DA:54,0
DA:57,1
DA:58,0
DA:59,0
DA:60,0
DA:63,0
DA:64,0
DA:65,0
DA:68,0
DA:69,0
DA:75,11
DA:76,9
DA:77,2
DA:78,7
DA:82,2
DA:83,5
DA:84,5
DA:85,5
DA:86,3
DA:89,2
DA:93,12
DA:98,1
DA:100,11
LF:44
LH:22
BRDA:27,0,0,0
BRDA:27,0,1,0
BRDA:42,1,0,0
BRDA:42,1,1,0
BRDA:42,2,0,0
BRDA:42,2,1,0
BRDA:45,3,0,0
BRDA:45,3,1,0
BRDA:45,4,0,0
BRDA:45,4,1,0
BRDA:49,5,0,0
BRDA:49,5,1,0
BRDA:59,6,0,0
BRDA:59,6,1,0
BRDA:59,7,0,0
BRDA:59,7,1,0
BRDA:63,8,0,0
BRDA:63,8,1,0
BRDA:64,9,0,0
BRDA:64,9,1,0
BRDA:75,10,0,9
BRDA:75,10,1,2
BRDA:76,11,0,2
BRDA:76,11,1,7
BRDA:76,12,0,9
BRDA:76,12,1,8
BRDA:78,13,0,2
BRDA:78,13,1,5
BRDA:79,14,0,7
BRDA:79,14,1,6
BRDA:84,15,0,5
BRDA:84,15,1,0
BRDA:85,16,0,2
BRDA:85,16,1,3
BRDA:86,17,0,3
BRDA:86,17,1,0
BRDA:93,18,0,1
BRDA:93,18,1,11
BRDA:94,19,0,12
BRDA:94,19,1,10
BRDA:94,19,2,2
BRF:41
BRH:19
end_of_record
TN:
SF:src/shared/components/PerformanceExample.tsx
FN:19,ExampleScreenWithPerformance
FN:24,(anonymous_1)
FN:32,(anonymous_2)
FN:33,(anonymous_3)
FN:35,(anonymous_4)
FN:36,(anonymous_5)
FN:58,(anonymous_6)
FN:62,(anonymous_7)
FN:89,(anonymous_8)
FN:90,(anonymous_9)
FN:107,FPSMonitorExample
FN:110,(anonymous_11)
FN:112,(anonymous_12)
FN:118,(anonymous_13)
FN:145,(anonymous_14)
FN:146,(anonymous_15)
FN:147,(anonymous_16)
FNF:17
FNH:0
FNDA:0,ExampleScreenWithPerformance
FNDA:0,(anonymous_1)
FNDA:0,(anonymous_2)
FNDA:0,(anonymous_3)
FNDA:0,(anonymous_4)
FNDA:0,(anonymous_5)
FNDA:0,(anonymous_6)
FNDA:0,(anonymous_7)
FNDA:0,(anonymous_8)
FNDA:0,(anonymous_9)
FNDA:0,FPSMonitorExample
FNDA:0,(anonymous_11)
FNDA:0,(anonymous_12)
FNDA:0,(anonymous_13)
FNDA:0,(anonymous_14)
FNDA:0,(anonymous_15)
FNDA:0,(anonymous_16)
DA:20,0
DA:21,0
DA:22,0
DA:24,0
DA:26,0
DA:29,0
DA:32,0
DA:33,0
DA:35,0
DA:36,0
DA:40,0
DA:41,0
DA:45,0
DA:48,0
DA:51,0
DA:52,0
DA:58,0
DA:59,0
DA:62,0
DA:64,0
DA:67,0
DA:68,0
DA:71,0
DA:72,0
DA:79,0
DA:89,0
DA:91,0
DA:108,0
DA:109,0
DA:110,0
DA:112,0
DA:113,0
DA:114,0
DA:115,0
DA:118,0
DA:119,0
DA:120,0
DA:121,0
DA:124,0
DA:145,0
DA:146,0
DA:148,0
DA:157,0
LF:43
LH:0
BRDA:51,0,0,0
BRDA:51,0,1,0
BRDA:71,1,0,0
BRDA:71,1,1,0
BRDA:128,2,0,0
BRDA:128,2,1,0
BRDA:135,3,0,0
BRDA:135,3,1,0
BRDA:136,4,0,0
BRDA:136,4,1,0
BRDA:139,5,0,0
BRDA:139,5,1,0
BRF:12
BRH:0
end_of_record
TN:
SF:src/shared/components/api-error-display.tsx
FN:20,ApiErrorDisplay
FNF:1
FNH:0
FNDA:0,ApiErrorDisplay
DA:27,0
DA:59,0
LF:2
LH:0
BRDA:21,0,0,0
BRDA:22,1,0,0
BRDA:23,2,0,0
BRDA:25,3,0,0
BRDA:46,4,0,0
BRDA:46,4,1,0
BRDA:46,4,2,0
BRF:7
BRH:0
end_of_record
TN:
SF:src/shared/components/app-text-input.tsx
FN:5,(anonymous_0)
FNF:1
FNH:0
FNDA:0,(anonymous_0)
DA:4,0
DA:6,0
DA:17,0
DA:23,0
LF:4
LH:0
BRF:0
BRH:0
end_of_record
TN:
SF:src/shared/components/app-text.tsx
FN:38,(anonymous_0)
FNF:1
FNH:0
FNDA:0,(anonymous_0)
DA:16,0
DA:38,0
DA:44,0
DA:46,0
DA:59,0
LF:5
LH:0
BRDA:17,0,0,0
BRDA:17,0,1,0
BRDA:44,1,0,0
BRDA:44,1,1,0
BRF:4
BRH:0
end_of_record
TN:
SF:src/shared/components/back-button.tsx
FN:15,BackButton
FN:21,(anonymous_1)
FNF:2
FNH:0
FNDA:0,BackButton
FNDA:0,(anonymous_1)
DA:21,0
DA:22,0
DA:23,0
DA:25,0
DA:29,0
DA:31,0
DA:43,0
LF:7
LH:0
BRDA:17,0,0,0
BRDA:19,1,0,0
BRDA:22,2,0,0
BRDA:22,2,1,0
BRDA:29,3,0,0
BRDA:29,3,1,0
BRF:6
BRH:0
end_of_record
TN:
SF:src/shared/components/calendar-picker.tsx
FN:39,CalendarPicker
FN:77,(anonymous_1)
FN:81,(anonymous_2)
FN:108,(anonymous_3)
FN:116,(anonymous_4)
FNF:5
FNH:0
FNDA:0,CalendarPicker
FNDA:0,(anonymous_1)
FNDA:0,(anonymous_2)
FNDA:0,(anonymous_3)
FNDA:0,(anonymous_4)
DA:50,0
DA:78,0
DA:81,0
DA:109,0
DA:116,0
DA:147,0
LF:6
LH:0
BRDA:87,0,0,0
BRDA:87,0,1,0
BRDA:95,1,0,0
BRDA:95,1,1,0
BRDA:100,2,0,0
BRDA:100,2,1,0
BRDA:113,3,0,0
BRDA:113,3,1,0
BRDA:114,4,0,0
BRDA:114,4,1,0
BRDA:114,4,2,0
BRDA:117,5,0,0
BRDA:117,5,1,0
BRDA:123,6,0,0
BRDA:123,6,1,0
BRDA:124,7,0,0
BRDA:124,7,1,0
BRDA:124,7,2,0
BRF:18
BRH:0
end_of_record
TN:
SF:src/shared/components/external-link.tsx
FN:7,ExternalLink
FN:13,(anonymous_1)
FNF:2
FNH:0
FNDA:0,ExternalLink
FNDA:0,(anonymous_1)
DA:8,0
DA:14,0
DA:16,0
DA:18,0
LF:4
LH:0
BRDA:14,0,0,0
BRDA:14,0,1,0
BRF:2
BRH:0
end_of_record
TN:
SF:src/shared/components/gradient-progress-ring.tsx
FN:24,GradientProgressRing
FN:37,(anonymous_1)
FN:45,(anonymous_2)
FNF:3
FNH:0
FNDA:0,GradientProgressRing
FNDA:0,(anonymous_1)
FNDA:0,(anonymous_2)
DA:13,0
DA:32,0
DA:33,0
DA:35,0
DA:37,0
DA:38,0
DA:45,0
DA:49,0
LF:8
LH:0
BRDA:25,0,0,0
BRDA:26,1,0,0
BRDA:27,2,0,0
BRDA:29,3,0,0
BRDA:30,4,0,0
BRF:5
BRH:0
end_of_record
TN:
SF:src/shared/components/haptic-tab.tsx
FN:5,HapticTab
FN:9,(anonymous_1)
FNF:2
FNH:0
FNDA:0,HapticTab
FNDA:0,(anonymous_1)
DA:6,0
DA:10,0
DA:11,0
DA:13,0
LF:4
LH:0
BRDA:10,0,0,0
BRDA:10,0,1,0
BRF:2
BRH:0
end_of_record
TN:
SF:src/shared/components/info-item.tsx
FN:14,InfoItem
FNF:1
FNH:0
FNDA:0,InfoItem
DA:15,0
DA:26,0
LF:2
LH:0
BRF:0
BRH:0
end_of_record
TN:
SF:src/shared/components/lab-header.tsx
FN:12,LabHeader
FNF:1
FNH:0
FNDA:0,LabHeader
DA:13,0
DA:30,0
LF:2
LH:0
BRF:0
BRH:0
end_of_record
TN:
SF:src/shared/components/loader.tsx
FN:14,Loader
FN:17,(anonymous_1)
FNF:2
FNH:0
FNDA:0,Loader
FNDA:0,(anonymous_1)
DA:6,0
DA:15,0
DA:17,0
DA:19,0
DA:28,0
DA:33,0
DA:50,0
LF:7
LH:0
BRDA:14,0,0,0
BRDA:14,1,0,0
BRF:2
BRH:0
end_of_record
TN:
SF:src/shared/components/network-status-wrapper.tsx
FN:14,NetworkStatusWrapper
FNF:1
FNH:0
FNDA:0,NetworkStatusWrapper
DA:15,0
DA:19,0
DA:20,0
DA:23,0
LF:4
LH:0
BRDA:19,0,0,0
BRDA:19,0,1,0
BRDA:19,1,0,0
BRDA:19,1,1,0
BRF:4
BRH:0
end_of_record
TN:
SF:src/shared/components/notification-card.tsx
FN:18,NotificationCard
FNF:1
FNH:0
FNDA:0,NotificationCard
DA:27,0
DA:28,0
DA:30,0
DA:52,0
LF:4
LH:0
BRDA:24,0,0,0
BRDA:27,1,0,0
BRDA:27,1,1,0
BRDA:28,2,0,0
BRDA:28,2,1,0
BRDA:32,3,0,0
BRDA:32,3,1,0
BRDA:38,4,0,0
BRDA:38,4,1,0
BRF:9
BRH:0
end_of_record
TN:
SF:src/shared/components/primary-button.tsx
FN:22,PrimaryButton
FNF:1
FNH:0
FNDA:0,PrimaryButton
DA:33,0
DA:35,0
DA:67,0
LF:3
LH:0
BRDA:25,0,0,0
BRDA:26,1,0,0
BRDA:29,2,0,0
BRDA:31,3,0,0
BRDA:33,4,0,0
BRDA:33,4,1,0
BRDA:39,5,0,0
BRDA:39,5,1,0
BRDA:40,6,0,0
BRDA:40,6,1,0
BRDA:43,7,0,0
BRDA:43,7,1,0
BRDA:45,8,0,0
BRDA:45,8,1,0
BRDA:52,9,0,0
BRDA:52,9,1,0
BRDA:52,9,2,0
BRDA:55,10,0,0
BRDA:55,10,1,0
BRDA:59,11,0,0
BRDA:59,11,1,0
BRDA:59,11,2,0
BRF:22
BRH:0
end_of_record
TN:
SF:src/shared/components/routine-shimmer.tsx
FN:13,ShimmerBox
FN:16,(anonymous_1)
FN:54,RoutineStepShimmer
FN:85,DaySelectorShimmer
FN:88,(anonymous_4)
FN:100,RoutineShimmer
FNF:6
FNH:0
FNDA:0,ShimmerBox
FNDA:0,(anonymous_1)
FNDA:0,RoutineStepShimmer
FNDA:0,DaySelectorShimmer
FNDA:0,(anonymous_4)
FNDA:0,RoutineShimmer
DA:14,0
DA:16,0
DA:17,0
DA:33,0
DA:38,0
DA:55,0
DA:86,0
DA:89,0
DA:101,0
DA:128,0
LF:10
LH:0
BRDA:13,0,0,0
BRF:1
BRH:0
end_of_record
TN:
SF:src/shared/components/routine-step-card.tsx
FN:28,RoutineStepCard
FN:31,(anonymous_1)
FN:134,(anonymous_2)
FNF:3
FNH:0
FNDA:0,RoutineStepCard
FNDA:0,(anonymous_1)
FNDA:0,(anonymous_2)
DA:29,0
DA:31,0
DA:32,0
DA:33,0
DA:40,0
DA:134,0
DA:145,0
LF:7
LH:0
BRDA:32,0,0,0
BRDA:32,0,1,0
BRDA:32,1,0,0
BRDA:32,1,1,0
BRDA:47,2,0,0
BRDA:47,2,1,0
BRDA:60,3,0,0
BRDA:60,3,1,0
BRDA:60,4,0,0
BRDA:60,4,1,0
BRDA:68,5,0,0
BRDA:68,5,1,0
BRDA:88,6,0,0
BRDA:88,6,1,0
BRDA:121,7,0,0
BRDA:121,7,1,0
BRDA:130,8,0,0
BRDA:130,8,1,0
BRF:18
BRH:0
end_of_record
TN:
SF:src/shared/components/splash-screen.tsx
FN:12,AnimatedSplashScreen
FN:13,(anonymous_1)
FN:15,(anonymous_2)
FN:21,(anonymous_3)
FNF:4
FNH:0
FNDA:0,AnimatedSplashScreen
FNDA:0,(anonymous_1)
FNDA:0,(anonymous_2)
FNDA:0,(anonymous_3)
DA:13,0
DA:15,0
DA:16,0
DA:17,0
DA:21,0
DA:24,0
DA:45,0
LF:7
LH:0
BRDA:16,0,0,0
BRDA:16,0,1,0
BRF:2
BRH:0
end_of_record
TN:
SF:src/shared/components/themed-view.tsx
FN:10,ThemedView
FNF:1
FNH:0
FNDA:0,ThemedView
DA:11,0
DA:13,0
LF:2
LH:0
BRF:0
BRH:0
end_of_record
TN:
SF:src/shared/components/time-toggle-button.tsx
FN:16,TimeToggleButton
FNF:1
FNH:0
FNDA:0,TimeToggleButton
DA:22,0
DA:40,0
LF:2
LH:0
BRDA:24,0,0,0
BRDA:24,0,1,0
BRDA:31,1,0,0
BRDA:31,1,1,0
BRDA:33,2,0,0
BRDA:33,2,1,0
BRF:6
BRH:0
end_of_record
TN:
SF:src/shared/components/cms/CMSContent.tsx
FN:24,CMSContent
FN:47,(anonymous_1)
FN:57,(anonymous_2)
FNF:3
FNH:0
FNDA:0,CMSContent
FNDA:0,(anonymous_1)
FNDA:0,(anonymous_2)
DA:25,0
DA:48,0
DA:58,0
DA:73,0
LF:4
LH:0
BRDA:41,0,0,0
BRDA:41,0,1,0
BRDA:49,1,0,0
BRDA:49,1,1,0
BRDA:52,2,0,0
BRDA:52,2,1,0
BRDA:55,3,0,0
BRDA:55,3,1,0
BRDA:55,3,2,0
BRF:9
BRH:0
end_of_record
TN:
SF:src/shared/components/icons/CalendarIcon.tsx
FN:8,CalendarIcon
FNF:1
FNH:0
FNDA:0,CalendarIcon
DA:12,0
LF:1
LH:0
BRDA:9,0,0,0
BRDA:10,1,0,0
BRF:2
BRH:0
end_of_record
TN:
SF:src/shared/components/icons/CameraPlusIcon.tsx
FN:11,(anonymous_0)
FNF:1
FNH:0
FNDA:0,(anonymous_0)
DA:11,0
DA:17,0
LF:2
LH:0
BRDA:12,0,0,0
BRDA:13,1,0,0
BRDA:14,2,0,0
BRDA:15,3,0,0
BRF:4
BRH:0
end_of_record
TN:
SF:src/shared/components/icons/CopyCTAIcon.tsx
FN:9,CopyCTAIcon
FNF:1
FNH:0
FNDA:0,CopyCTAIcon
DA:14,0
LF:1
LH:0
BRDA:10,0,0,0
BRDA:11,1,0,0
BRDA:12,2,0,0
BRF:3
BRH:0
end_of_record
TN:
SF:src/shared/components/icons/FilterCTAIcon.tsx
FN:8,FilterCTAIcon
FNF:1
FNH:0
FNDA:0,FilterCTAIcon
DA:12,0
LF:1
LH:0
BRDA:9,0,0,0
BRDA:10,1,0,0
BRF:2
BRH:0
end_of_record
TN:
SF:src/shared/components/icons/GalleryPlusIcon.tsx
FN:11,(anonymous_0)
FNF:1
FNH:0
FNDA:0,(anonymous_0)
DA:11,0
DA:17,0
LF:2
LH:0
BRDA:12,0,0,0
BRDA:13,1,0,0
BRDA:14,2,0,0
BRDA:15,3,0,0
BRF:4
BRH:0
end_of_record
TN:
SF:src/shared/components/icons/HospitalIcon.tsx
FN:3,(anonymous_0)
FNF:1
FNH:0
FNDA:0,(anonymous_0)
DA:3,0
DA:4,0
LF:2
LH:0
BRDA:3,0,0,0
BRF:1
BRH:0
end_of_record
TN:
SF:src/shared/components/icons/LocationPinIcon.tsx
FN:8,LocationPinIcon
FNF:1
FNH:0
FNDA:0,LocationPinIcon
DA:12,0
LF:1
LH:0
BRDA:9,0,0,0
BRDA:10,1,0,0
BRF:2
BRH:0
end_of_record
TN:
SF:src/shared/components/icons/OpenInNewIcon.tsx
FN:9,OpenInNewIcon
FNF:1
FNH:0
FNDA:0,OpenInNewIcon
DA:14,0
DA:15,0
LF:2
LH:0
BRDA:10,0,0,0
BRDA:11,1,0,0
BRDA:12,2,0,0
BRF:3
BRH:0
end_of_record
TN:
SF:src/shared/components/icons/address-icon.tsx
FN:9,AddressIcon
FNF:1
FNH:0
FNDA:0,AddressIcon
DA:10,0
LF:1
LH:0
BRDA:9,0,0,0
BRDA:9,1,0,0
BRF:2
BRH:0
end_of_record
TN:
SF:src/shared/components/icons/alarm-icon.tsx
FN:3,AlarmIcon
FNF:1
FNH:0
FNDA:0,AlarmIcon
DA:12,0
LF:1
LH:0
BRDA:4,0,0,0
BRDA:5,1,0,0
BRDA:6,2,0,0
BRF:3
BRH:0
end_of_record
TN:
SF:src/shared/components/icons/arrow-right-icon.tsx
FN:9,ArrowRightIcon
FNF:1
FNH:0
FNDA:0,ArrowRightIcon
DA:10,0
LF:1
LH:0
BRDA:9,0,0,0
BRDA:9,1,0,0
BRF:2
BRH:0
end_of_record
TN:
SF:src/shared/components/icons/camera-icon.tsx
FN:9,CameraIcon
FNF:1
FNH:0
FNDA:0,CameraIcon
DA:10,0
LF:1
LH:0
BRDA:9,0,0,0
BRDA:9,1,0,0
BRF:2
BRH:0
end_of_record
TN:
SF:src/shared/components/icons/checkbox-icon.tsx
FN:10,CheckboxIcon
FNF:1
FNH:0
FNDA:0,CheckboxIcon
DA:16,0
LF:1
LH:0
BRDA:11,0,0,0
BRDA:12,1,0,0
BRDA:13,2,0,0
BRDA:14,3,0,0
BRF:4
BRH:0
end_of_record
TN:
SF:src/shared/components/icons/checked-rounded-icon.tsx
FN:9,CheckedRoundedIcon
FNF:1
FNH:0
FNDA:0,CheckedRoundedIcon
DA:14,0
LF:1
LH:0
BRDA:10,0,0,0
BRDA:11,1,0,0
BRDA:12,2,0,0
BRF:3
BRH:0
end_of_record
TN:
SF:src/shared/components/icons/checkmark-icon.tsx
FN:4,(anonymous_0)
FNF:1
FNH:0
FNDA:0,(anonymous_0)
DA:4,0
DA:5,0
LF:2
LH:0
BRDA:4,0,0,0
BRF:1
BRH:0
end_of_record
TN:
SF:src/shared/components/icons/clinic-test-icon.tsx
FN:4,(anonymous_0)
FNF:1
FNH:0
FNDA:0,(anonymous_0)
DA:4,0
DA:5,0
LF:2
LH:0
BRDA:4,0,0,0
BRF:1
BRH:0
end_of_record
TN:
SF:src/shared/components/icons/clinic-test-menu-icon.tsx
FN:9,ClinicTestMenuIcon
FNF:1
FNH:0
FNDA:0,ClinicTestMenuIcon
DA:10,0
DA:11,0
DA:13,0
LF:3
LH:0
BRDA:9,0,0,0
BRDA:9,1,0,0
BRF:2
BRH:0
end_of_record
TN:
SF:src/shared/components/icons/clock-icon.tsx
FN:8,ClockIcon
FNF:1
FNH:0
FNDA:0,ClockIcon
DA:13,0
LF:1
LH:0
BRDA:9,0,0,0
BRDA:10,1,0,0
BRF:2
BRH:0
end_of_record
TN:
SF:src/shared/components/icons/conical-flask-icon.tsx
FN:9,(anonymous_0)
FNF:1
FNH:0
FNDA:0,(anonymous_0)
DA:9,0
DA:14,0
LF:2
LH:0
BRDA:10,0,0,0
BRDA:11,1,0,0
BRF:2
BRH:0
end_of_record
TN:
SF:src/shared/components/icons/cube-icon.tsx
FN:9,(anonymous_0)
FNF:1
FNH:0
FNDA:0,(anonymous_0)
DA:9,0
DA:14,0
LF:2
LH:0
BRDA:10,0,0,0
BRDA:11,1,0,0
BRF:2
BRH:0
end_of_record
TN:
SF:src/shared/components/icons/distance-icon.tsx
FN:11,DistanceIcon
FNF:1
FNH:0
FNDA:0,DistanceIcon
DA:18,0
LF:1
LH:0
BRDA:12,0,0,0
BRDA:13,1,0,0
BRDA:14,2,0,0
BRDA:15,3,0,0
BRDA:16,4,0,0
BRF:5
BRH:0
end_of_record
TN:
SF:src/shared/components/icons/doctor-review-icon.tsx
FN:9,DoctorReviewIcon
FNF:1
FNH:0
FNDA:0,DoctorReviewIcon
DA:10,0
LF:1
LH:0
BRDA:9,0,0,0
BRDA:9,1,0,0
BRF:2
BRH:0
end_of_record
TN:
SF:src/shared/components/icons/emergency-support-icon.tsx
FN:9,EmergencySupportIcon
FNF:1
FNH:0
FNDA:0,EmergencySupportIcon
DA:10,0
LF:1
LH:0
BRDA:9,0,0,0
BRDA:9,1,0,0
BRF:2
BRH:0
end_of_record
TN:
SF:src/shared/components/icons/face-icon.tsx
FN:8,FaceIcon
FNF:1
FNH:0
FNDA:0,FaceIcon
DA:13,0
LF:1
LH:0
BRDA:9,0,0,0
BRDA:10,1,0,0
BRF:2
BRH:0
end_of_record
TN:
SF:src/shared/components/icons/face-scan-icon.tsx
FN:4,(anonymous_0)
FNF:1
FNH:0
FNDA:0,(anonymous_0)
DA:4,0
DA:5,0
LF:2
LH:0
BRDA:4,0,0,0
BRF:1
BRH:0
end_of_record
TN:
SF:src/shared/components/icons/faq-icon.tsx
FN:9,FAQIcon
FNF:1
FNH:0
FNDA:0,FAQIcon
DA:10,0
LF:1
LH:0
BRDA:9,0,0,0
BRDA:9,1,0,0
BRF:2
BRH:0
end_of_record
TN:
SF:src/shared/components/icons/file-icon.tsx
FN:11,FileIcon
FNF:1
FNH:0
FNDA:0,FileIcon
DA:18,0
LF:1
LH:0
BRDA:12,0,0,0
BRDA:13,1,0,0
BRDA:14,2,0,0
BRDA:15,3,0,0
BRDA:16,4,0,0
BRF:5
BRH:0
end_of_record
TN:
SF:src/shared/components/icons/gallery-icon.tsx
FN:9,GalleryIcon
FNF:1
FNH:0
FNDA:0,GalleryIcon
DA:10,0
LF:1
LH:0
BRDA:9,0,0,0
BRDA:9,1,0,0
BRF:2
BRH:0
end_of_record
TN:
SF:src/shared/components/icons/health-icon.tsx
FN:9,(anonymous_0)
FNF:1
FNH:0
FNDA:0,(anonymous_0)
DA:9,0
DA:14,0
LF:2
LH:0
BRDA:10,0,0,0
BRDA:11,1,0,0
BRF:2
BRH:0
end_of_record
TN:
SF:src/shared/components/icons/history-icon.tsx
FN:9,HistoryIcon
FNF:1
FNH:0
FNDA:0,HistoryIcon
DA:10,0
LF:1
LH:0
BRDA:9,0,0,0
BRDA:9,1,0,0
BRF:2
BRH:0
end_of_record
TN:
SF:src/shared/components/icons/home-icon.tsx
FN:9,HomeIcon
FNF:1
FNH:0
FNDA:0,HomeIcon
DA:15,0
DA:16,0
DA:34,0
LF:3
LH:0
BRDA:10,0,0,0
BRDA:11,1,0,0
BRDA:12,2,0,0
BRDA:15,3,0,0
BRDA:15,3,1,0
BRF:5
BRH:0
end_of_record
TN:
SF:src/shared/components/icons/index.ts
FNF:0
FNH:0
LF:0
LH:0
BRF:0
BRH:0
end_of_record
TN:
SF:src/shared/components/icons/language-icon.tsx
FN:9,LanguageIcon
FNF:1
FNH:0
FNDA:0,LanguageIcon
DA:10,0
LF:1
LH:0
BRDA:9,0,0,0
BRDA:9,1,0,0
BRF:2
BRH:0
end_of_record
TN:
SF:src/shared/components/icons/location-add-icon.tsx
FN:9,LocationAddIcon
FNF:1
FNH:0
FNDA:0,LocationAddIcon
DA:10,0
LF:1
LH:0
BRDA:9,0,0,0
BRDA:9,1,0,0
BRF:2
BRH:0
end_of_record
TN:
SF:src/shared/components/icons/location-icon.tsx
FN:9,LocationIcon
FNF:1
FNH:0
FNDA:0,LocationIcon
DA:10,0
LF:1
LH:0
BRDA:9,0,0,0
BRDA:9,1,0,0
BRF:2
BRH:0
end_of_record
TN:
SF:src/shared/components/icons/lock-icon.tsx
FN:8,LockIcon
FNF:1
FNH:0
FNDA:0,LockIcon
DA:9,0
LF:1
LH:0
BRDA:8,0,0,0
BRDA:8,1,0,0
BRF:2
BRH:0
end_of_record
TN:
SF:src/shared/components/icons/logo-contents-icon.tsx
FN:9,LogoContentsIcon
FNF:1
FNH:0
FNDA:0,LogoContentsIcon
DA:14,0
LF:1
LH:0
BRDA:10,0,0,0
BRDA:11,1,0,0
BRDA:12,2,0,0
BRF:3
BRH:0
end_of_record
TN:
SF:src/shared/components/icons/minus-icon.tsx
FN:9,MinusIcon
FNF:1
FNH:0
FNDA:0,MinusIcon
DA:10,0
LF:1
LH:0
BRDA:9,0,0,0
BRDA:9,1,0,0
BRF:2
BRH:0
end_of_record
TN:
SF:src/shared/components/icons/moon-icon.tsx
FN:9,(anonymous_0)
FNF:1
FNH:0
FNDA:0,(anonymous_0)
DA:9,0
DA:14,0
LF:2
LH:0
BRDA:10,0,0,0
BRDA:11,1,0,0
BRF:2
BRH:0
end_of_record
TN:
SF:src/shared/components/icons/notification-icon.tsx
FN:10,(anonymous_0)
FNF:1
FNH:0
FNDA:0,(anonymous_0)
DA:10,0
DA:15,0
LF:2
LH:0
BRDA:11,0,0,0
BRDA:12,1,0,0
BRDA:13,2,0,0
BRF:3
BRH:0
end_of_record
TN:
SF:src/shared/components/icons/order-icon.tsx
FN:9,OrderIcon
FNF:1
FNH:0
FNDA:0,OrderIcon
DA:10,0
LF:1
LH:0
BRDA:9,0,0,0
BRDA:9,1,0,0
BRF:2
BRH:0
end_of_record
TN:
SF:src/shared/components/icons/permissions-icon.tsx
FN:9,PermissionsIcon
FNF:1
FNH:0
FNDA:0,PermissionsIcon
DA:10,0
LF:1
LH:0
BRDA:9,0,0,0
BRDA:9,1,0,0
BRF:2
BRH:0
end_of_record
TN:
SF:src/shared/components/icons/plus-icon.tsx
FN:9,PlusIcon
FNF:1
FNH:0
FNDA:0,PlusIcon
DA:10,0
LF:1
LH:0
BRDA:9,0,0,0
BRDA:9,1,0,0
BRF:2
BRH:0
end_of_record
TN:
SF:src/shared/components/icons/privacy-icon.tsx
FN:9,PrivacyIcon
FNF:1
FNH:0
FNDA:0,PrivacyIcon
DA:10,0
LF:1
LH:0
BRDA:9,0,0,0
BRDA:9,1,0,0
BRF:2
BRH:0
end_of_record
TN:
SF:src/shared/components/icons/profile-icon.tsx
FN:8,ProfileIcon
FNF:1
FNH:0
FNDA:0,ProfileIcon
DA:13,0
LF:1
LH:0
BRDA:9,0,0,0
BRDA:10,1,0,0
BRF:2
BRH:0
end_of_record
TN:
SF:src/shared/components/icons/profile-menu-icon.tsx
FN:9,ProfileMenuIcon
FNF:1
FNH:0
FNDA:0,ProfileMenuIcon
DA:10,0
LF:1
LH:0
BRDA:9,0,0,0
BRDA:9,1,0,0
BRF:2
BRH:0
end_of_record
TN:
SF:src/shared/components/icons/routine-icon.tsx
FN:10,RoutineIcon
FNF:1
FNH:0
FNDA:0,RoutineIcon
DA:15,0
LF:1
LH:0
BRDA:11,0,0,0
BRDA:12,1,0,0
BRF:2
BRH:0
end_of_record
TN:
SF:src/shared/components/icons/skin-progress-icon.tsx
FN:9,SkinProgressIcon
FNF:1
FNH:0
FNDA:0,SkinProgressIcon
DA:10,0
LF:1
LH:0
BRDA:9,0,0,0
BRDA:9,1,0,0
BRF:2
BRH:0
end_of_record
TN:
SF:src/shared/components/icons/stats-icon.tsx
FN:9,StatsIcon
FNF:1
FNH:0
FNDA:0,StatsIcon
DA:15,0
DA:16,0
DA:32,0
LF:3
LH:0
BRDA:10,0,0,0
BRDA:11,1,0,0
BRDA:12,2,0,0
BRDA:15,3,0,0
BRDA:15,3,1,0
BRF:5
BRH:0
end_of_record
TN:
SF:src/shared/components/icons/status-icon.tsx
FN:8,StatusIcon
FNF:1
FNH:0
FNDA:0,StatusIcon
DA:9,0
LF:1
LH:0
BRDA:8,0,0,0
BRDA:8,1,0,0
BRF:2
BRH:0
end_of_record
TN:
SF:src/shared/components/icons/success-illustration-icon.tsx
FN:8,(anonymous_0)
FNF:1
FNH:0
FNDA:0,(anonymous_0)
DA:8,0
DA:12,0
LF:2
LH:0
BRDA:9,0,0,0
BRF:1
BRH:0
end_of_record
TN:
SF:src/shared/components/icons/terms-icon.tsx
FN:9,TermsIcon
FNF:1
FNH:0
FNDA:0,TermsIcon
DA:10,0
LF:1
LH:0
BRDA:9,0,0,0
BRDA:9,1,0,0
BRF:2
BRH:0
end_of_record
TN:
SF:src/shared/components/icons/test-icon.tsx
FN:9,TestIcon
FNF:1
FNH:0
FNDA:0,TestIcon
DA:14,0
LF:1
LH:0
BRDA:10,0,0,0
BRDA:11,1,0,0
BRDA:12,2,0,0
BRF:3
BRH:0
end_of_record
TN:
SF:src/shared/components/icons/trash-icon.tsx
FN:9,TrashIcon
FNF:1
FNH:0
FNDA:0,TrashIcon
DA:14,0
LF:1
LH:0
BRDA:10,0,0,0
BRDA:11,1,0,0
BRDA:12,2,0,0
BRF:3
BRH:0
end_of_record
TN:
SF:src/shared/components/icons/treatment-starts-icon.tsx
FN:9,TreatmentStartsIcon
FNF:1
FNH:0
FNDA:0,TreatmentStartsIcon
DA:10,0
LF:1
LH:0
BRDA:9,0,0,0
BRDA:9,1,0,0
BRF:2
BRH:0
end_of_record
TN:
SF:src/shared/components/icons/undo-icon.tsx
FN:9,UndoIcon
FNF:1
FNH:0
FNDA:0,UndoIcon
DA:14,0
LF:1
LH:0
BRDA:10,0,0,0
BRDA:11,1,0,0
BRDA:12,2,0,0
BRF:3
BRH:0
end_of_record
TN:
SF:src/shared/components/icons/upload-cloud-icon.tsx
FN:9,UploadCloudIcon
FNF:1
FNH:0
FNDA:0,UploadCloudIcon
DA:14,0
LF:1
LH:0
BRDA:10,0,0,0
BRDA:11,1,0,0
BRDA:12,2,0,0
BRF:3
BRH:0
end_of_record
TN:
SF:src/shared/components/icons/warning-icon.tsx
FN:9,(anonymous_0)
FNF:1
FNH:0
FNDA:0,(anonymous_0)
DA:9,0
DA:14,0
LF:2
LH:0
BRDA:10,0,0,0
BRDA:11,1,0,0
BRF:2
BRH:0
end_of_record
TN:
SF:src/shared/components/icons/work-icon.tsx
FN:9,WorkIcon
FNF:1
FNH:0
FNDA:0,WorkIcon
DA:10,0
LF:1
LH:0
BRDA:9,0,0,0
BRDA:9,1,0,0
BRF:2
BRH:0
end_of_record
TN:
SF:src/shared/components/treatment-plan/ActiveIngredients.tsx
FN:9,getIngredients
FN:17,ActiveIngredients
FN:21,(anonymous_2)
FNF:3
FNH:0
FNDA:0,getIngredients
FNDA:0,ActiveIngredients
FNDA:0,(anonymous_2)
DA:10,0
DA:18,0
DA:22,0
DA:40,0
LF:4
LH:0
BRF:0
BRH:0
end_of_record
TN:
SF:src/shared/components/treatment-plan/BenefitsGrid.tsx
FN:10,getLeftColumnBenefits
FN:19,getRightColumnBenefits
FN:27,BenefitsGrid
FN:34,(anonymous_3)
FN:50,(anonymous_4)
FNF:5
FNH:0
FNDA:0,getLeftColumnBenefits
FNDA:0,getRightColumnBenefits
FNDA:0,BenefitsGrid
FNDA:0,(anonymous_3)
FNDA:0,(anonymous_4)
DA:11,0
DA:20,0
DA:28,0
DA:35,0
DA:51,0
DA:69,0
LF:6
LH:0
BRF:0
BRH:0
end_of_record
TN:
SF:src/shared/components/treatment-plan/ComparisonSlider.tsx
FN:26,ComparisonSlider
FN:40,(anonymous_1)
FN:48,(anonymous_2)
FN:52,(anonymous_3)
FN:61,(anonymous_4)
FN:67,(anonymous_5)
FNF:6
FNH:0
FNDA:0,ComparisonSlider
FNDA:0,(anonymous_1)
FNDA:0,(anonymous_2)
FNDA:0,(anonymous_3)
FNDA:0,(anonymous_4)
FNDA:0,(anonymous_5)
DA:35,0
DA:36,0
DA:37,0
DA:38,0
DA:40,0
DA:41,0
DA:42,0
DA:43,0
DA:44,0
DA:47,0
DA:50,0
DA:54,0
DA:55,0
DA:56,0
DA:57,0
DA:58,0
DA:61,0
DA:62,0
DA:67,0
DA:68,0
DA:73,0
DA:133,0
LF:22
LH:0
BRDA:30,0,0,0
BRDA:32,1,0,0
BRDA:33,2,0,0
BRDA:56,3,0,0
BRDA:56,3,1,0
BRDA:57,4,0,0
BRDA:57,4,1,0
BRDA:94,5,0,0
BRDA:94,5,1,0
BRF:9
BRH:0
end_of_record
TN:
SF:src/shared/components/treatment-plan/PreparationStatus.tsx
FN:9,PreparationStatus
FNF:1
FNH:0
FNDA:0,PreparationStatus
DA:10,0
DA:33,0
LF:2
LH:0
BRF:0
BRH:0
end_of_record
TN:
SF:src/shared/components/treatment-plan/ProtocolSection.tsx
FN:10,(anonymous_0)
FN:19,(anonymous_1)
FN:48,(anonymous_2)
FN:57,ProtocolSection
FNF:4
FNH:0
FNDA:0,(anonymous_0)
FNDA:0,(anonymous_1)
FNDA:0,(anonymous_2)
FNDA:0,ProtocolSection
DA:10,0
DA:11,0
DA:19,0
DA:32,0
DA:49,0
DA:58,0
DA:101,0
LF:7
LH:0
BRF:0
BRH:0
end_of_record
TN:
SF:src/shared/components/treatment-plan/SupportBanner.tsx
FN:10,SupportBanner
FNF:1
FNH:0
FNDA:0,SupportBanner
DA:11,0
DA:53,0
LF:2
LH:0
BRF:0
BRH:0
end_of_record
TN:
SF:src/shared/components/treatment-plan/TrustRating.tsx
FN:13,(anonymous_0)
FN:25,(anonymous_1)
FN:46,TrustRating
FNF:3
FNH:0
FNDA:0,(anonymous_0)
FNDA:0,(anonymous_1)
FNDA:0,TrustRating
DA:13,0
DA:14,0
DA:25,0
DA:26,0
DA:47,0
DA:55,0
LF:6
LH:0
BRF:0
BRH:0
end_of_record
TN:
SF:src/shared/components/treatment-plan/WhatsInsideAccordion.tsx
FN:13,(anonymous_0)
FN:20,getAccordionItems
FN:73,AccordionItem
FN:79,(anonymous_3)
FN:113,(anonymous_4)
FN:122,WhatsInsideAccordion
FN:127,(anonymous_6)
FNF:7
FNH:0
FNDA:0,(anonymous_0)
FNDA:0,getAccordionItems
FNDA:0,AccordionItem
FNDA:0,(anonymous_3)
FNDA:0,(anonymous_4)
FNDA:0,WhatsInsideAccordion
FNDA:0,(anonymous_6)
DA:13,0
DA:14,0
DA:21,0
DA:76,0
DA:77,0
DA:79,0
DA:80,0
DA:84,0
DA:88,0
DA:93,0
DA:114,0
DA:123,0
DA:128,0
DA:135,0
LF:14
LH:0
BRDA:77,0,0,0
BRDA:77,0,1,0
BRDA:84,1,0,0
BRDA:84,1,1,0
BRDA:90,2,0,0
BRDA:90,2,1,0
BRDA:102,3,0,0
BRDA:102,3,1,0
BRDA:105,4,0,0
BRDA:105,4,1,0
BRDA:111,5,0,0
BRDA:111,5,1,0
BRF:12
BRH:0
end_of_record
TN:
SF:src/shared/components/treatment-plan/icons/StarIcon.tsx
FN:4,(anonymous_0)
FNF:1
FNH:0
FNDA:0,(anonymous_0)
DA:4,0
DA:5,0
LF:2
LH:0
BRDA:4,0,0,0
BRDA:4,1,0,0
BRDA:4,2,0,0
BRF:3
BRH:0
end_of_record
TN:
SF:src/shared/components/treatment-plan/icons/TrustBadge.tsx
FN:4,(anonymous_0)
FNF:1
FNH:0
FNDA:0,(anonymous_0)
DA:4,0
DA:5,0
LF:2
LH:0
BRDA:4,0,0,0
BRDA:4,1,0,0
BRF:2
BRH:0
end_of_record
TN:
SF:src/shared/components/ui/icon-symbol.ios.tsx
FN:4,IconSymbol
FNF:1
FNH:0
FNDA:0,IconSymbol
DA:17,0
LF:1
LH:0
BRDA:6,0,0,0
BRDA:9,1,0,0
BRF:2
BRH:0
end_of_record
TN:
SF:src/shared/components/ui/icon-symbol.tsx
FN:28,IconSymbol
FNF:1
FNH:0
FNDA:0,IconSymbol
DA:16,0
DA:40,0
LF:2
LH:0
BRDA:30,0,0,0
BRF:1
BRH:0
end_of_record
TN:
SF:src/shared/data/product-defaults.ts
FNF:0
FNH:0
DA:1,0
LF:1
LH:0
BRF:0
BRH:0
end_of_record
TN:
SF:src/shared/data/treatment-plan-slides.ts
FNF:0
FNH:0
DA:7,0
LF:1
LH:0
BRF:0
BRH:0
end_of_record
TN:
SF:src/shared/store/hooks.ts
FNF:0
FNH:0
DA:9,0
DA:14,0
LF:2
LH:0
BRF:0
BRH:0
end_of_record
TN:
SF:src/shared/store/index.ts
FNF:0
FNH:0
DA:16,0
LF:1
LH:0
BRF:0
BRH:0
end_of_record
TN:
SF:src/shared/store/hooks/use-app-data.ts
FN:22,useAppData
FN:29,(anonymous_1)
FN:35,(anonymous_2)
FN:49,useTranslation
FNF:4
FNH:0
FNDA:0,useAppData
FNDA:0,(anonymous_1)
FNDA:0,(anonymous_2)
FNDA:0,useTranslation
DA:23,0
DA:24,0
DA:25,0
DA:26,0
DA:28,0
DA:30,0
DA:35,0
DA:36,0
DA:39,0
DA:50,0
DA:51,0
LF:11
LH:0
BRF:0
BRH:0
end_of_record
TN:
SF:src/shared/store/hooks/use-auth.ts
FN:45,toSessionProfile
FN:59,useAuth
FN:61,(anonymous_2)
FN:62,(anonymous_3)
FN:63,(anonymous_4)
FN:68,(anonymous_5)
FN:76,(anonymous_6)
FN:87,(anonymous_7)
FN:106,(anonymous_8)
FN:112,(anonymous_9)
FNF:10
FNH:0
FNDA:0,toSessionProfile
FNDA:0,useAuth
FNDA:0,(anonymous_2)
FNDA:0,(anonymous_3)
FNDA:0,(anonymous_4)
FNDA:0,(anonymous_5)
FNDA:0,(anonymous_6)
FNDA:0,(anonymous_7)
FNDA:0,(anonymous_8)
FNDA:0,(anonymous_9)
DA:46,0
DA:60,0
DA:61,0
DA:62,0
DA:63,0
DA:65,0
DA:67,0
DA:69,0
DA:70,0
DA:75,0
DA:77,0
DA:78,0
DA:79,0
DA:81,0
DA:86,0
DA:88,0
DA:89,0
DA:100,0
DA:105,0
DA:107,0
DA:112,0
DA:113,0
DA:116,0
LF:23
LH:0
BRDA:65,0,0,0
BRDA:65,0,1,0
BRDA:78,1,0,0
BRDA:78,1,1,0
BRDA:78,2,0,0
BRDA:78,2,1,0
BRDA:88,3,0,0
BRDA:88,3,1,0
BRDA:92,4,0,0
BRDA:92,4,1,0
BRDA:93,5,0,0
BRDA:93,5,1,0
BRDA:94,6,0,0
BRDA:94,6,1,0
BRDA:95,7,0,0
BRDA:95,7,1,0
BRDA:96,8,0,0
BRDA:96,8,1,0
BRDA:97,9,0,0
BRDA:97,9,1,0
BRDA:98,10,0,0
BRDA:98,10,1,0
BRF:22
BRH:0
end_of_record
TN:
SF:src/shared/store/slices/app-data-slice.ts
FN:18,(anonymous_0)
FN:29,(anonymous_1)
FN:51,(anonymous_2)
FN:77,(anonymous_3)
FN:81,(anonymous_4)
FN:83,(anonymous_5)
FN:89,(anonymous_6)
FN:92,(anonymous_7)
FN:103,(anonymous_8)
FN:105,(anonymous_9)
FN:106,(anonymous_10)
FN:107,(anonymous_11)
FNF:12
FNH:0
FNDA:0,(anonymous_0)
FNDA:0,(anonymous_1)
FNDA:0,(anonymous_2)
FNDA:0,(anonymous_3)
FNDA:0,(anonymous_4)
FNDA:0,(anonymous_5)
FNDA:0,(anonymous_6)
FNDA:0,(anonymous_7)
FNDA:0,(anonymous_8)
FNDA:0,(anonymous_9)
FNDA:0,(anonymous_10)
FNDA:0,(anonymous_11)
DA:7,0
DA:9,0
DA:18,0
DA:20,0
DA:27,0
DA:30,0
DA:31,0
DA:32,0
DA:33,0
DA:34,0
DA:35,0
DA:36,0
DA:38,0
DA:39,0
DA:41,0
DA:43,0
DA:44,0
DA:49,0
DA:52,0
DA:53,0
DA:55,0
DA:56,0
DA:57,0
DA:60,0
DA:61,0
DA:62,0
DA:64,0
DA:66,0
DA:73,0
DA:78,0
DA:82,0
DA:84,0
DA:85,0
DA:86,0
DA:87,0
DA:90,0
DA:93,0
DA:94,0
DA:95,0
DA:100,0
DA:103,0
DA:104,0
DA:105,0
DA:106,0
DA:107,0
DA:108,0
LF:46
LH:0
BRDA:18,0,0,0
BRDA:18,0,1,0
BRDA:32,1,0,0
BRDA:32,1,1,0
BRDA:34,2,0,0
BRDA:34,2,1,0
BRDA:39,3,0,0
BRDA:39,3,1,0
BRDA:55,4,0,0
BRDA:55,4,1,0
BRDA:68,5,0,0
BRDA:68,5,1,0
BRF:12
BRH:0
end_of_record
TN:
SF:src/shared/store/slices/auth-slice.ts
FN:27,(anonymous_0)
FN:30,(anonymous_1)
FN:37,(anonymous_2)
FN:40,(anonymous_3)
FN:43,(anonymous_4)
FN:46,(anonymous_5)
FN:49,(anonymous_6)
FN:52,(anonymous_7)
FN:55,(anonymous_8)
FN:59,(anonymous_9)
FNF:10
FNH:10
FNDA:2,(anonymous_0)
FNDA:1,(anonymous_1)
FNDA:1,(anonymous_2)
FNDA:2,(anonymous_3)
FNDA:3,(anonymous_4)
FNDA:3,(anonymous_5)
FNDA:6,(anonymous_6)
FNDA:1,(anonymous_7)
FNDA:1,(anonymous_8)
FNDA:1,(anonymous_9)
DA:13,1
DA:23,1
DA:28,2
DA:34,1
DA:35,1
DA:38,1
DA:41,2
DA:44,3
DA:47,3
DA:50,6
DA:53,1
DA:56,1
DA:57,1
DA:59,1
DA:74,1
LF:15
LH:15
BRF:0
BRH:0
end_of_record
TN:
SF:src/shared/store/slices/home-slice.ts
FN:87,(anonymous_0)
FN:90,(anonymous_1)
FN:93,(anonymous_2)
FN:96,(anonymous_3)
FN:99,(anonymous_4)
FN:102,(anonymous_5)
FN:103,(anonymous_6)
FN:109,(anonymous_7)
FN:112,(anonymous_8)
FN:119,(anonymous_9)
FN:123,(anonymous_10)
FN:129,(anonymous_11)
FN:134,(anonymous_12)
FN:138,(anonymous_13)
FNF:14
FNH:0
FNDA:0,(anonymous_0)
FNDA:0,(anonymous_1)
FNDA:0,(anonymous_2)
FNDA:0,(anonymous_3)
FNDA:0,(anonymous_4)
FNDA:0,(anonymous_5)
FNDA:0,(anonymous_6)
FNDA:0,(anonymous_7)
FNDA:0,(anonymous_8)
FNDA:0,(anonymous_9)
FNDA:0,(anonymous_10)
FNDA:0,(anonymous_11)
FNDA:0,(anonymous_12)
FNDA:0,(anonymous_13)
DA:72,0
DA:83,0
DA:88,0
DA:91,0
DA:94,0
DA:97,0
DA:100,0
DA:103,0
DA:104,0
DA:105,0
DA:110,0
DA:113,0
DA:114,0
DA:115,0
DA:116,0
DA:117,0
DA:120,0
DA:121,0
DA:124,0
DA:125,0
DA:126,0
DA:130,0
DA:131,0
DA:132,0
DA:138,0
DA:139,0
DA:140,0
DA:159,0
LF:28
LH:0
BRDA:104,0,0,0
BRDA:104,0,1,0
BRDA:115,1,0,0
BRDA:115,1,1,0
BRDA:124,2,0,0
BRDA:124,2,1,0
BRDA:139,3,0,0
BRDA:139,3,1,0
BRF:8
BRH:0
end_of_record
TN:
SF:src/shared/store/slices/notification-slice.ts
FN:36,(anonymous_0)
FN:56,(anonymous_1)
FN:76,(anonymous_2)
FN:100,(anonymous_3)
FN:120,(anonymous_4)
FN:124,(anonymous_5)
FN:126,(anonymous_6)
FN:130,(anonymous_7)
FN:133,(anonymous_8)
FN:135,(anonymous_9)
FN:139,(anonymous_10)
FN:141,(anonymous_11)
FN:147,(anonymous_12)
FN:150,(anonymous_13)
FN:151,(anonymous_14)
FN:154,(anonymous_15)
FNF:16
FNH:0
FNDA:0,(anonymous_0)
FNDA:0,(anonymous_1)
FNDA:0,(anonymous_2)
FNDA:0,(anonymous_3)
FNDA:0,(anonymous_4)
FNDA:0,(anonymous_5)
FNDA:0,(anonymous_6)
FNDA:0,(anonymous_7)
FNDA:0,(anonymous_8)
FNDA:0,(anonymous_9)
FNDA:0,(anonymous_10)
FNDA:0,(anonymous_11)
FNDA:0,(anonymous_12)
FNDA:0,(anonymous_13)
FNDA:0,(anonymous_14)
FNDA:0,(anonymous_15)
DA:25,0
DA:32,0
DA:37,0
DA:38,0
DA:43,0
DA:44,0
DA:46,0
DA:48,0
DA:52,0
DA:57,0
DA:58,0
DA:63,0
DA:64,0
DA:66,0
DA:68,0
DA:72,0
DA:77,0
DA:78,0
DA:83,0
DA:84,0
DA:87,0
DA:91,0
DA:101,0
DA:102,0
DA:107,0
DA:108,0
DA:110,0
DA:112,0
DA:116,0
DA:121,0
DA:125,0
DA:127,0
DA:128,0
DA:131,0
DA:132,0
DA:133,0
DA:136,0
DA:137,0
DA:140,0
DA:141,0
DA:143,0
DA:144,0
DA:146,0
DA:147,0
DA:151,0
DA:152,0
DA:155,0
DA:156,0
DA:157,0
DA:163,0
LF:50
LH:0
BRDA:43,0,0,0
BRDA:43,0,1,0
BRDA:43,1,0,0
BRDA:43,1,1,0
BRDA:63,2,0,0
BRDA:63,2,1,0
BRDA:63,3,0,0
BRDA:63,3,1,0
BRDA:83,4,0,0
BRDA:83,4,1,0
BRDA:107,5,0,0
BRDA:107,5,1,0
BRDA:107,6,0,0
BRDA:107,6,1,0
BRDA:137,7,0,0
BRDA:137,7,1,0
BRDA:143,8,0,0
BRDA:143,8,1,0
BRDA:156,9,0,0
BRDA:156,9,1,0
BRF:20
BRH:0
end_of_record
TN:
SF:src/shared/store/slices/onboarding-slice.ts
FN:18,(anonymous_0)
FN:31,(anonymous_1)
FN:43,(anonymous_2)
FN:57,(anonymous_3)
FN:60,(anonymous_4)
FN:63,(anonymous_5)
FN:67,(anonymous_6)
FN:72,(anonymous_7)
FN:76,(anonymous_8)
FNF:9
FNH:0
FNDA:0,(anonymous_0)
FNDA:0,(anonymous_1)
FNDA:0,(anonymous_2)
FNDA:0,(anonymous_3)
FNDA:0,(anonymous_4)
FNDA:0,(anonymous_5)
FNDA:0,(anonymous_6)
FNDA:0,(anonymous_7)
FNDA:0,(anonymous_8)
DA:4,0
DA:11,0
DA:16,0
DA:19,0
DA:20,0
DA:21,0
DA:23,0
DA:24,0
DA:29,0
DA:32,0
DA:33,0
DA:35,0
DA:36,0
DA:41,0
DA:44,0
DA:45,0
DA:47,0
DA:48,0
DA:53,0
DA:58,0
DA:61,0
DA:64,0
DA:65,0
DA:68,0
DA:69,0
DA:73,0
DA:77,0
LF:27
LH:0
BRF:0
BRH:0
end_of_record
TN:
SF:src/shared/store/slices/order-slice.ts
FN:19,(anonymous_0)
FNF:1
FNH:1
FNDA:5,(anonymous_0)
DA:9,1
DA:15,1
DA:23,5
DA:24,3
DA:25,5
DA:26,2
DA:27,5
DA:28,2
DA:33,1
LF:9
LH:9
BRDA:23,0,0,3
BRDA:23,0,1,2
BRDA:25,1,0,2
BRDA:25,1,1,3
BRDA:27,2,0,2
BRDA:27,2,1,3
BRF:6
BRH:6
end_of_record
TN:
SF:src/shared/store/slices/payment-slice.ts
FN:66,(anonymous_0)
FN:102,(anonymous_1)
FN:126,(anonymous_2)
FN:155,(anonymous_3)
FN:183,(anonymous_4)
FN:232,(anonymous_5)
FN:257,(anonymous_6)
FN:260,(anonymous_7)
FN:263,(anonymous_8)
FN:269,(anonymous_9)
FN:273,(anonymous_10)
FN:275,(anonymous_11)
FN:278,(anonymous_12)
FN:282,(anonymous_13)
FN:285,(anonymous_14)
FN:288,(anonymous_15)
FN:292,(anonymous_16)
FN:295,(anonymous_17)
FN:298,(anonymous_18)
FN:302,(anonymous_19)
FN:308,(anonymous_20)
FN:318,(anonymous_21)
FN:323,(anonymous_22)
FN:326,(anonymous_23)
FN:327,(anonymous_24)
FN:329,(anonymous_25)
FN:332,(anonymous_26)
FN:335,(anonymous_27)
FNF:28
FNH:0
FNDA:0,(anonymous_0)
FNDA:0,(anonymous_1)
FNDA:0,(anonymous_2)
FNDA:0,(anonymous_3)
FNDA:0,(anonymous_4)
FNDA:0,(anonymous_5)
FNDA:0,(anonymous_6)
FNDA:0,(anonymous_7)
FNDA:0,(anonymous_8)
FNDA:0,(anonymous_9)
FNDA:0,(anonymous_10)
FNDA:0,(anonymous_11)
FNDA:0,(anonymous_12)
FNDA:0,(anonymous_13)
FNDA:0,(anonymous_14)
FNDA:0,(anonymous_15)
FNDA:0,(anonymous_16)
FNDA:0,(anonymous_17)
FNDA:0,(anonymous_18)
FNDA:0,(anonymous_19)
FNDA:0,(anonymous_20)
FNDA:0,(anonymous_21)
FNDA:0,(anonymous_22)
FNDA:0,(anonymous_23)
FNDA:0,(anonymous_24)
FNDA:0,(anonymous_25)
FNDA:0,(anonymous_26)
FNDA:0,(anonymous_27)
DA:48,0
DA:60,0
DA:67,0
DA:68,0
DA:69,0
DA:70,0
DA:71,0
DA:73,0
DA:74,0
DA:84,0
DA:85,0
DA:88,0
DA:90,0
DA:91,0
DA:93,0
DA:94,0
DA:95,0
DA:100,0
DA:103,0
DA:104,0
DA:108,0
DA:109,0
DA:111,0
DA:116,0
DA:127,0
DA:128,0
DA:135,0
DA:136,0
DA:137,0
DA:138,0
DA:140,0
DA:141,0
DA:144,0
DA:146,0
DA:147,0
DA:151,0
DA:156,0
DA:157,0
DA:161,0
DA:162,0
DA:164,0
DA:165,0
DA:167,0
DA:168,0
DA:169,0
DA:173,0
DA:184,0
DA:185,0
DA:192,0
DA:193,0
DA:198,0
DA:199,0
DA:200,0
DA:203,0
DA:205,0
DA:206,0
DA:228,0
DA:233,0
DA:234,0
DA:240,0
DA:241,0
DA:243,0
DA:244,0
DA:247,0
DA:249,0
DA:253,0
DA:258,0
DA:261,0
DA:267,0
DA:270,0
DA:274,0
DA:276,0
DA:279,0
DA:280,0
DA:283,0
DA:286,0
DA:289,0
DA:290,0
DA:293,0
DA:296,0
DA:299,0
DA:300,0
DA:301,0
DA:302,0
DA:304,0
DA:305,0
DA:307,0
DA:308,0
DA:310,0
DA:311,0
DA:316,0
DA:317,0
DA:318,0
DA:324,0
DA:327,0
DA:330,0
DA:333,0
DA:336,0
DA:346,0
LF:99
LH:0
BRDA:68,0,0,0
BRDA:68,0,1,0
BRDA:84,1,0,0
BRDA:84,1,1,0
BRDA:84,2,0,0
BRDA:84,2,1,0
BRDA:88,3,0,0
BRDA:88,3,1,0
BRDA:89,4,0,0
BRDA:89,4,1,0
BRDA:108,5,0,0
BRDA:108,5,1,0
BRDA:108,6,0,0
BRDA:108,6,1,0
BRDA:135,7,0,0
BRDA:135,7,1,0
BRDA:135,8,0,0
BRDA:135,8,1,0
BRDA:136,9,0,0
BRDA:136,9,1,0
BRDA:140,10,0,0
BRDA:140,10,1,0
BRDA:140,11,0,0
BRDA:140,11,1,0
BRDA:141,12,0,0
BRDA:141,12,1,0
BRDA:144,13,0,0
BRDA:144,13,1,0
BRDA:161,14,0,0
BRDA:161,14,1,0
BRDA:161,15,0,0
BRDA:161,15,1,0
BRDA:192,16,0,0
BRDA:192,16,1,0
BRDA:192,17,0,0
BRDA:192,17,1,0
BRDA:195,18,0,0
BRDA:195,18,1,0
BRDA:198,19,0,0
BRDA:198,19,1,0
BRDA:203,20,0,0
BRDA:203,20,1,0
BRDA:240,21,0,0
BRDA:240,21,1,0
BRDA:240,22,0,0
BRDA:240,22,1,0
BRDA:243,23,0,0
BRDA:243,23,1,0
BRDA:247,24,0,0
BRDA:247,24,1,0
BRDA:290,25,0,0
BRDA:290,25,1,0
BRDA:300,26,0,0
BRDA:300,26,1,0
BRDA:300,27,0,0
BRDA:300,27,1,0
BRDA:304,28,0,0
BRDA:304,28,1,0
BRDA:310,29,0,0
BRDA:310,29,1,0
BRDA:316,30,0,0
BRDA:316,30,1,0
BRF:62
BRH:0
end_of_record
TN:
SF:src/shared/store/slices/photo-prep-slice.ts
FN:22,(anonymous_0)
FN:25,(anonymous_1)
FNF:2
FNH:0
FNDA:0,(anonymous_0)
FNDA:0,(anonymous_1)
DA:14,0
DA:18,0
DA:23,0
DA:26,0
DA:31,0
LF:5
LH:0
BRF:0
BRH:0
end_of_record
TN:
SF:src/shared/store/slices/profile-slice.ts
FN:37,(anonymous_0)
FN:40,(anonymous_1)
FN:46,(anonymous_2)
FN:51,(anonymous_3)
FN:54,(anonymous_4)
FN:67,(anonymous_5)
FNF:6
FNH:0
FNDA:0,(anonymous_0)
FNDA:0,(anonymous_1)
FNDA:0,(anonymous_2)
FNDA:0,(anonymous_3)
FNDA:0,(anonymous_4)
FNDA:0,(anonymous_5)
DA:26,0
DA:33,0
DA:38,0
DA:41,0
DA:42,0
DA:43,0
DA:44,0
DA:47,0
DA:48,0
DA:49,0
DA:52,0
DA:58,0
DA:59,0
DA:65,0
DA:68,0
DA:69,0
DA:70,0
DA:71,0
DA:83,0
LF:19
LH:0
BRDA:58,0,0,0
BRDA:58,0,1,0
BRF:2
BRH:0
end_of_record
TN:
SF:src/shared/store/slices/progress-slice.ts
FN:59,(anonymous_0)
FN:62,(anonymous_1)
FN:67,(anonymous_2)
FN:71,(anonymous_3)
FN:80,(anonymous_4)
FN:89,(anonymous_5)
FNF:6
FNH:0
FNDA:0,(anonymous_0)
FNDA:0,(anonymous_1)
FNDA:0,(anonymous_2)
FNDA:0,(anonymous_3)
FNDA:0,(anonymous_4)
FNDA:0,(anonymous_5)
DA:49,0
DA:55,0
DA:60,0
DA:63,0
DA:64,0
DA:65,0
DA:68,0
DA:69,0
DA:75,0
DA:76,0
DA:77,0
DA:84,0
DA:85,0
DA:86,0
DA:90,0
DA:91,0
DA:92,0
DA:104,0
LF:18
LH:0
BRDA:75,0,0,0
BRDA:75,0,1,0
BRDA:84,1,0,0
BRDA:84,1,1,0
BRF:4
BRH:0
end_of_record
TN:
SF:src/shared/store/slices/session-slice.ts
FN:35,(anonymous_0)
FN:54,(anonymous_1)
FN:84,(anonymous_2)
FN:110,(anonymous_3)
FN:121,sessionProfileFromPayload
FN:143,(anonymous_5)
FN:167,(anonymous_6)
FN:198,(anonymous_7)
FN:202,(anonymous_8)
FN:204,(anonymous_9)
FN:209,(anonymous_10)
FN:214,(anonymous_11)
FN:218,(anonymous_12)
FN:221,(anonymous_13)
FN:228,(anonymous_14)
FNF:15
FNH:0
FNDA:0,(anonymous_0)
FNDA:0,(anonymous_1)
FNDA:0,(anonymous_2)
FNDA:0,(anonymous_3)
FNDA:0,sessionProfileFromPayload
FNDA:0,(anonymous_5)
FNDA:0,(anonymous_6)
FNDA:0,(anonymous_7)
FNDA:0,(anonymous_8)
FNDA:0,(anonymous_9)
FNDA:0,(anonymous_10)
FNDA:0,(anonymous_11)
FNDA:0,(anonymous_12)
FNDA:0,(anonymous_13)
FNDA:0,(anonymous_14)
DA:6,0
DA:7,0
DA:27,0
DA:33,0
DA:36,0
DA:37,0
DA:41,0
DA:44,0
DA:46,0
DA:47,0
DA:52,0
DA:58,0
DA:59,0
DA:60,0
DA:74,0
DA:76,0
DA:77,0
DA:82,0
DA:85,0
DA:86,0
DA:100,0
DA:102,0
DA:103,0
DA:108,0
DA:111,0
DA:112,0
DA:114,0
DA:115,0
DA:122,0
DA:141,0
DA:144,0
DA:145,0
DA:149,0
DA:150,0
DA:152,0
DA:154,0
DA:165,0
DA:171,0
DA:172,0
DA:176,0
DA:182,0
DA:183,0
DA:184,0
DA:185,0
DA:187,0
DA:189,0
DA:194,0
DA:199,0
DA:203,0
DA:205,0
DA:206,0
DA:207,0
DA:210,0
DA:211,0
DA:212,0
DA:215,0
DA:216,0
DA:219,0
DA:221,0
DA:225,0
DA:228,0
DA:229,0
LF:62
LH:0
BRDA:41,0,0,0
BRDA:41,0,1,0
BRDA:44,1,0,0
BRDA:44,1,1,0
BRDA:123,2,0,0
BRDA:123,2,1,0
BRDA:124,3,0,0
BRDA:124,3,1,0
BRDA:125,4,0,0
BRDA:125,4,1,0
BRDA:126,5,0,0
BRDA:126,5,1,0
BRDA:127,6,0,0
BRDA:127,6,1,0
BRDA:128,7,0,0
BRDA:128,7,1,0
BRDA:129,8,0,0
BRDA:129,8,1,0
BRDA:130,9,0,0
BRDA:130,9,1,0
BRDA:131,10,0,0
BRDA:131,10,1,0
BRDA:149,11,0,0
BRDA:149,11,1,0
BRDA:150,12,0,0
BRDA:150,12,1,0
BRDA:152,13,0,0
BRDA:152,13,1,0
BRDA:176,14,0,0
BRDA:176,14,1,0
BRDA:177,15,0,0
BRDA:177,15,1,0
BRDA:177,15,2,0
BRDA:177,15,3,0
BRF:34
BRH:0
end_of_record
TN:
SF:src/shared/store/slices/usercase-slice.ts
FN:30,(anonymous_0)
FN:33,(anonymous_1)
FN:36,(anonymous_2)
FN:47,(anonymous_3)
FNF:4
FNH:0
FNDA:0,(anonymous_0)
FNDA:0,(anonymous_1)
FNDA:0,(anonymous_2)
FNDA:0,(anonymous_3)
DA:21,0
DA:26,0
DA:31,0
DA:34,0
DA:40,0
DA:41,0
DA:43,0
DA:44,0
DA:48,0
DA:49,0
DA:59,0
LF:11
LH:0
BRDA:40,0,0,0
BRDA:40,0,1,0
BRDA:43,1,0,0
BRDA:43,1,1,0
BRF:4
BRH:0
end_of_record
TN:
SF:src/shared/theme/scaling.ts
FN:11,(anonymous_0)
FN:22,(anonymous_1)
FN:30,(anonymous_2)
FN:38,(anonymous_3)
FN:48,(anonymous_4)
FN:56,(anonymous_5)
FN:64,(anonymous_6)
FN:73,(anonymous_7)
FN:84,(anonymous_8)
FN:92,(anonymous_9)
FN:101,(anonymous_10)
FN:149,(anonymous_11)
FN:154,(anonymous_12)
FN:156,(anonymous_13)
FN:158,(anonymous_14)
FN:162,(anonymous_15)
FN:166,(anonymous_16)
FN:170,(anonymous_17)
FNF:18
FNH:0
FNDA:0,(anonymous_0)
FNDA:0,(anonymous_1)
FNDA:0,(anonymous_2)
FNDA:0,(anonymous_3)
FNDA:0,(anonymous_4)
FNDA:0,(anonymous_5)
FNDA:0,(anonymous_6)
FNDA:0,(anonymous_7)
FNDA:0,(anonymous_8)
FNDA:0,(anonymous_9)
FNDA:0,(anonymous_10)
FNDA:0,(anonymous_11)
FNDA:0,(anonymous_12)
FNDA:0,(anonymous_13)
FNDA:0,(anonymous_14)
FNDA:0,(anonymous_15)
FNDA:0,(anonymous_16)
FNDA:0,(anonymous_17)
DA:4,0
DA:5,0
DA:8,0
DA:11,0
DA:12,0
DA:13,0
DA:17,0
DA:18,0
DA:19,0
DA:22,0
DA:23,0
DA:24,0
DA:30,0
DA:31,0
DA:32,0
DA:38,0
DA:39,0
DA:40,0
DA:48,0
DA:49,0
DA:50,0
DA:56,0
DA:57,0
DA:58,0
DA:64,0
DA:65,0
DA:66,0
DA:73,0
DA:74,0
DA:76,0
DA:84,0
DA:85,0
DA:86,0
DA:92,0
DA:93,0
DA:101,0
DA:102,0
DA:108,0
DA:128,0
DA:137,0
DA:149,0
DA:150,0
DA:151,0
DA:153,0
DA:155,0
DA:157,0
DA:159,0
DA:160,0
DA:163,0
DA:164,0
DA:167,0
DA:168,0
DA:171,0
LF:53
LH:0
BRDA:8,0,0,0
BRDA:8,0,1,0
BRDA:48,1,0,0
BRDA:56,2,0,0
BRDA:76,3,0,0
BRDA:76,3,1,0
BRDA:101,4,0,0
BRDA:158,5,0,0
BRDA:162,6,0,0
BRF:9
BRH:0
end_of_record
TN:
SF:src/shared/theme/theme.ts
FNF:0
FNH:0
DA:8,0
DA:9,0
DA:11,0
DA:263,0
DA:391,0
DA:404,0
DA:414,0
DA:455,0
DA:481,0
LF:9
LH:0
BRF:0
BRH:0
end_of_record
TN:
SF:src/shared/theme/typography.ts
FN:10,(anonymous_0)
FNF:1
FNH:0
FNDA:0,(anonymous_0)
DA:10,0
DA:11,0
DA:12,0
DA:18,0
DA:33,0
LF:5
LH:0
BRDA:22,0,0,0
BRDA:22,0,1,0
BRDA:40,1,0,0
BRDA:40,1,1,0
BRDA:49,2,0,0
BRDA:49,2,1,0
BRDA:58,3,0,0
BRDA:58,3,1,0
BRDA:67,4,0,0
BRDA:67,4,1,0
BRF:10
BRH:0
end_of_record
TN:
SF:src/shared/utils/date-helpers.ts
FN:4,(anonymous_0)
FN:11,(anonymous_1)
FN:25,(anonymous_2)
FN:56,(anonymous_3)
FN:76,(anonymous_4)
FN:99,(anonymous_5)
FNF:6
FNH:6
FNDA:7,(anonymous_0)
FNDA:3,(anonymous_1)
FNDA:6,(anonymous_2)
FNDA:4,(anonymous_3)
FNDA:3,(anonymous_4)
FNDA:12,(anonymous_5)
DA:4,7
DA:11,1
DA:12,3
DA:13,3
DA:14,3
DA:15,3
DA:16,3
DA:17,3
DA:18,3
DA:19,3
DA:20,3
DA:22,3
DA:25,1
DA:26,6
DA:27,6
DA:29,6
DA:30,6
DA:36,6
DA:37,1
DA:40,5
DA:41,5
DA:42,5
DA:43,5
DA:45,5
DA:46,1
DA:47,4
DA:48,2
DA:49,2
DA:50,2
DA:52,0
DA:56,1
DA:57,4
DA:58,4
DA:59,4
DA:60,4
DA:61,4
DA:62,4
DA:64,4
DA:65,4
DA:66,4
DA:68,4
DA:74,4
DA:76,4
DA:77,3
DA:78,3
DA:84,3
DA:85,1
DA:86,2
DA:87,1
DA:88,1
DA:89,1
DA:91,0
DA:92,0
DA:93,0
DA:95,0
DA:99,4
DA:100,12
DA:101,9
DA:105,4
LF:59
LH:54
BRDA:19,0,0,1
BRDA:19,0,1,2
BRDA:20,1,0,3
BRDA:20,1,1,0
BRDA:36,2,0,1
BRDA:36,2,1,5
BRDA:45,3,0,1
BRDA:45,3,1,4
BRDA:47,4,0,2
BRDA:47,4,1,2
BRDA:48,5,0,1
BRDA:48,5,1,1
BRDA:49,6,0,2
BRDA:49,6,1,0
BRDA:50,7,0,1
BRDA:50,7,1,1
BRDA:84,8,0,1
BRDA:84,8,1,2
BRDA:86,9,0,1
BRDA:86,9,1,1
BRDA:88,10,0,1
BRDA:88,10,1,0
BRDA:92,11,0,0
BRDA:92,11,1,0
BRDA:100,12,0,9
BRDA:100,12,1,3
BRF:26
BRH:21
end_of_record
TN:
SF:src/shared/utils/notifications.ts
FN:5,(anonymous_0)
FN:14,requestNotificationPermissions
FN:22,scheduleNightRoutineReminder
FN:23,(anonymous_3)
FN:41,scheduleMorningRoutineReminder
FN:42,(anonymous_5)
FN:60,sendLocalNotification
FN:76,setupScheduledNotifications
FNF:8
FNH:0
FNDA:0,(anonymous_0)
FNDA:0,requestNotificationPermissions
FNDA:0,scheduleNightRoutineReminder
FNDA:0,(anonymous_3)
FNDA:0,scheduleMorningRoutineReminder
FNDA:0,(anonymous_5)
FNDA:0,sendLocalNotification
FNDA:0,setupScheduledNotifications
DA:4,0
DA:5,0
DA:15,0
DA:16,0
DA:18,0
DA:19,0
DA:23,0
DA:25,0
DA:42,0
DA:44,0
DA:65,0
DA:77,0
DA:78,0
DA:80,0
DA:81,0
DA:90,0
DA:91,0
LF:17
LH:0
BRDA:16,0,0,0
BRDA:16,0,1,0
BRDA:70,1,0,0
BRDA:70,1,1,0
BRDA:78,2,0,0
BRDA:78,2,1,0
BRDA:80,3,0,0
BRDA:80,3,1,0
BRF:8
BRH:0
end_of_record
TN:
SF:src/shared/utils/performance.ts
FN:12,(anonymous_0)
FN:37,(anonymous_1)
FN:41,(anonymous_2)
FN:46,(anonymous_3)
FN:48,(anonymous_4)
FN:59,(anonymous_5)
FN:63,(anonymous_6)
FN:64,(anonymous_7)
FN:81,(anonymous_8)
FN:85,(anonymous_9)
FN:101,(anonymous_10)
FN:120,(anonymous_11)
FN:125,(anonymous_12)
FN:143,(anonymous_13)
FN:145,(anonymous_14)
FN:149,(anonymous_15)
FN:165,(anonymous_16)
FN:179,(anonymous_17)
FN:182,(anonymous_18)
FNF:19
FNH:0
FNDA:0,(anonymous_0)
FNDA:0,(anonymous_1)
FNDA:0,(anonymous_2)
FNDA:0,(anonymous_3)
FNDA:0,(anonymous_4)
FNDA:0,(anonymous_5)
FNDA:0,(anonymous_6)
FNDA:0,(anonymous_7)
FNDA:0,(anonymous_8)
FNDA:0,(anonymous_9)
FNDA:0,(anonymous_10)
FNDA:0,(anonymous_11)
FNDA:0,(anonymous_12)
FNDA:0,(anonymous_13)
FNDA:0,(anonymous_14)
FNDA:0,(anonymous_15)
FNDA:0,(anonymous_16)
FNDA:0,(anonymous_17)
FNDA:0,(anonymous_18)
DA:12,0
DA:16,0
DA:18,0
DA:19,0
DA:20,0
DA:21,0
DA:23,0
DA:25,0
DA:27,0
DA:28,0
DA:29,0
DA:30,0
DA:37,0
DA:38,0
DA:40,0
DA:42,0
DA:43,0
DA:47,0
DA:48,0
DA:49,0
DA:50,0
DA:59,0
DA:63,0
DA:64,0
DA:65,0
DA:66,0
DA:67,0
DA:69,0
DA:79,0
DA:82,0
DA:86,0
DA:87,0
DA:89,0
DA:90,0
DA:91,0
DA:94,0
DA:95,0
DA:96,0
DA:98,0
DA:102,0
DA:103,0
DA:105,0
DA:110,0
DA:116,0
DA:117,0
DA:118,0
DA:121,0
DA:122,0
DA:125,0
DA:126,0
DA:127,0
DA:129,0
DA:130,0
DA:131,0
DA:134,0
DA:135,0
DA:139,0
DA:140,0
DA:144,0
DA:145,0
DA:146,0
DA:150,0
DA:151,0
DA:152,0
DA:155,0
DA:156,0
DA:158,0
DA:165,0
DA:166,0
DA:167,0
DA:168,0
DA:179,0
DA:180,0
DA:182,0
DA:183,0
DA:184,0
LF:76
LH:0
BRDA:89,0,0,0
BRDA:89,0,1,0
BRDA:89,1,0,0
BRDA:89,1,1,0
BRDA:95,2,0,0
BRDA:95,2,1,0
BRDA:102,3,0,0
BRDA:102,3,1,0
BRDA:129,4,0,0
BRDA:129,4,1,0
BRDA:134,5,0,0
BRDA:134,5,1,0
BRDA:144,6,0,0
BRDA:144,6,1,0
BRDA:150,7,0,0
BRDA:150,7,1,0
BRDA:166,8,0,0
BRDA:166,8,1,0
BRDA:166,9,0,0
BRDA:166,9,1,0
BRF:20
BRH:0
end_of_record
TN:
SF:src/shared/utils/auth-utils/index.ts
FNF:0
FNH:0
LF:0
LH:0
BRF:0
BRH:0
end_of_record
TN:
SF:src/shared/utils/auth-utils/phone.ts
FN:5,formatPhoneNumber
FN:21,cleanAndLimitPhoneInput
FNF:2
FNH:2
FNDA:12,formatPhoneNumber
FNDA:5,cleanAndLimitPhoneInput
DA:6,12
DA:7,11
DA:9,11
DA:10,3
DA:12,8
DA:13,3
DA:15,5
DA:22,5
DA:23,5
LF:9
LH:9
BRDA:6,0,0,1
BRDA:6,0,1,11
BRDA:9,1,0,3
BRDA:9,1,1,8
BRDA:12,2,0,3
BRDA:12,2,1,5
BRF:6
BRH:6
end_of_record
